<?xml version="1.0" encoding="UTF-8"?>
<!-- Generated by org.testng.reporters.JUnitXMLReporter -->
<testsuite hostname="Veeranti" ignored="1" name="Free CRM App Test Cases" tests="7" failures="0" timestamp="28 Jul 2018 16:09:51 GMT" time="125.465" errors="0">
  <testcase name="VerifyPageLablesTest" time="0.241" classname="com.HRM.testcases.AddJobTitlePageTest"/>
  <testcase name="VerifyInsertTitleDataTest" time="2.578" classname="com.HRM.testcases.AddJobTitlePageTest"/>
  <testcase name="VerifyInsertTitleDataTest" time="0.851" classname="com.HRM.testcases.AddJobTitlePageTest"/>
  <testcase name="VerifyInsertTitleDataTest" time="2.712" classname="com.HRM.testcases.AddJobTitlePageTest"/>
  <testcase name="VerifyDeleteJobTitlesTest" time="0.31" classname="com.HRM.testcases.JobTitlesPageTest"/>
  <testcase name="VerifyDeleteJobTitlesTest" time="0.332" classname="com.HRM.testcases.JobTitlesPageTest"/>
  <testcase name="VerifyClickOnCancelTest" time="0.977" classname="com.HRM.testcases.AddJobTitlePageTest"/>
  <testcase name="VerifyAddJobTitlesTest" time="0.0" classname="com.HRM.testcases.JobTitlesPageTest">
    <ignored/>
  </testcase> <!-- VerifyAddJobTitlesTest -->
</testsuite> <!-- Free CRM App Test Cases -->
