<?xml version="1.0" encoding="UTF-8"?>
<!-- Generated by org.testng.reporters.JUnitXMLReporter -->
<testsuite hostname="Veeranti" ignored="6" tests="0" failures="0" timestamp="22 Jul 2018 03:59:27 GMT" time="0.007" errors="0">
  <testcase name="verifyAdminHomePageUserTest" time="0.0" classname="com.HRM.testcases.AdminHomePageTest">
    <ignored/>
  </testcase> <!-- verifyAdminHomePageUserTest -->
  <testcase name="verifyAdminChangePasswordLinkTest" time="0.0" classname="com.HRM.testcases.AdminHomePageTest">
    <ignored/>
  </testcase> <!-- verifyAdminChangePasswordLinkTest -->
  <testcase name="verifyHomeLogoTest" time="0.0" classname="com.HRM.testcases.AdminHomePageTest">
    <ignored/>
  </testcase> <!-- verifyHomeLogoTest -->
  <testcase name="verifyAdminAboutLinkTest" time="0.0" classname="com.HRM.testcases.AdminHomePageTest">
    <ignored/>
  </testcase> <!-- verifyAdminAboutLinkTest -->
  <testcase name="verifyAdminLogoutLinkTest" time="0.0" classname="com.HRM.testcases.AdminHomePageTest">
    <ignored/>
  </testcase> <!-- verifyAdminLogoutLinkTest -->
  <testcase name="verifyHomePageTitleTest" time="0.0" classname="com.HRM.testcases.AdminHomePageTest">
    <ignored/>
  </testcase> <!-- verifyHomePageTitleTest -->
</testsuite>
