<?xml version="1.0" encoding="UTF-8"?>
<!-- Generated by org.testng.reporters.JUnitXMLReporter -->
<testsuite hostname="Veeranti" ignored="1" name="Default test" tests="2" failures="0" timestamp="28 Jul 2018 16:20:55 GMT" time="30.427" errors="0">
  <testcase name="VerifyDeleteJobTitlesTest" time="0.436" classname="com.HRM.testcases.JobTitlesPageTest"/>
  <testcase name="VerifyDeleteJobTitlesTest" time="0.454" classname="com.HRM.testcases.JobTitlesPageTest"/>
  <testcase name="VerifyAddJobTitlesTest" time="0.0" classname="com.HRM.testcases.JobTitlesPageTest">
    <ignored/>
  </testcase> <!-- VerifyAddJobTitlesTest -->
</testsuite> <!-- Default test -->
