<?xml version="1.0" encoding="UTF-8"?>
<!-- Generated by org.testng.reporters.JUnitXMLReporter -->
<testsuite hostname="Veeranti" ignored="12" name="Default test" tests="1" failures="0" timestamp="22 Jul 2018 17:39:40 GMT" time="22.073" errors="0">
  <testcase name="verifyHomeLogoTest" time="3.745" classname="com.HRM.testcases.AdminHomePageTest"/>
  <testcase name="verifyAdminHomePageUserTest" time="0.0" classname="com.HRM.testcases.AdminHomePageTest">
    <ignored/>
  </testcase> <!-- verifyAdminHomePageUserTest -->
  <testcase name="verifyLeavePageLinkTest" time="0.0" classname="com.HRM.testcases.AdminHomePageTest">
    <ignored/>
  </testcase> <!-- verifyLeavePageLinkTest -->
  <testcase name="verifyAdminChangePasswordLinkTest" time="0.0" classname="com.HRM.testcases.AdminHomePageTest">
    <ignored/>
  </testcase> <!-- verifyAdminChangePasswordLinkTest -->
  <testcase name="verifyTimePageLinkTest" time="0.0" classname="com.HRM.testcases.AdminHomePageTest">
    <ignored/>
  </testcase> <!-- verifyTimePageLinkTest -->
  <testcase name="verifyAdminDashboardLinkTest" time="0.0" classname="com.HRM.testcases.AdminHomePageTest">
    <ignored/>
  </testcase> <!-- verifyAdminDashboardLinkTest -->
  <testcase name="verifyAdminAboutLinkTest" time="0.0" classname="com.HRM.testcases.AdminHomePageTest">
    <ignored/>
  </testcase> <!-- verifyAdminAboutLinkTest -->
  <testcase name="verifyPerformancePageLinkTest" time="0.0" classname="com.HRM.testcases.AdminHomePageTest">
    <ignored/>
  </testcase> <!-- verifyPerformancePageLinkTest -->
  <testcase name="verifyPIMPageLinkTest" time="0.0" classname="com.HRM.testcases.AdminHomePageTest">
    <ignored/>
  </testcase> <!-- verifyPIMPageLinkTest -->
  <testcase name="verifyAdminLogoutLinkTest" time="0.0" classname="com.HRM.testcases.AdminHomePageTest">
    <ignored/>
  </testcase> <!-- verifyAdminLogoutLinkTest -->
  <testcase name="verifyRecruitmentPageLinkTest" time="0.0" classname="com.HRM.testcases.AdminHomePageTest">
    <ignored/>
  </testcase> <!-- verifyRecruitmentPageLinkTest -->
  <testcase name="verifyDirectoryPageLinkTest" time="0.0" classname="com.HRM.testcases.AdminHomePageTest">
    <ignored/>
  </testcase> <!-- verifyDirectoryPageLinkTest -->
  <testcase name="verifyHomePageTitleTest" time="0.0" classname="com.HRM.testcases.AdminHomePageTest">
    <ignored/>
  </testcase> <!-- verifyHomePageTitleTest -->
</testsuite> <!-- Default test -->
