<?xml version="1.0" encoding="UTF-8"?>
<!-- Generated by org.testng.reporters.JUnitXMLReporter -->
<testsuite hostname="Veeranti" ignored="0" name="Default test" tests="12" failures="0" timestamp="03 Sep 2018 05:12:06 GMT" time="580.974" errors="0">
  <testcase name="VerifyNationalityPageHeaderTest" time="0.147" classname="com.HRM.testcases.NationalitiesPageTest"/>
  <testcase name="VerifyAddNationalityPageHeaderTest" time="0.65" classname="com.HRM.testcases.NationalitiesPageTest"/>
  <testcase name="VerifyAddNationalityTest" time="16.119" classname="com.HRM.testcases.NationalitiesPageTest"/>
  <testcase name="VerifyAddNationalityTest" time="10.94" classname="com.HRM.testcases.NationalitiesPageTest"/>
  <testcase name="VerifyAddNationalityTest" time="11.253" classname="com.HRM.testcases.NationalitiesPageTest"/>
  <testcase name="VerifyAddNationalityTest" time="6.549" classname="com.HRM.testcases.NationalitiesPageTest"/>
  <testcase name="VerifyDeleteNationalityTest" time="8.859" classname="com.HRM.testcases.NationalitiesPageTest"/>
  <testcase name="VerifyDeleteNationalityTest" time="8.583" classname="com.HRM.testcases.NationalitiesPageTest"/>
  <testcase name="VerifyDeleteNationalityTest" time="6.878" classname="com.HRM.testcases.NationalitiesPageTest"/>
  <testcase name="VerifyEditNationalityTest" time="10.973" classname="com.HRM.testcases.NationalitiesPageTest"/>
  <testcase name="VerifyEditNationalityTest" time="9.968" classname="com.HRM.testcases.NationalitiesPageTest"/>
  <testcase name="VerifyEditNationalityTest" time="6.95" classname="com.HRM.testcases.NationalitiesPageTest"/>
</testsuite> <!-- Default test -->
