<?xml version="1.0" encoding="UTF-8"?>
<!-- Generated by org.testng.reporters.JUnitXMLReporter -->
<testsuite hostname="Veeranti" ignored="0" name="Default test" tests="9" failures="0" timestamp="27 Aug 2018 06:38:48 GMT" time="182.769" errors="0">
  <testcase name="VerifylicensesPageHeaderTest" time="0.096" classname="com.HRM.testcases.LicensesPageTest"/>
  <testcase name="VerifyAddlicensesPageHeaderTest" time="0.366" classname="com.HRM.testcases.LicensesPageTest"/>
  <testcase name="VerifyAddLicenseTest" time="2.867" classname="com.HRM.testcases.LicensesPageTest"/>
  <testcase name="VerifyAddLicenseTest" time="0.593" classname="com.HRM.testcases.LicensesPageTest"/>
  <testcase name="VerifyAddLicenseTest" time="2.076" classname="com.HRM.testcases.LicensesPageTest"/>
  <testcase name="VerifyDeleteSkillTest" time="2.027" classname="com.HRM.testcases.LicensesPageTest"/>
  <testcase name="VerifyEditLicenseTest" time="4.707" classname="com.HRM.testcases.LicensesPageTest"/>
  <testcase name="VerifyEditLicenseTest" time="2.406" classname="com.HRM.testcases.LicensesPageTest"/>
  <testcase name="VerifyEditLicenseTest" time="0.772" classname="com.HRM.testcases.LicensesPageTest"/>
</testsuite> <!-- Default test -->
