<?xml version="1.0" encoding="UTF-8"?>
<!-- Generated by org.testng.reporters.JUnitXMLReporter -->
<testsuite hostname="Veeranti" ignored="9" name="Default test" tests="1" failures="0" timestamp="25 Jul 2018 07:16:15 GMT" time="45.698" errors="0">
  <testcase name="verifyAssignLeaveMenuTest" time="1.35" classname="com.HRM.testcases.LeavePageTest"/>
  <testcase name="verifyLeaveTypesMenuTest" time="0.0" classname="com.HRM.testcases.LeavePageTest">
    <ignored/>
  </testcase> <!-- verifyLeaveTypesMenuTest -->
  <testcase name="verifyLeaveUsageReportMenuTest" time="0.0" classname="com.HRM.testcases.LeavePageTest">
    <ignored/>
  </testcase> <!-- verifyLeaveUsageReportMenuTest -->
  <testcase name="verifyAddEntitlementsMenuTest" time="0.0" classname="com.HRM.testcases.LeavePageTest">
    <ignored/>
  </testcase> <!-- verifyAddEntitlementsMenuTest -->
  <testcase name="verifyLeaveLeaveListMenuTest" time="0.0" classname="com.HRM.testcases.LeavePageTest">
    <ignored/>
  </testcase> <!-- verifyLeaveLeaveListMenuTest -->
  <testcase name="verifyLeavePeriodMenuTest" time="0.0" classname="com.HRM.testcases.LeavePageTest">
    <ignored/>
  </testcase> <!-- verifyLeavePeriodMenuTest -->
  <testcase name="verifyWorkWeekPageMenuTest" time="0.0" classname="com.HRM.testcases.LeavePageTest">
    <ignored/>
  </testcase> <!-- verifyWorkWeekPageMenuTest -->
  <testcase name="verifyEmployeeEntitlementsMenuTest" time="0.0" classname="com.HRM.testcases.LeavePageTest">
    <ignored/>
  </testcase> <!-- verifyEmployeeEntitlementsMenuTest -->
  <testcase name="verifyHolidaysMenuTest" time="0.0" classname="com.HRM.testcases.LeavePageTest">
    <ignored/>
  </testcase> <!-- verifyHolidaysMenuTest -->
  <testcase name="verifyLeavePageHeaderTest" time="0.0" classname="com.HRM.testcases.LeavePageTest">
    <ignored/>
  </testcase> <!-- verifyLeavePageHeaderTest -->
</testsuite> <!-- Default test -->
