<?xml version="1.0" encoding="UTF-8"?>
<!-- Generated by org.testng.reporters.JUnitXMLReporter -->
<testsuite hostname="Veeranti" ignored="0" name="Default test" tests="3" failures="0" timestamp="23 Jul 2018 06:25:33 GMT" time="61.384" errors="0">
  <testcase name="verifyAddRoleTest" time="2.174" classname="com.HRM.testcases.AdminModulePageTest"/>
  <testcase name="verifyDeleteRoleTest" time="0.155" classname="com.HRM.testcases.AdminModulePageTest"/>
  <testcase name="verifyUserRoleDataTest" time="0.357" classname="com.HRM.testcases.AdminModulePageTest"/>
</testsuite> <!-- Default test -->
