<?xml version="1.0" encoding="UTF-8"?>
<!-- Generated by org.testng.reporters.JUnitXMLReporter -->
<testsuite hostname="Veeranti" ignored="4" name="Default test" tests="3" failures="0" timestamp="01 Sep 2018 05:55:04 GMT" time="44.957" errors="0">
  <testcase name="VerifyEditMembershipsTest" time="2.608" classname="com.HRM.testcases.MembershipsPageTest"/>
  <testcase name="VerifyEditMembershipsTest" time="2.311" classname="com.HRM.testcases.MembershipsPageTest"/>
  <testcase name="VerifyEditMembershipsTest" time="1.041" classname="com.HRM.testcases.MembershipsPageTest"/>
  <testcase name="VerifyDeleteMembershipsTest" time="0.0" classname="com.HRM.testcases.MembershipsPageTest">
    <ignored/>
  </testcase> <!-- VerifyDeleteMembershipsTest -->
  <testcase name="VerifyAddMembershipsTest" time="0.0" classname="com.HRM.testcases.MembershipsPageTest">
    <ignored/>
  </testcase> <!-- VerifyAddMembershipsTest -->
  <testcase name="VerifyAddmembershipPageHeaderTest" time="0.0" classname="com.HRM.testcases.MembershipsPageTest">
    <ignored/>
  </testcase> <!-- VerifyAddmembershipPageHeaderTest -->
  <testcase name="VerifymembershipPageHeaderTest" time="0.0" classname="com.HRM.testcases.MembershipsPageTest">
    <ignored/>
  </testcase> <!-- VerifymembershipPageHeaderTest -->
</testsuite> <!-- Default test -->
