<?xml version="1.0" encoding="UTF-8"?>
<!-- Generated by org.testng.reporters.JUnitXMLReporter -->
<testsuite hostname="Veeranti" ignored="1" name="Default test" tests="1" failures="0" timestamp="24 Aug 2018 04:24:55 GMT" time="47.386" errors="0">
  <testcase name="VerifyModifyOrgStructureTest" time="2.895" classname="com.HRM.testcases.StructurePageTest"/>
  <testcase name="VerifyStructurePageHeaderTest" time="0.0" classname="com.HRM.testcases.StructurePageTest">
    <ignored/>
  </testcase> <!-- VerifyStructurePageHeaderTest -->
</testsuite> <!-- Default test -->
