<?xml version="1.0" encoding="UTF-8"?>
<!-- Generated by org.testng.reporters.JUnitXMLReporter -->
<testsuite hostname="Veeranti" ignored="2" name="Default test" tests="2" failures="0" timestamp="13 Aug 2018 06:36:54 GMT" time="45.074" errors="0">
  <testcase name="VerifyDeleteJobTitlesTest" time="0.453" classname="com.HRM.testcases.LocationsPageTest"/>
  <testcase name="VerifyDeleteJobTitlesTest" time="2.12" classname="com.HRM.testcases.LocationsPageTest"/>
  <testcase name="VerifyAddLocationsTest" time="0.0" classname="com.HRM.testcases.LocationsPageTest">
    <ignored/>
  </testcase> <!-- VerifyAddLocationsTest -->
  <testcase name="VerifyJobTitlesPageHeaderTest" time="0.0" classname="com.HRM.testcases.LocationsPageTest">
    <ignored/>
  </testcase> <!-- VerifyJobTitlesPageHeaderTest -->
</testsuite> <!-- Default test -->
