<?xml version="1.0" encoding="UTF-8"?>
<testng-results skipped="0" failed="0" ignored="0" total="3" passed="3">
  <reporter-output>
  </reporter-output>
  <suite name="Default suite" duration-ms="61384" started-at="2018-07-23T06:24:31Z" finished-at="2018-07-23T06:25:33Z">
    <groups>
    </groups>
    <test name="Default test" duration-ms="61384" started-at="2018-07-23T06:24:31Z" finished-at="2018-07-23T06:25:33Z">
      <class name="com.HRM.testcases.AdminModulePageTest">
        <test-method status="PASS" signature="setUp()[pri:0, instance:com.HRM.testcases.AdminModulePageTest@100df86]" name="setUp" is-config="true" duration-ms="21336" started-at="2018-07-23T11:54:31Z" finished-at="2018-07-23T11:54:53Z">
          <reporter-output>
          </reporter-output>
        </test-method> <!-- setUp -->
        <test-method status="PASS" signature="verifyAddRoleTest()[pri:1, instance:com.HRM.testcases.AdminModulePageTest@100df86]" name="verifyAddRoleTest" duration-ms="2174" started-at="2018-07-23T11:54:53Z" finished-at="2018-07-23T11:54:55Z">
          <reporter-output>
          </reporter-output>
        </test-method> <!-- verifyAddRoleTest -->
        <test-method status="PASS" signature="tearDown()[pri:0, instance:com.HRM.testcases.AdminModulePageTest@100df86]" name="tearDown" is-config="true" duration-ms="155" started-at="2018-07-23T11:54:55Z" finished-at="2018-07-23T11:54:55Z">
          <reporter-output>
          </reporter-output>
        </test-method> <!-- tearDown -->
        <test-method status="PASS" signature="setUp()[pri:0, instance:com.HRM.testcases.AdminModulePageTest@100df86]" name="setUp" is-config="true" duration-ms="16119" started-at="2018-07-23T11:54:55Z" finished-at="2018-07-23T11:55:11Z">
          <reporter-output>
          </reporter-output>
        </test-method> <!-- setUp -->
        <test-method status="PASS" signature="verifyDeleteRoleTest()[pri:2, instance:com.HRM.testcases.AdminModulePageTest@100df86]" name="verifyDeleteRoleTest" duration-ms="155" started-at="2018-07-23T11:55:11Z" finished-at="2018-07-23T11:55:11Z">
          <reporter-output>
          </reporter-output>
        </test-method> <!-- verifyDeleteRoleTest -->
        <test-method status="PASS" signature="tearDown()[pri:0, instance:com.HRM.testcases.AdminModulePageTest@100df86]" name="tearDown" is-config="true" duration-ms="2059" started-at="2018-07-23T11:55:11Z" finished-at="2018-07-23T11:55:13Z">
          <reporter-output>
          </reporter-output>
        </test-method> <!-- tearDown -->
        <test-method status="PASS" signature="setUp()[pri:0, instance:com.HRM.testcases.AdminModulePageTest@100df86]" name="setUp" is-config="true" duration-ms="16668" started-at="2018-07-23T11:55:13Z" finished-at="2018-07-23T11:55:30Z">
          <reporter-output>
          </reporter-output>
        </test-method> <!-- setUp -->
        <test-method status="PASS" signature="verifyUserRoleDataTest()[pri:3, instance:com.HRM.testcases.AdminModulePageTest@100df86]" name="verifyUserRoleDataTest" duration-ms="357" started-at="2018-07-23T11:55:30Z" finished-at="2018-07-23T11:55:30Z">
          <reporter-output>
          </reporter-output>
        </test-method> <!-- verifyUserRoleDataTest -->
        <test-method status="PASS" signature="tearDown()[pri:0, instance:com.HRM.testcases.AdminModulePageTest@100df86]" name="tearDown" is-config="true" duration-ms="2316" started-at="2018-07-23T11:55:30Z" finished-at="2018-07-23T11:55:33Z">
          <reporter-output>
          </reporter-output>
        </test-method> <!-- tearDown -->
      </class> <!-- com.HRM.testcases.AdminModulePageTest -->
    </test> <!-- Default test -->
  </suite> <!-- Default suite -->
</testng-results>
