<?xml version="1.0" encoding="UTF-8"?>
<testng-results skipped="0" failed="1" ignored="0" total="4" passed="3">
  <reporter-output>
  </reporter-output>
  <suite name="Orange HRM Test Suite" duration-ms="159664" started-at="2018-07-13T07:20:32Z" finished-at="2018-07-13T07:23:11Z">
    <groups>
    </groups>
    <test name="Orange HRM Test Cases" duration-ms="159664" started-at="2018-07-13T07:20:32Z" finished-at="2018-07-13T07:23:11Z">
      <class name="com.HRM.testcases.LoginPageTest">
        <test-method status="PASS" signature="SetUp()[pri:0, instance:com.HRM.testcases.LoginPageTest@2a079c]" name="SetUp" is-config="true" duration-ms="36158" started-at="2018-07-13T12:50:32Z" finished-at="2018-07-13T12:51:08Z">
          <reporter-output>
          </reporter-output>
        </test-method> <!-- SetUp -->
        <test-method status="PASS" signature="ValidateLoginPageTitleTest()[pri:1, instance:com.HRM.testcases.LoginPageTest@2a079c]" name="ValidateLoginPageTitleTest" duration-ms="23" started-at="2018-07-13T12:51:08Z" finished-at="2018-07-13T12:51:08Z">
          <reporter-output>
          </reporter-output>
        </test-method> <!-- ValidateLoginPageTitleTest -->
        <test-method status="PASS" signature="TearDown()[pri:0, instance:com.HRM.testcases.LoginPageTest@2a079c]" name="TearDown" is-config="true" duration-ms="2037" started-at="2018-07-13T12:51:08Z" finished-at="2018-07-13T12:51:10Z">
          <reporter-output>
          </reporter-output>
        </test-method> <!-- TearDown -->
        <test-method status="PASS" signature="SetUp()[pri:0, instance:com.HRM.testcases.LoginPageTest@2a079c]" name="SetUp" is-config="true" duration-ms="33307" started-at="2018-07-13T12:51:10Z" finished-at="2018-07-13T12:51:43Z">
          <reporter-output>
          </reporter-output>
        </test-method> <!-- SetUp -->
        <test-method status="PASS" signature="ValidateLoginPageLogoTest()[pri:2, instance:com.HRM.testcases.LoginPageTest@2a079c]" name="ValidateLoginPageLogoTest" duration-ms="63" started-at="2018-07-13T12:51:43Z" finished-at="2018-07-13T12:51:43Z">
          <reporter-output>
          </reporter-output>
        </test-method> <!-- ValidateLoginPageLogoTest -->
        <test-method status="PASS" signature="TearDown()[pri:0, instance:com.HRM.testcases.LoginPageTest@2a079c]" name="TearDown" is-config="true" duration-ms="117" started-at="2018-07-13T12:51:43Z" finished-at="2018-07-13T12:51:44Z">
          <reporter-output>
          </reporter-output>
        </test-method> <!-- TearDown -->
        <test-method status="PASS" signature="SetUp()[pri:0, instance:com.HRM.testcases.LoginPageTest@2a079c]" name="SetUp" is-config="true" duration-ms="32920" started-at="2018-07-13T12:51:44Z" finished-at="2018-07-13T12:52:16Z">
          <reporter-output>
          </reporter-output>
        </test-method> <!-- SetUp -->
        <test-method status="FAIL" signature="ValidateAdminCredintialsTest()[pri:3, instance:com.HRM.testcases.LoginPageTest@2a079c]" name="ValidateAdminCredintialsTest" duration-ms="13447" started-at="2018-07-13T12:52:16Z" finished-at="2018-07-13T12:52:30Z">
          <exception class="java.lang.AssertionError">
            <message>
              <![CDATA[Test Fail expected [OrangeHrm] but found [Leave Period]]]>
            </message>
            <full-stacktrace>
              <![CDATA[java.lang.AssertionError: Test Fail expected [OrangeHrm] but found [Leave Period]
	at org.testng.Assert.fail(Assert.java:93)
	at org.testng.Assert.failNotEquals(Assert.java:512)
	at org.testng.Assert.assertEqualsImpl(Assert.java:134)
	at org.testng.Assert.assertEquals(Assert.java:115)
	at org.testng.Assert.assertEquals(Assert.java:189)
	at com.HRM.testcases.LoginPageTest.ValidateAdminCredintialsTest(LoginPageTest.java:54)
	at sun.reflect.NativeMethodAccessorImpl.invoke0(Native Method)
	at sun.reflect.NativeMethodAccessorImpl.invoke(NativeMethodAccessorImpl.java:62)
	at sun.reflect.DelegatingMethodAccessorImpl.invoke(DelegatingMethodAccessorImpl.java:43)
	at java.lang.reflect.Method.invoke(Method.java:497)
	at org.testng.internal.MethodInvocationHelper.invokeMethod(MethodInvocationHelper.java:108)
	at org.testng.internal.Invoker.invokeMethod(Invoker.java:661)
	at org.testng.internal.Invoker.invokeTestMethod(Invoker.java:869)
	at org.testng.internal.Invoker.invokeTestMethods(Invoker.java:1193)
	at org.testng.internal.TestMethodWorker.invokeTestMethods(TestMethodWorker.java:126)
	at org.testng.internal.TestMethodWorker.run(TestMethodWorker.java:109)
	at org.testng.TestRunner.privateRun(TestRunner.java:744)
	at org.testng.TestRunner.run(TestRunner.java:602)
	at org.testng.SuiteRunner.runTest(SuiteRunner.java:380)
	at org.testng.SuiteRunner.runSequentially(SuiteRunner.java:375)
	at org.testng.SuiteRunner.privateRun(SuiteRunner.java:340)
	at org.testng.SuiteRunner.run(SuiteRunner.java:289)
	at org.testng.SuiteRunnerWorker.runSuite(SuiteRunnerWorker.java:52)
	at org.testng.SuiteRunnerWorker.run(SuiteRunnerWorker.java:86)
	at org.testng.TestNG.runSuitesSequentially(TestNG.java:1301)
	at org.testng.TestNG.runSuitesLocally(TestNG.java:1226)
	at org.testng.TestNG.runSuites(TestNG.java:1144)
	at org.testng.TestNG.run(TestNG.java:1115)
	at org.testng.remote.AbstractRemoteTestNG.run(AbstractRemoteTestNG.java:114)
	at org.testng.remote.RemoteTestNG.initAndRun(RemoteTestNG.java:251)
	at org.testng.remote.RemoteTestNG.main(RemoteTestNG.java:77)
]]>
            </full-stacktrace>
          </exception> <!-- java.lang.AssertionError -->
          <reporter-output>
          </reporter-output>
        </test-method> <!-- ValidateAdminCredintialsTest -->
        <test-method status="PASS" signature="TearDown()[pri:0, instance:com.HRM.testcases.LoginPageTest@2a079c]" name="TearDown" is-config="true" duration-ms="198" started-at="2018-07-13T12:52:30Z" finished-at="2018-07-13T12:52:30Z">
          <reporter-output>
          </reporter-output>
        </test-method> <!-- TearDown -->
        <test-method status="PASS" signature="SetUp()[pri:0, instance:com.HRM.testcases.LoginPageTest@2a079c]" name="SetUp" is-config="true" duration-ms="30862" started-at="2018-07-13T12:52:30Z" finished-at="2018-07-13T12:53:01Z">
          <reporter-output>
          </reporter-output>
        </test-method> <!-- SetUp -->
        <test-method status="PASS" signature="ValidateUserCredintialsTest()[pri:4, instance:com.HRM.testcases.LoginPageTest@2a079c]" name="ValidateUserCredintialsTest" duration-ms="8157" started-at="2018-07-13T12:53:01Z" finished-at="2018-07-13T12:53:09Z">
          <reporter-output>
          </reporter-output>
        </test-method> <!-- ValidateUserCredintialsTest -->
        <test-method status="PASS" signature="TearDown()[pri:0, instance:com.HRM.testcases.LoginPageTest@2a079c]" name="TearDown" is-config="true" duration-ms="2313" started-at="2018-07-13T12:53:09Z" finished-at="2018-07-13T12:53:11Z">
          <reporter-output>
          </reporter-output>
        </test-method> <!-- TearDown -->
      </class> <!-- com.HRM.testcases.LoginPageTest -->
    </test> <!-- Orange HRM Test Cases -->
  </suite> <!-- Orange HRM Test Suite -->
</testng-results>
