<?xml version="1.0" encoding="UTF-8"?>
<testng-results skipped="0" failed="0" ignored="2" total="4" passed="2">
  <reporter-output>
  </reporter-output>
  <suite name="Default suite" duration-ms="45074" started-at="2018-08-13T06:36:09Z" finished-at="2018-08-13T06:36:54Z">
    <groups>
    </groups>
    <test name="Default test" duration-ms="45074" started-at="2018-08-13T06:36:09Z" finished-at="2018-08-13T06:36:54Z">
      <class name="com.HRM.testcases.LocationsPageTest">
        <test-method status="PASS" signature="setUp()[pri:0, instance:com.HRM.testcases.LocationsPageTest@1ec2012]" name="setUp" is-config="true" duration-ms="14222" started-at="2018-08-13T12:06:10Z" finished-at="2018-08-13T12:06:24Z">
          <reporter-output>
          </reporter-output>
        </test-method> <!-- setUp -->
        <test-method status="PASS" signature="VerifyDeleteJobTitlesTest(java.lang.String, java.lang.String)[pri:3, instance:com.HRM.testcases.LocationsPageTest@1ec2012]" name="VerifyDeleteJobTitlesTest" duration-ms="453" started-at="2018-08-13T12:06:24Z" data-provider="deleteLocations" finished-at="2018-08-13T12:06:25Z">
          <params>
            <param index="0">
              <value>
                <![CDATA[BENGALURU]]>
              </value>
            </param>
            <param index="1">
              <value>
                <![CDATA[FALSE]]>
              </value>
            </param>
          </params>
          <reporter-output>
          </reporter-output>
        </test-method> <!-- VerifyDeleteJobTitlesTest -->
        <test-method status="PASS" signature="tearDown()[pri:0, instance:com.HRM.testcases.LocationsPageTest@1ec2012]" name="tearDown" is-config="true" duration-ms="0" started-at="2018-08-13T12:06:25Z" finished-at="2018-08-13T12:06:25Z">
          <reporter-output>
          </reporter-output>
        </test-method> <!-- tearDown -->
        <test-method status="PASS" signature="setUp()[pri:0, instance:com.HRM.testcases.LocationsPageTest@1ec2012]" name="setUp" is-config="true" duration-ms="27198" started-at="2018-08-13T12:06:25Z" finished-at="2018-08-13T12:06:52Z">
          <reporter-output>
          </reporter-output>
        </test-method> <!-- setUp -->
        <test-method status="PASS" signature="VerifyDeleteJobTitlesTest(java.lang.String, java.lang.String)[pri:3, instance:com.HRM.testcases.LocationsPageTest@1ec2012]" name="VerifyDeleteJobTitlesTest" duration-ms="2120" started-at="2018-08-13T12:06:52Z" data-provider="deleteLocations" finished-at="2018-08-13T12:06:54Z">
          <params>
            <param index="0">
              <value>
                <![CDATA[CHENNAI]]>
              </value>
            </param>
            <param index="1">
              <value>
                <![CDATA[TRUE]]>
              </value>
            </param>
          </params>
          <reporter-output>
          </reporter-output>
        </test-method> <!-- VerifyDeleteJobTitlesTest -->
        <test-method status="PASS" signature="tearDown()[pri:0, instance:com.HRM.testcases.LocationsPageTest@1ec2012]" name="tearDown" is-config="true" duration-ms="0" started-at="2018-08-13T12:06:54Z" finished-at="2018-08-13T12:06:54Z">
          <reporter-output>
          </reporter-output>
        </test-method> <!-- tearDown -->
      </class> <!-- com.HRM.testcases.LocationsPageTest -->
    </test> <!-- Default test -->
  </suite> <!-- Default suite -->
</testng-results>
