<?xml version="1.0" encoding="UTF-8"?>
<testng-results skipped="0" failed="1" ignored="0" total="4" passed="3">
  <reporter-output>
  </reporter-output>
  <suite name="Orange HRM Test Suite" duration-ms="60066" started-at="2018-07-21T10:52:37Z" finished-at="2018-07-21T10:53:37Z">
    <groups>
    </groups>
    <test name="Orange HRM Test Cases" duration-ms="60066" started-at="2018-07-21T10:52:37Z" finished-at="2018-07-21T10:53:37Z">
      <class name="com.HRM.testcases.LoginPageTest">
        <test-method status="PASS" signature="SetUp()[pri:0, instance:com.HRM.testcases.LoginPageTest@2a079c]" name="SetUp" is-config="true" duration-ms="16869" started-at="2018-07-21T16:22:37Z" finished-at="2018-07-21T16:22:54Z">
          <reporter-output>
          </reporter-output>
        </test-method> <!-- SetUp -->
        <test-method status="PASS" signature="ValidateLoginPageTitleTest()[pri:1, instance:com.HRM.testcases.LoginPageTest@2a079c]" name="ValidateLoginPageTitleTest" duration-ms="17" started-at="2018-07-21T16:22:54Z" finished-at="2018-07-21T16:22:54Z">
          <reporter-output>
          </reporter-output>
        </test-method> <!-- ValidateLoginPageTitleTest -->
        <test-method status="PASS" signature="TearDown()[pri:0, instance:com.HRM.testcases.LoginPageTest@2a079c]" name="TearDown" is-config="true" duration-ms="2361" started-at="2018-07-21T16:22:54Z" finished-at="2018-07-21T16:22:56Z">
          <reporter-output>
          </reporter-output>
        </test-method> <!-- TearDown -->
        <test-method status="PASS" signature="SetUp()[pri:0, instance:com.HRM.testcases.LoginPageTest@2a079c]" name="SetUp" is-config="true" duration-ms="7009" started-at="2018-07-21T16:22:56Z" finished-at="2018-07-21T16:23:03Z">
          <reporter-output>
          </reporter-output>
        </test-method> <!-- SetUp -->
        <test-method status="PASS" signature="ValidateLoginPageLogoTest()[pri:2, instance:com.HRM.testcases.LoginPageTest@2a079c]" name="ValidateLoginPageLogoTest" duration-ms="165" started-at="2018-07-21T16:23:03Z" finished-at="2018-07-21T16:23:03Z">
          <reporter-output>
          </reporter-output>
        </test-method> <!-- ValidateLoginPageLogoTest -->
        <test-method status="PASS" signature="TearDown()[pri:0, instance:com.HRM.testcases.LoginPageTest@2a079c]" name="TearDown" is-config="true" duration-ms="2085" started-at="2018-07-21T16:23:03Z" finished-at="2018-07-21T16:23:05Z">
          <reporter-output>
          </reporter-output>
        </test-method> <!-- TearDown -->
        <test-method status="PASS" signature="SetUp()[pri:0, instance:com.HRM.testcases.LoginPageTest@2a079c]" name="SetUp" is-config="true" duration-ms="7172" started-at="2018-07-21T16:23:05Z" finished-at="2018-07-21T16:23:13Z">
          <reporter-output>
          </reporter-output>
        </test-method> <!-- SetUp -->
        <test-method status="FAIL" signature="ValidateAdminCredintialsTest()[pri:3, instance:com.HRM.testcases.LoginPageTest@2a079c]" name="ValidateAdminCredintialsTest" duration-ms="1732" started-at="2018-07-21T16:23:13Z" finished-at="2018-07-21T16:23:14Z">
          <exception class="java.lang.AssertionError">
            <message>
              <![CDATA[Test Fail expected [OrangeHrm] but found [OrangeHRM]]]>
            </message>
            <full-stacktrace>
              <![CDATA[java.lang.AssertionError: Test Fail expected [OrangeHrm] but found [OrangeHRM]
	at org.testng.Assert.fail(Assert.java:93)
	at org.testng.Assert.failNotEquals(Assert.java:512)
	at org.testng.Assert.assertEqualsImpl(Assert.java:134)
	at org.testng.Assert.assertEquals(Assert.java:115)
	at org.testng.Assert.assertEquals(Assert.java:189)
	at com.HRM.testcases.LoginPageTest.ValidateAdminCredintialsTest(LoginPageTest.java:54)
	at sun.reflect.NativeMethodAccessorImpl.invoke0(Native Method)
	at sun.reflect.NativeMethodAccessorImpl.invoke(NativeMethodAccessorImpl.java:62)
	at sun.reflect.DelegatingMethodAccessorImpl.invoke(DelegatingMethodAccessorImpl.java:43)
	at java.lang.reflect.Method.invoke(Method.java:497)
	at org.testng.internal.MethodInvocationHelper.invokeMethod(MethodInvocationHelper.java:108)
	at org.testng.internal.Invoker.invokeMethod(Invoker.java:661)
	at org.testng.internal.Invoker.invokeTestMethod(Invoker.java:869)
	at org.testng.internal.Invoker.invokeTestMethods(Invoker.java:1193)
	at org.testng.internal.TestMethodWorker.invokeTestMethods(TestMethodWorker.java:126)
	at org.testng.internal.TestMethodWorker.run(TestMethodWorker.java:109)
	at org.testng.TestRunner.privateRun(TestRunner.java:744)
	at org.testng.TestRunner.run(TestRunner.java:602)
	at org.testng.SuiteRunner.runTest(SuiteRunner.java:380)
	at org.testng.SuiteRunner.runSequentially(SuiteRunner.java:375)
	at org.testng.SuiteRunner.privateRun(SuiteRunner.java:340)
	at org.testng.SuiteRunner.run(SuiteRunner.java:289)
	at org.testng.SuiteRunnerWorker.runSuite(SuiteRunnerWorker.java:52)
	at org.testng.SuiteRunnerWorker.run(SuiteRunnerWorker.java:86)
	at org.testng.TestNG.runSuitesSequentially(TestNG.java:1301)
	at org.testng.TestNG.runSuitesLocally(TestNG.java:1226)
	at org.testng.TestNG.runSuites(TestNG.java:1144)
	at org.testng.TestNG.run(TestNG.java:1115)
	at org.testng.remote.AbstractRemoteTestNG.run(AbstractRemoteTestNG.java:114)
	at org.testng.remote.RemoteTestNG.initAndRun(RemoteTestNG.java:251)
	at org.testng.remote.RemoteTestNG.main(RemoteTestNG.java:77)
]]>
            </full-stacktrace>
          </exception> <!-- java.lang.AssertionError -->
          <reporter-output>
          </reporter-output>
        </test-method> <!-- ValidateAdminCredintialsTest -->
        <test-method status="PASS" signature="TearDown()[pri:0, instance:com.HRM.testcases.LoginPageTest@2a079c]" name="TearDown" is-config="true" duration-ms="2090" started-at="2018-07-21T16:23:14Z" finished-at="2018-07-21T16:23:16Z">
          <reporter-output>
          </reporter-output>
        </test-method> <!-- TearDown -->
        <test-method status="PASS" signature="SetUp()[pri:0, instance:com.HRM.testcases.LoginPageTest@2a079c]" name="SetUp" is-config="true" duration-ms="11281" started-at="2018-07-21T16:23:16Z" finished-at="2018-07-21T16:23:28Z">
          <reporter-output>
          </reporter-output>
        </test-method> <!-- SetUp -->
        <test-method status="PASS" signature="ValidateUserCredintialsTest()[pri:4, instance:com.HRM.testcases.LoginPageTest@2a079c]" name="ValidateUserCredintialsTest" duration-ms="9035" started-at="2018-07-21T16:23:28Z" finished-at="2018-07-21T16:23:37Z">
          <reporter-output>
          </reporter-output>
        </test-method> <!-- ValidateUserCredintialsTest -->
        <test-method status="PASS" signature="TearDown()[pri:0, instance:com.HRM.testcases.LoginPageTest@2a079c]" name="TearDown" is-config="true" duration-ms="124" started-at="2018-07-21T16:23:37Z" finished-at="2018-07-21T16:23:37Z">
          <reporter-output>
          </reporter-output>
        </test-method> <!-- TearDown -->
      </class> <!-- com.HRM.testcases.LoginPageTest -->
    </test> <!-- Orange HRM Test Cases -->
  </suite> <!-- Orange HRM Test Suite -->
</testng-results>
