<?xml version="1.0" encoding="UTF-8"?>
<testng-results skipped="0" failed="1" ignored="0" total="43" passed="42">
  <reporter-output>
  </reporter-output>
  <suite name="Orange HRM Test Suite" duration-ms="860037" started-at="2018-07-24T07:32:37Z" finished-at="2018-07-24T07:46:57Z">
    <groups>
    </groups>
    <test name="Orange HRM Test Cases" duration-ms="860037" started-at="2018-07-24T07:32:37Z" finished-at="2018-07-24T07:46:57Z">
      <class name="com.HRM.testcases.LoginPageTest">
        <test-method status="PASS" signature="SetUp()[pri:0, instance:com.HRM.testcases.LoginPageTest@1ee9989]" name="SetUp" is-config="true" duration-ms="8639" started-at="2018-07-24T13:03:15Z" finished-at="2018-07-24T13:03:24Z">
          <reporter-output>
          </reporter-output>
        </test-method> <!-- SetUp -->
        <test-method status="PASS" signature="verifyLoginPageTitleTest()[pri:1, instance:com.HRM.testcases.LoginPageTest@1ee9989]" name="verifyLoginPageTitleTest" duration-ms="20" started-at="2018-07-24T13:03:24Z" finished-at="2018-07-24T13:03:24Z">
          <reporter-output>
          </reporter-output>
        </test-method> <!-- verifyLoginPageTitleTest -->
        <test-method status="PASS" signature="TearDown()[pri:0, instance:com.HRM.testcases.LoginPageTest@1ee9989]" name="TearDown" is-config="true" duration-ms="2063" started-at="2018-07-24T13:03:24Z" finished-at="2018-07-24T13:03:26Z">
          <reporter-output>
          </reporter-output>
        </test-method> <!-- TearDown -->
        <test-method status="PASS" signature="SetUp()[pri:0, instance:com.HRM.testcases.LoginPageTest@1ee9989]" name="SetUp" is-config="true" duration-ms="9951" started-at="2018-07-24T13:04:16Z" finished-at="2018-07-24T13:04:26Z">
          <reporter-output>
          </reporter-output>
        </test-method> <!-- SetUp -->
        <test-method status="PASS" signature="verifyLoginPageLogoTest()[pri:2, instance:com.HRM.testcases.LoginPageTest@1ee9989]" name="verifyLoginPageLogoTest" duration-ms="75" started-at="2018-07-24T13:04:26Z" finished-at="2018-07-24T13:04:26Z">
          <reporter-output>
          </reporter-output>
        </test-method> <!-- verifyLoginPageLogoTest -->
        <test-method status="PASS" signature="TearDown()[pri:0, instance:com.HRM.testcases.LoginPageTest@1ee9989]" name="TearDown" is-config="true" duration-ms="272" started-at="2018-07-24T13:04:26Z" finished-at="2018-07-24T13:04:27Z">
          <reporter-output>
          </reporter-output>
        </test-method> <!-- TearDown -->
        <test-method status="PASS" signature="SetUp()[pri:0, instance:com.HRM.testcases.LoginPageTest@1ee9989]" name="SetUp" is-config="true" duration-ms="22378" started-at="2018-07-24T13:06:09Z" finished-at="2018-07-24T13:06:32Z">
          <reporter-output>
          </reporter-output>
        </test-method> <!-- SetUp -->
        <test-method status="PASS" signature="verifyAdminCredintialsTest()[pri:3, instance:com.HRM.testcases.LoginPageTest@1ee9989]" name="verifyAdminCredintialsTest" duration-ms="15018" started-at="2018-07-24T13:06:32Z" finished-at="2018-07-24T13:06:47Z">
          <reporter-output>
          </reporter-output>
        </test-method> <!-- verifyAdminCredintialsTest -->
        <test-method status="PASS" signature="TearDown()[pri:0, instance:com.HRM.testcases.LoginPageTest@1ee9989]" name="TearDown" is-config="true" duration-ms="3859" started-at="2018-07-24T13:06:47Z" finished-at="2018-07-24T13:06:51Z">
          <reporter-output>
          </reporter-output>
        </test-method> <!-- TearDown -->
        <test-method status="PASS" signature="SetUp()[pri:0, instance:com.HRM.testcases.LoginPageTest@1ee9989]" name="SetUp" is-config="true" duration-ms="13432" started-at="2018-07-24T13:08:17Z" finished-at="2018-07-24T13:08:31Z">
          <reporter-output>
          </reporter-output>
        </test-method> <!-- SetUp -->
        <test-method status="PASS" signature="verifyUserCredintialsTest()[pri:4, instance:com.HRM.testcases.LoginPageTest@1ee9989]" name="verifyUserCredintialsTest" duration-ms="1582" started-at="2018-07-24T13:08:31Z" finished-at="2018-07-24T13:08:32Z">
          <reporter-output>
          </reporter-output>
        </test-method> <!-- verifyUserCredintialsTest -->
        <test-method status="PASS" signature="TearDown()[pri:0, instance:com.HRM.testcases.LoginPageTest@1ee9989]" name="TearDown" is-config="true" duration-ms="2057" started-at="2018-07-24T13:08:32Z" finished-at="2018-07-24T13:08:34Z">
          <reporter-output>
          </reporter-output>
        </test-method> <!-- TearDown -->
      </class> <!-- com.HRM.testcases.LoginPageTest -->
      <class name="com.HRM.testcases.UsersPageTest">
        <test-method status="PASS" signature="setUp()[pri:0, instance:com.HRM.testcases.UsersPageTest@e92674]" name="setUp" is-config="true" duration-ms="17765" started-at="2018-07-24T13:03:26Z" finished-at="2018-07-24T13:03:43Z">
          <reporter-output>
          </reporter-output>
        </test-method> <!-- setUp -->
        <test-method status="PASS" signature="verifyAddRoleTest()[pri:1, instance:com.HRM.testcases.UsersPageTest@e92674]" name="verifyAddRoleTest" duration-ms="2038" started-at="2018-07-24T13:03:43Z" finished-at="2018-07-24T13:03:45Z">
          <reporter-output>
          </reporter-output>
        </test-method> <!-- verifyAddRoleTest -->
        <test-method status="PASS" signature="tearDown()[pri:0, instance:com.HRM.testcases.UsersPageTest@e92674]" name="tearDown" is-config="true" duration-ms="2399" started-at="2018-07-24T13:03:45Z" finished-at="2018-07-24T13:03:48Z">
          <reporter-output>
          </reporter-output>
        </test-method> <!-- tearDown -->
        <test-method status="PASS" signature="setUp()[pri:0, instance:com.HRM.testcases.UsersPageTest@e92674]" name="setUp" is-config="true" duration-ms="15525" started-at="2018-07-24T13:04:27Z" finished-at="2018-07-24T13:04:42Z">
          <reporter-output>
          </reporter-output>
        </test-method> <!-- setUp -->
        <test-method status="PASS" signature="verifyDeleteRoleTest()[pri:2, instance:com.HRM.testcases.UsersPageTest@e92674]" name="verifyDeleteRoleTest" duration-ms="199" started-at="2018-07-24T13:04:42Z" finished-at="2018-07-24T13:04:42Z">
          <reporter-output>
          </reporter-output>
        </test-method> <!-- verifyDeleteRoleTest -->
        <test-method status="PASS" signature="tearDown()[pri:0, instance:com.HRM.testcases.UsersPageTest@e92674]" name="tearDown" is-config="true" duration-ms="2079" started-at="2018-07-24T13:04:42Z" finished-at="2018-07-24T13:04:44Z">
          <reporter-output>
          </reporter-output>
        </test-method> <!-- tearDown -->
        <test-method status="PASS" signature="setUp()[pri:0, instance:com.HRM.testcases.UsersPageTest@e92674]" name="setUp" is-config="true" duration-ms="30119" started-at="2018-07-24T13:06:51Z" finished-at="2018-07-24T13:07:21Z">
          <reporter-output>
          </reporter-output>
        </test-method> <!-- setUp -->
        <test-method status="PASS" signature="verifyUserRoleDataTest()[pri:3, instance:com.HRM.testcases.UsersPageTest@e92674]" name="verifyUserRoleDataTest" duration-ms="874" started-at="2018-07-24T13:07:21Z" finished-at="2018-07-24T13:07:22Z">
          <reporter-output>
          </reporter-output>
        </test-method> <!-- verifyUserRoleDataTest -->
        <test-method status="PASS" signature="tearDown()[pri:0, instance:com.HRM.testcases.UsersPageTest@e92674]" name="tearDown" is-config="true" duration-ms="1687" started-at="2018-07-24T13:07:22Z" finished-at="2018-07-24T13:07:23Z">
          <reporter-output>
          </reporter-output>
        </test-method> <!-- tearDown -->
      </class> <!-- com.HRM.testcases.UsersPageTest -->
      <class name="com.HRM.testcases.AdminModulePageTest">
        <test-method status="PASS" signature="setUp()[pri:0, instance:com.HRM.testcases.AdminModulePageTest@85bdee]" name="setUp" is-config="true" duration-ms="14449" started-at="2018-07-24T13:02:58Z" finished-at="2018-07-24T13:03:13Z">
          <reporter-output>
          </reporter-output>
        </test-method> <!-- setUp -->
        <test-method status="PASS" signature="verifyAdminPageHeaderTest()[pri:1, instance:com.HRM.testcases.AdminModulePageTest@85bdee]" name="verifyAdminPageHeaderTest" duration-ms="72" started-at="2018-07-24T13:03:13Z" finished-at="2018-07-24T13:03:13Z">
          <reporter-output>
          </reporter-output>
        </test-method> <!-- verifyAdminPageHeaderTest -->
        <test-method status="PASS" signature="tearDown()[pri:0, instance:com.HRM.testcases.AdminModulePageTest@85bdee]" name="tearDown" is-config="true" duration-ms="2075" started-at="2018-07-24T13:03:13Z" finished-at="2018-07-24T13:03:15Z">
          <reporter-output>
          </reporter-output>
        </test-method> <!-- tearDown -->
        <test-method status="PASS" signature="setUp()[pri:0, instance:com.HRM.testcases.AdminModulePageTest@85bdee]" name="setUp" is-config="true" duration-ms="13605" started-at="2018-07-24T13:03:59Z" finished-at="2018-07-24T13:04:13Z">
          <reporter-output>
          </reporter-output>
        </test-method> <!-- setUp -->
        <test-method status="PASS" signature="verifyClickonUsersMenuTest()[pri:2, instance:com.HRM.testcases.AdminModulePageTest@85bdee]" name="verifyClickonUsersMenuTest" duration-ms="1327" started-at="2018-07-24T13:04:13Z" finished-at="2018-07-24T13:04:14Z">
          <reporter-output>
          </reporter-output>
        </test-method> <!-- verifyClickonUsersMenuTest -->
        <test-method status="PASS" signature="tearDown()[pri:0, instance:com.HRM.testcases.AdminModulePageTest@85bdee]" name="tearDown" is-config="true" duration-ms="2050" started-at="2018-07-24T13:04:14Z" finished-at="2018-07-24T13:04:16Z">
          <reporter-output>
          </reporter-output>
        </test-method> <!-- tearDown -->
        <test-method status="PASS" signature="setUp()[pri:0, instance:com.HRM.testcases.AdminModulePageTest@85bdee]" name="setUp" is-config="true" duration-ms="41576" started-at="2018-07-24T13:05:25Z" finished-at="2018-07-24T13:06:07Z">
          <reporter-output>
          </reporter-output>
        </test-method> <!-- setUp -->
        <test-method status="PASS" signature="verifyJobTitlesMenuTest()[pri:3, instance:com.HRM.testcases.AdminModulePageTest@85bdee]" name="verifyJobTitlesMenuTest" duration-ms="2655" started-at="2018-07-24T13:06:07Z" finished-at="2018-07-24T13:06:09Z">
          <reporter-output>
          </reporter-output>
        </test-method> <!-- verifyJobTitlesMenuTest -->
        <test-method status="PASS" signature="tearDown()[pri:0, instance:com.HRM.testcases.AdminModulePageTest@85bdee]" name="tearDown" is-config="true" duration-ms="121" started-at="2018-07-24T13:06:09Z" finished-at="2018-07-24T13:06:09Z">
          <reporter-output>
          </reporter-output>
        </test-method> <!-- tearDown -->
        <test-method status="PASS" signature="setUp()[pri:0, instance:com.HRM.testcases.AdminModulePageTest@85bdee]" name="setUp" is-config="true" duration-ms="21278" started-at="2018-07-24T13:07:48Z" finished-at="2018-07-24T13:08:10Z">
          <reporter-output>
          </reporter-output>
        </test-method> <!-- setUp -->
        <test-method status="PASS" signature="verifyPayGradesMenuTest()[pri:4, instance:com.HRM.testcases.AdminModulePageTest@85bdee]" name="verifyPayGradesMenuTest" duration-ms="5162" started-at="2018-07-24T13:08:10Z" finished-at="2018-07-24T13:08:15Z">
          <reporter-output>
          </reporter-output>
        </test-method> <!-- verifyPayGradesMenuTest -->
        <test-method status="PASS" signature="tearDown()[pri:0, instance:com.HRM.testcases.AdminModulePageTest@85bdee]" name="tearDown" is-config="true" duration-ms="2385" started-at="2018-07-24T13:08:15Z" finished-at="2018-07-24T13:08:17Z">
          <reporter-output>
          </reporter-output>
        </test-method> <!-- tearDown -->
        <test-method status="PASS" signature="setUp()[pri:0, instance:com.HRM.testcases.AdminModulePageTest@85bdee]" name="setUp" is-config="true" duration-ms="14758" started-at="2018-07-24T13:08:47Z" finished-at="2018-07-24T13:09:02Z">
          <reporter-output>
          </reporter-output>
        </test-method> <!-- setUp -->
        <test-method status="PASS" signature="verifyEmploymentStatusMenuTest()[pri:5, instance:com.HRM.testcases.AdminModulePageTest@85bdee]" name="verifyEmploymentStatusMenuTest" duration-ms="1528" started-at="2018-07-24T13:09:02Z" finished-at="2018-07-24T13:09:04Z">
          <reporter-output>
          </reporter-output>
        </test-method> <!-- verifyEmploymentStatusMenuTest -->
        <test-method status="PASS" signature="tearDown()[pri:0, instance:com.HRM.testcases.AdminModulePageTest@85bdee]" name="tearDown" is-config="true" duration-ms="181" started-at="2018-07-24T13:09:04Z" finished-at="2018-07-24T13:09:04Z">
          <reporter-output>
          </reporter-output>
        </test-method> <!-- tearDown -->
        <test-method status="PASS" signature="setUp()[pri:0, instance:com.HRM.testcases.AdminModulePageTest@85bdee]" name="setUp" is-config="true" duration-ms="14721" started-at="2018-07-24T13:09:04Z" finished-at="2018-07-24T13:09:19Z">
          <reporter-output>
          </reporter-output>
        </test-method> <!-- setUp -->
        <test-method status="PASS" signature="verifyJobCategoriesMenuTest()[pri:5, instance:com.HRM.testcases.AdminModulePageTest@85bdee]" name="verifyJobCategoriesMenuTest" duration-ms="1773" started-at="2018-07-24T13:09:19Z" finished-at="2018-07-24T13:09:20Z">
          <reporter-output>
          </reporter-output>
        </test-method> <!-- verifyJobCategoriesMenuTest -->
        <test-method status="PASS" signature="tearDown()[pri:0, instance:com.HRM.testcases.AdminModulePageTest@85bdee]" name="tearDown" is-config="true" duration-ms="2093" started-at="2018-07-24T13:09:20Z" finished-at="2018-07-24T13:09:23Z">
          <reporter-output>
          </reporter-output>
        </test-method> <!-- tearDown -->
        <test-method status="PASS" signature="setUp()[pri:0, instance:com.HRM.testcases.AdminModulePageTest@85bdee]" name="setUp" is-config="true" duration-ms="16197" started-at="2018-07-24T13:09:23Z" finished-at="2018-07-24T13:09:39Z">
          <reporter-output>
          </reporter-output>
        </test-method> <!-- setUp -->
        <test-method status="PASS" signature="verifyWorkShiftsMenuTest()[pri:5, instance:com.HRM.testcases.AdminModulePageTest@85bdee]" name="verifyWorkShiftsMenuTest" duration-ms="1698" started-at="2018-07-24T13:09:39Z" finished-at="2018-07-24T13:09:40Z">
          <reporter-output>
          </reporter-output>
        </test-method> <!-- verifyWorkShiftsMenuTest -->
        <test-method status="PASS" signature="tearDown()[pri:0, instance:com.HRM.testcases.AdminModulePageTest@85bdee]" name="tearDown" is-config="true" duration-ms="140" started-at="2018-07-24T13:09:40Z" finished-at="2018-07-24T13:09:41Z">
          <reporter-output>
          </reporter-output>
        </test-method> <!-- tearDown -->
        <test-method status="PASS" signature="setUp()[pri:0, instance:com.HRM.testcases.AdminModulePageTest@85bdee]" name="setUp" is-config="true" duration-ms="13026" started-at="2018-07-24T13:09:54Z" finished-at="2018-07-24T13:10:07Z">
          <reporter-output>
          </reporter-output>
        </test-method> <!-- setUp -->
        <test-method status="PASS" signature="verifyGeneralInfoMenuTest()[pri:6, instance:com.HRM.testcases.AdminModulePageTest@85bdee]" name="verifyGeneralInfoMenuTest" duration-ms="1587" started-at="2018-07-24T13:10:07Z" finished-at="2018-07-24T13:10:09Z">
          <reporter-output>
          </reporter-output>
        </test-method> <!-- verifyGeneralInfoMenuTest -->
        <test-method status="PASS" signature="tearDown()[pri:0, instance:com.HRM.testcases.AdminModulePageTest@85bdee]" name="tearDown" is-config="true" duration-ms="2073" started-at="2018-07-24T13:10:09Z" finished-at="2018-07-24T13:10:11Z">
          <reporter-output>
          </reporter-output>
        </test-method> <!-- tearDown -->
        <test-method status="PASS" signature="setUp()[pri:0, instance:com.HRM.testcases.AdminModulePageTest@85bdee]" name="setUp" is-config="true" duration-ms="24801" started-at="2018-07-24T13:10:31Z" finished-at="2018-07-24T13:10:56Z">
          <reporter-output>
          </reporter-output>
        </test-method> <!-- setUp -->
        <test-method status="PASS" signature="verifyLocationsMenuTest()[pri:7, instance:com.HRM.testcases.AdminModulePageTest@85bdee]" name="verifyLocationsMenuTest" duration-ms="1523" started-at="2018-07-24T13:10:56Z" finished-at="2018-07-24T13:10:57Z">
          <reporter-output>
          </reporter-output>
        </test-method> <!-- verifyLocationsMenuTest -->
        <test-method status="PASS" signature="tearDown()[pri:0, instance:com.HRM.testcases.AdminModulePageTest@85bdee]" name="tearDown" is-config="true" duration-ms="2101" started-at="2018-07-24T13:10:57Z" finished-at="2018-07-24T13:10:59Z">
          <reporter-output>
          </reporter-output>
        </test-method> <!-- tearDown -->
        <test-method status="PASS" signature="setUp()[pri:0, instance:com.HRM.testcases.AdminModulePageTest@85bdee]" name="setUp" is-config="true" duration-ms="16833" started-at="2018-07-24T13:11:20Z" finished-at="2018-07-24T13:11:37Z">
          <reporter-output>
          </reporter-output>
        </test-method> <!-- setUp -->
        <test-method status="PASS" signature="verifyStructureMenuTest()[pri:8, instance:com.HRM.testcases.AdminModulePageTest@85bdee]" name="verifyStructureMenuTest" duration-ms="1562" started-at="2018-07-24T13:11:37Z" finished-at="2018-07-24T13:11:38Z">
          <reporter-output>
          </reporter-output>
        </test-method> <!-- verifyStructureMenuTest -->
        <test-method status="PASS" signature="tearDown()[pri:0, instance:com.HRM.testcases.AdminModulePageTest@85bdee]" name="tearDown" is-config="true" duration-ms="2053" started-at="2018-07-24T13:11:38Z" finished-at="2018-07-24T13:11:40Z">
          <reporter-output>
          </reporter-output>
        </test-method> <!-- tearDown -->
        <test-method status="PASS" signature="setUp()[pri:0, instance:com.HRM.testcases.AdminModulePageTest@85bdee]" name="setUp" is-config="true" duration-ms="14666" started-at="2018-07-24T13:11:58Z" finished-at="2018-07-24T13:12:13Z">
          <reporter-output>
          </reporter-output>
        </test-method> <!-- setUp -->
        <test-method status="PASS" signature="verifySkillsMenuTest()[pri:9, instance:com.HRM.testcases.AdminModulePageTest@85bdee]" name="verifySkillsMenuTest" duration-ms="1304" started-at="2018-07-24T13:12:13Z" finished-at="2018-07-24T13:12:14Z">
          <reporter-output>
          </reporter-output>
        </test-method> <!-- verifySkillsMenuTest -->
        <test-method status="PASS" signature="tearDown()[pri:0, instance:com.HRM.testcases.AdminModulePageTest@85bdee]" name="tearDown" is-config="true" duration-ms="2077" started-at="2018-07-24T13:12:14Z" finished-at="2018-07-24T13:12:16Z">
          <reporter-output>
          </reporter-output>
        </test-method> <!-- tearDown -->
        <test-method status="PASS" signature="setUp()[pri:0, instance:com.HRM.testcases.AdminModulePageTest@85bdee]" name="setUp" is-config="true" duration-ms="13773" started-at="2018-07-24T13:12:33Z" finished-at="2018-07-24T13:12:47Z">
          <reporter-output>
          </reporter-output>
        </test-method> <!-- setUp -->
        <test-method status="PASS" signature="verifyEducationMenuTest()[pri:10, instance:com.HRM.testcases.AdminModulePageTest@85bdee]" name="verifyEducationMenuTest" duration-ms="1368" started-at="2018-07-24T13:12:47Z" finished-at="2018-07-24T13:12:48Z">
          <reporter-output>
          </reporter-output>
        </test-method> <!-- verifyEducationMenuTest -->
        <test-method status="PASS" signature="tearDown()[pri:0, instance:com.HRM.testcases.AdminModulePageTest@85bdee]" name="tearDown" is-config="true" duration-ms="2367" started-at="2018-07-24T13:12:48Z" finished-at="2018-07-24T13:12:50Z">
          <reporter-output>
          </reporter-output>
        </test-method> <!-- tearDown -->
        <test-method status="PASS" signature="setUp()[pri:0, instance:com.HRM.testcases.AdminModulePageTest@85bdee]" name="setUp" is-config="true" duration-ms="17492" started-at="2018-07-24T13:13:12Z" finished-at="2018-07-24T13:13:30Z">
          <reporter-output>
          </reporter-output>
        </test-method> <!-- setUp -->
        <test-method status="PASS" signature="verifyLicensesMenuTest()[pri:11, instance:com.HRM.testcases.AdminModulePageTest@85bdee]" name="verifyLicensesMenuTest" duration-ms="1490" started-at="2018-07-24T13:13:30Z" finished-at="2018-07-24T13:13:31Z">
          <reporter-output>
          </reporter-output>
        </test-method> <!-- verifyLicensesMenuTest -->
        <test-method status="PASS" signature="tearDown()[pri:0, instance:com.HRM.testcases.AdminModulePageTest@85bdee]" name="tearDown" is-config="true" duration-ms="243" started-at="2018-07-24T13:13:31Z" finished-at="2018-07-24T13:13:31Z">
          <reporter-output>
          </reporter-output>
        </test-method> <!-- tearDown -->
        <test-method status="PASS" signature="setUp()[pri:0, instance:com.HRM.testcases.AdminModulePageTest@85bdee]" name="setUp" is-config="true" duration-ms="13174" started-at="2018-07-24T13:13:48Z" finished-at="2018-07-24T13:14:01Z">
          <reporter-output>
          </reporter-output>
        </test-method> <!-- setUp -->
        <test-method status="PASS" signature="verifyLanguagesMenuTest()[pri:12, instance:com.HRM.testcases.AdminModulePageTest@85bdee]" name="verifyLanguagesMenuTest" duration-ms="1267" started-at="2018-07-24T13:14:01Z" finished-at="2018-07-24T13:14:02Z">
          <reporter-output>
          </reporter-output>
        </test-method> <!-- verifyLanguagesMenuTest -->
        <test-method status="PASS" signature="tearDown()[pri:0, instance:com.HRM.testcases.AdminModulePageTest@85bdee]" name="tearDown" is-config="true" duration-ms="2062" started-at="2018-07-24T13:14:02Z" finished-at="2018-07-24T13:14:04Z">
          <reporter-output>
          </reporter-output>
        </test-method> <!-- tearDown -->
        <test-method status="PASS" signature="setUp()[pri:0, instance:com.HRM.testcases.AdminModulePageTest@85bdee]" name="setUp" is-config="true" duration-ms="14436" started-at="2018-07-24T13:14:19Z" finished-at="2018-07-24T13:14:33Z">
          <reporter-output>
          </reporter-output>
        </test-method> <!-- setUp -->
        <test-method status="PASS" signature="verifyMembershipsMenuTest()[pri:13, instance:com.HRM.testcases.AdminModulePageTest@85bdee]" name="verifyMembershipsMenuTest" duration-ms="1397" started-at="2018-07-24T13:14:33Z" finished-at="2018-07-24T13:14:34Z">
          <reporter-output>
          </reporter-output>
        </test-method> <!-- verifyMembershipsMenuTest -->
        <test-method status="PASS" signature="tearDown()[pri:0, instance:com.HRM.testcases.AdminModulePageTest@85bdee]" name="tearDown" is-config="true" duration-ms="2062" started-at="2018-07-24T13:14:34Z" finished-at="2018-07-24T13:14:37Z">
          <reporter-output>
          </reporter-output>
        </test-method> <!-- tearDown -->
        <test-method status="PASS" signature="setUp()[pri:0, instance:com.HRM.testcases.AdminModulePageTest@85bdee]" name="setUp" is-config="true" duration-ms="15886" started-at="2018-07-24T13:14:52Z" finished-at="2018-07-24T13:15:08Z">
          <reporter-output>
          </reporter-output>
        </test-method> <!-- setUp -->
        <test-method status="PASS" signature="verifyNationalitiesMenuTest()[pri:14, instance:com.HRM.testcases.AdminModulePageTest@85bdee]" name="verifyNationalitiesMenuTest" duration-ms="2425" started-at="2018-07-24T13:15:08Z" finished-at="2018-07-24T13:15:11Z">
          <reporter-output>
          </reporter-output>
        </test-method> <!-- verifyNationalitiesMenuTest -->
        <test-method status="PASS" signature="tearDown()[pri:0, instance:com.HRM.testcases.AdminModulePageTest@85bdee]" name="tearDown" is-config="true" duration-ms="2374" started-at="2018-07-24T13:15:11Z" finished-at="2018-07-24T13:15:13Z">
          <reporter-output>
          </reporter-output>
        </test-method> <!-- tearDown -->
        <test-method status="PASS" signature="setUp()[pri:0, instance:com.HRM.testcases.AdminModulePageTest@85bdee]" name="setUp" is-config="true" duration-ms="15329" started-at="2018-07-24T13:15:13Z" finished-at="2018-07-24T13:15:28Z">
          <reporter-output>
          </reporter-output>
        </test-method> <!-- setUp -->
        <test-method status="PASS" signature="verifyEmailConfigMenuTest()[pri:15, instance:com.HRM.testcases.AdminModulePageTest@85bdee]" name="verifyEmailConfigMenuTest" duration-ms="1531" started-at="2018-07-24T13:15:28Z" finished-at="2018-07-24T13:15:30Z">
          <reporter-output>
          </reporter-output>
        </test-method> <!-- verifyEmailConfigMenuTest -->
        <test-method status="PASS" signature="tearDown()[pri:0, instance:com.HRM.testcases.AdminModulePageTest@85bdee]" name="tearDown" is-config="true" duration-ms="256" started-at="2018-07-24T13:15:30Z" finished-at="2018-07-24T13:15:30Z">
          <reporter-output>
          </reporter-output>
        </test-method> <!-- tearDown -->
        <test-method status="PASS" signature="setUp()[pri:0, instance:com.HRM.testcases.AdminModulePageTest@85bdee]" name="setUp" is-config="true" duration-ms="13372" started-at="2018-07-24T13:15:30Z" finished-at="2018-07-24T13:15:44Z">
          <reporter-output>
          </reporter-output>
        </test-method> <!-- setUp -->
        <test-method status="PASS" signature="verifyEmailNotifyMenuTest()[pri:16, instance:com.HRM.testcases.AdminModulePageTest@85bdee]" name="verifyEmailNotifyMenuTest" duration-ms="1295" started-at="2018-07-24T13:15:44Z" finished-at="2018-07-24T13:15:45Z">
          <reporter-output>
          </reporter-output>
        </test-method> <!-- verifyEmailNotifyMenuTest -->
        <test-method status="PASS" signature="tearDown()[pri:0, instance:com.HRM.testcases.AdminModulePageTest@85bdee]" name="tearDown" is-config="true" duration-ms="2075" started-at="2018-07-24T13:15:45Z" finished-at="2018-07-24T13:15:47Z">
          <reporter-output>
          </reporter-output>
        </test-method> <!-- tearDown -->
        <test-method status="PASS" signature="setUp()[pri:0, instance:com.HRM.testcases.AdminModulePageTest@85bdee]" name="setUp" is-config="true" duration-ms="14146" started-at="2018-07-24T13:15:47Z" finished-at="2018-07-24T13:16:01Z">
          <reporter-output>
          </reporter-output>
        </test-method> <!-- setUp -->
        <test-method status="PASS" signature="verifyLocalizationMenuTest()[pri:17, instance:com.HRM.testcases.AdminModulePageTest@85bdee]" name="verifyLocalizationMenuTest" duration-ms="1399" started-at="2018-07-24T13:16:01Z" finished-at="2018-07-24T13:16:02Z">
          <reporter-output>
          </reporter-output>
        </test-method> <!-- verifyLocalizationMenuTest -->
        <test-method status="PASS" signature="tearDown()[pri:0, instance:com.HRM.testcases.AdminModulePageTest@85bdee]" name="tearDown" is-config="true" duration-ms="2074" started-at="2018-07-24T13:16:02Z" finished-at="2018-07-24T13:16:05Z">
          <reporter-output>
          </reporter-output>
        </test-method> <!-- tearDown -->
        <test-method status="PASS" signature="setUp()[pri:0, instance:com.HRM.testcases.AdminModulePageTest@85bdee]" name="setUp" is-config="true" duration-ms="13588" started-at="2018-07-24T13:16:05Z" finished-at="2018-07-24T13:16:18Z">
          <reporter-output>
          </reporter-output>
        </test-method> <!-- setUp -->
        <test-method status="PASS" signature="verifyModulesMenuTest()[pri:18, instance:com.HRM.testcases.AdminModulePageTest@85bdee]" name="verifyModulesMenuTest" duration-ms="1144" started-at="2018-07-24T13:16:18Z" finished-at="2018-07-24T13:16:19Z">
          <reporter-output>
          </reporter-output>
        </test-method> <!-- verifyModulesMenuTest -->
        <test-method status="PASS" signature="tearDown()[pri:0, instance:com.HRM.testcases.AdminModulePageTest@85bdee]" name="tearDown" is-config="true" duration-ms="2083" started-at="2018-07-24T13:16:19Z" finished-at="2018-07-24T13:16:21Z">
          <reporter-output>
          </reporter-output>
        </test-method> <!-- tearDown -->
        <test-method status="PASS" signature="setUp()[pri:0, instance:com.HRM.testcases.AdminModulePageTest@85bdee]" name="setUp" is-config="true" duration-ms="15250" started-at="2018-07-24T13:16:21Z" finished-at="2018-07-24T13:16:37Z">
          <reporter-output>
          </reporter-output>
        </test-method> <!-- setUp -->
        <test-method status="PASS" signature="verifySocialMediaMenuTest()[pri:19, instance:com.HRM.testcases.AdminModulePageTest@85bdee]" name="verifySocialMediaMenuTest" duration-ms="1509" started-at="2018-07-24T13:16:37Z" finished-at="2018-07-24T13:16:38Z">
          <reporter-output>
          </reporter-output>
        </test-method> <!-- verifySocialMediaMenuTest -->
        <test-method status="PASS" signature="tearDown()[pri:0, instance:com.HRM.testcases.AdminModulePageTest@85bdee]" name="tearDown" is-config="true" duration-ms="2336" started-at="2018-07-24T13:16:38Z" finished-at="2018-07-24T13:16:40Z">
          <reporter-output>
          </reporter-output>
        </test-method> <!-- tearDown -->
        <test-method status="PASS" signature="setUp()[pri:0, instance:com.HRM.testcases.AdminModulePageTest@85bdee]" name="setUp" is-config="true" duration-ms="13271" started-at="2018-07-24T13:16:40Z" finished-at="2018-07-24T13:16:54Z">
          <reporter-output>
          </reporter-output>
        </test-method> <!-- setUp -->
        <test-method status="PASS" signature="verifyOAuthClientMenuTest()[pri:20, instance:com.HRM.testcases.AdminModulePageTest@85bdee]" name="verifyOAuthClientMenuTest" duration-ms="1204" started-at="2018-07-24T13:16:54Z" finished-at="2018-07-24T13:16:55Z">
          <reporter-output>
          </reporter-output>
        </test-method> <!-- verifyOAuthClientMenuTest -->
        <test-method status="PASS" signature="tearDown()[pri:0, instance:com.HRM.testcases.AdminModulePageTest@85bdee]" name="tearDown" is-config="true" duration-ms="2072" started-at="2018-07-24T13:16:55Z" finished-at="2018-07-24T13:16:57Z">
          <reporter-output>
          </reporter-output>
        </test-method> <!-- tearDown -->
      </class> <!-- com.HRM.testcases.AdminModulePageTest -->
      <class name="com.HRM.testcases.AdminHomePageTest">
        <test-method status="PASS" signature="setUp()[pri:0, instance:com.HRM.testcases.AdminHomePageTest@13ad2d6]" name="setUp" is-config="true" duration-ms="19295" started-at="2018-07-24T13:02:37Z" finished-at="2018-07-24T13:02:56Z">
          <reporter-output>
          </reporter-output>
        </test-method> <!-- setUp -->
        <test-method status="PASS" signature="verifyHomePageTitleTest()[pri:1, instance:com.HRM.testcases.AdminHomePageTest@13ad2d6]" name="verifyHomePageTitleTest" duration-ms="21" started-at="2018-07-24T13:02:56Z" finished-at="2018-07-24T13:02:56Z">
          <reporter-output>
          </reporter-output>
        </test-method> <!-- verifyHomePageTitleTest -->
        <test-method status="PASS" signature="tearDown()[pri:0, instance:com.HRM.testcases.AdminHomePageTest@13ad2d6]" name="tearDown" is-config="true" duration-ms="2050" started-at="2018-07-24T13:02:56Z" finished-at="2018-07-24T13:02:58Z">
          <reporter-output>
          </reporter-output>
        </test-method> <!-- tearDown -->
        <test-method status="PASS" signature="setUp()[pri:0, instance:com.HRM.testcases.AdminHomePageTest@13ad2d6]" name="setUp" is-config="true" duration-ms="11142" started-at="2018-07-24T13:03:48Z" finished-at="2018-07-24T13:03:59Z">
          <reporter-output>
          </reporter-output>
        </test-method> <!-- setUp -->
        <test-method status="PASS" signature="verifyHomeLogoTest()[pri:2, instance:com.HRM.testcases.AdminHomePageTest@13ad2d6]" name="verifyHomeLogoTest" duration-ms="64" started-at="2018-07-24T13:03:59Z" finished-at="2018-07-24T13:03:59Z">
          <reporter-output>
          </reporter-output>
        </test-method> <!-- verifyHomeLogoTest -->
        <test-method status="PASS" signature="tearDown()[pri:0, instance:com.HRM.testcases.AdminHomePageTest@13ad2d6]" name="tearDown" is-config="true" duration-ms="145" started-at="2018-07-24T13:03:59Z" finished-at="2018-07-24T13:03:59Z">
          <reporter-output>
          </reporter-output>
        </test-method> <!-- tearDown -->
        <test-method status="PASS" signature="setUp()[pri:0, instance:com.HRM.testcases.AdminHomePageTest@13ad2d6]" name="setUp" is-config="true" duration-ms="37236" started-at="2018-07-24T13:04:44Z" finished-at="2018-07-24T13:05:22Z">
          <reporter-output>
          </reporter-output>
        </test-method> <!-- setUp -->
        <test-method status="PASS" signature="verifyAdminHomePageUserTest()[pri:3, instance:com.HRM.testcases.AdminHomePageTest@13ad2d6]" name="verifyAdminHomePageUserTest" duration-ms="76" started-at="2018-07-24T13:05:22Z" finished-at="2018-07-24T13:05:22Z">
          <reporter-output>
          </reporter-output>
        </test-method> <!-- verifyAdminHomePageUserTest -->
        <test-method status="PASS" signature="tearDown()[pri:0, instance:com.HRM.testcases.AdminHomePageTest@13ad2d6]" name="tearDown" is-config="true" duration-ms="3293" started-at="2018-07-24T13:05:22Z" finished-at="2018-07-24T13:05:25Z">
          <reporter-output>
          </reporter-output>
        </test-method> <!-- tearDown -->
        <test-method status="PASS" signature="setUp()[pri:0, instance:com.HRM.testcases.AdminHomePageTest@13ad2d6]" name="setUp" is-config="true" duration-ms="22436" started-at="2018-07-24T13:07:23Z" finished-at="2018-07-24T13:07:46Z">
          <reporter-output>
          </reporter-output>
        </test-method> <!-- setUp -->
        <test-method status="PASS" signature="verifyAdminAboutLinkTest()[pri:4, instance:com.HRM.testcases.AdminHomePageTest@13ad2d6]" name="verifyAdminAboutLinkTest" duration-ms="2685" started-at="2018-07-24T13:07:46Z" finished-at="2018-07-24T13:07:48Z">
          <reporter-output>
          </reporter-output>
        </test-method> <!-- verifyAdminAboutLinkTest -->
        <test-method status="PASS" signature="tearDown()[pri:0, instance:com.HRM.testcases.AdminHomePageTest@13ad2d6]" name="tearDown" is-config="true" duration-ms="94" started-at="2018-07-24T13:07:48Z" finished-at="2018-07-24T13:07:48Z">
          <reporter-output>
          </reporter-output>
        </test-method> <!-- tearDown -->
        <test-method status="PASS" signature="setUp()[pri:0, instance:com.HRM.testcases.AdminHomePageTest@13ad2d6]" name="setUp" is-config="true" duration-ms="10862" started-at="2018-07-24T13:08:34Z" finished-at="2018-07-24T13:08:45Z">
          <reporter-output>
          </reporter-output>
        </test-method> <!-- setUp -->
        <test-method status="PASS" signature="verifyAdminChangePasswordLinkTest()[pri:5, instance:com.HRM.testcases.AdminHomePageTest@13ad2d6]" name="verifyAdminChangePasswordLinkTest" duration-ms="172" started-at="2018-07-24T13:08:45Z" finished-at="2018-07-24T13:08:45Z">
          <reporter-output>
          </reporter-output>
        </test-method> <!-- verifyAdminChangePasswordLinkTest -->
        <test-method status="PASS" signature="tearDown()[pri:0, instance:com.HRM.testcases.AdminHomePageTest@13ad2d6]" name="tearDown" is-config="true" duration-ms="2065" started-at="2018-07-24T13:08:45Z" finished-at="2018-07-24T13:08:47Z">
          <reporter-output>
          </reporter-output>
        </test-method> <!-- tearDown -->
        <test-method status="PASS" signature="setUp()[pri:0, instance:com.HRM.testcases.AdminHomePageTest@13ad2d6]" name="setUp" is-config="true" duration-ms="10642" started-at="2018-07-24T13:09:41Z" finished-at="2018-07-24T13:09:51Z">
          <reporter-output>
          </reporter-output>
        </test-method> <!-- setUp -->
        <test-method status="FAIL" signature="verifyAdminLogoutLinkTest()[pri:6, instance:com.HRM.testcases.AdminHomePageTest@13ad2d6]" name="verifyAdminLogoutLinkTest" duration-ms="2751" started-at="2018-07-24T13:09:51Z" finished-at="2018-07-24T13:09:54Z">
          <exception class="org.openqa.selenium.ElementNotVisibleException">
            <message>
              <![CDATA[element not visible
  (Session info: chrome=66.0.3359.139)
  (Driver info: chromedriver=2.36.540470 (e522d04694c7ebea4ba8821272dbef4f9b818c91),platform=Windows NT 6.2.9200 x86) (WARNING: The server did not provide any stacktrace information)
Command duration or timeout: 0 milliseconds
Build info: version: '3.5.3', revision: 'a88d25fe6b', time: '2017-08-29T12:42:44.417Z'
System info: host: 'VEERANTI', ip: '192.168.43.185', os.name: 'Windows 8', os.arch: 'x86', os.version: '6.2', java.version: '1.8.0_71'
Driver info: org.openqa.selenium.chrome.ChromeDriver
Capabilities [{mobileEmulationEnabled=false, hasTouchScreen=false, platform=WIN8, acceptSslCerts=false, acceptInsecureCerts=false, webStorageEnabled=true, browserName=chrome, takesScreenshot=true, javascriptEnabled=true, platformName=WIN8, setWindowRect=true, unexpectedAlertBehaviour=, applicationCacheEnabled=false, rotatable=false, networkConnectionEnabled=false, chrome={chromedriverVersion=2.36.540470 (e522d04694c7ebea4ba8821272dbef4f9b818c91), userDataDir=C:\Users\ramya\AppData\Local\Temp\scoped_dir7504_6071}, takesHeapSnapshot=true, pageLoadStrategy=normal, unhandledPromptBehavior=, databaseEnabled=false, handlesAlerts=true, version=66.0.3359.139, browserConnectionEnabled=false, nativeEvents=true, locationContextEnabled=true, cssSelectorsEnabled=true}]
Session ID: c3471befc813e3740de6c45ee19298bb]]>
            </message>
            <full-stacktrace>
              <![CDATA[org.openqa.selenium.ElementNotVisibleException: element not visible
  (Session info: chrome=66.0.3359.139)
  (Driver info: chromedriver=2.36.540470 (e522d04694c7ebea4ba8821272dbef4f9b818c91),platform=Windows NT 6.2.9200 x86) (WARNING: The server did not provide any stacktrace information)
Command duration or timeout: 0 milliseconds
Build info: version: '3.5.3', revision: 'a88d25fe6b', time: '2017-08-29T12:42:44.417Z'
System info: host: 'VEERANTI', ip: '192.168.43.185', os.name: 'Windows 8', os.arch: 'x86', os.version: '6.2', java.version: '1.8.0_71'
Driver info: org.openqa.selenium.chrome.ChromeDriver
Capabilities [{mobileEmulationEnabled=false, hasTouchScreen=false, platform=WIN8, acceptSslCerts=false, acceptInsecureCerts=false, webStorageEnabled=true, browserName=chrome, takesScreenshot=true, javascriptEnabled=true, platformName=WIN8, setWindowRect=true, unexpectedAlertBehaviour=, applicationCacheEnabled=false, rotatable=false, networkConnectionEnabled=false, chrome={chromedriverVersion=2.36.540470 (e522d04694c7ebea4ba8821272dbef4f9b818c91), userDataDir=C:\Users\ramya\AppData\Local\Temp\scoped_dir7504_6071}, takesHeapSnapshot=true, pageLoadStrategy=normal, unhandledPromptBehavior=, databaseEnabled=false, handlesAlerts=true, version=66.0.3359.139, browserConnectionEnabled=false, nativeEvents=true, locationContextEnabled=true, cssSelectorsEnabled=true}]
Session ID: c3471befc813e3740de6c45ee19298bb
	at sun.reflect.NativeConstructorAccessorImpl.newInstance0(Native Method)
	at sun.reflect.NativeConstructorAccessorImpl.newInstance(NativeConstructorAccessorImpl.java:62)
	at sun.reflect.DelegatingConstructorAccessorImpl.newInstance(DelegatingConstructorAccessorImpl.java:45)
	at java.lang.reflect.Constructor.newInstance(Constructor.java:422)
	at org.openqa.selenium.remote.ErrorHandler.createThrowable(ErrorHandler.java:215)
	at org.openqa.selenium.remote.ErrorHandler.throwIfResponseFailed(ErrorHandler.java:167)
	at org.openqa.selenium.remote.http.JsonHttpResponseCodec.reconstructValue(JsonHttpResponseCodec.java:40)
	at org.openqa.selenium.remote.http.AbstractHttpResponseCodec.decode(AbstractHttpResponseCodec.java:82)
	at org.openqa.selenium.remote.http.AbstractHttpResponseCodec.decode(AbstractHttpResponseCodec.java:45)
	at org.openqa.selenium.remote.HttpCommandExecutor.execute(HttpCommandExecutor.java:164)
	at org.openqa.selenium.remote.service.DriverCommandExecutor.execute(DriverCommandExecutor.java:82)
	at org.openqa.selenium.remote.RemoteWebDriver.execute(RemoteWebDriver.java:646)
	at org.openqa.selenium.remote.RemoteWebElement.execute(RemoteWebElement.java:275)
	at org.openqa.selenium.remote.RemoteWebElement.click(RemoteWebElement.java:82)
	at sun.reflect.GeneratedMethodAccessor5.invoke(Unknown Source)
	at sun.reflect.DelegatingMethodAccessorImpl.invoke(DelegatingMethodAccessorImpl.java:43)
	at java.lang.reflect.Method.invoke(Method.java:497)
	at org.openqa.selenium.support.events.EventFiringWebDriver$EventFiringWebElement$1.invoke(EventFiringWebDriver.java:350)
	at com.sun.proxy.$Proxy12.click(Unknown Source)
	at org.openqa.selenium.support.events.EventFiringWebDriver$EventFiringWebElement.click(EventFiringWebDriver.java:363)
	at sun.reflect.GeneratedMethodAccessor5.invoke(Unknown Source)
	at sun.reflect.DelegatingMethodAccessorImpl.invoke(DelegatingMethodAccessorImpl.java:43)
	at java.lang.reflect.Method.invoke(Method.java:497)
	at org.openqa.selenium.support.pagefactory.internal.LocatingElementHandler.invoke(LocatingElementHandler.java:51)
	at com.sun.proxy.$Proxy11.click(Unknown Source)
	at com.HRM.pages.AdminHomePage.clickOnLogoutLink(AdminHomePage.java:97)
	at com.HRM.testcases.AdminHomePageTest.verifyAdminLogoutLinkTest(AdminHomePageTest.java:71)
	at sun.reflect.NativeMethodAccessorImpl.invoke0(Native Method)
	at sun.reflect.NativeMethodAccessorImpl.invoke(NativeMethodAccessorImpl.java:62)
	at sun.reflect.DelegatingMethodAccessorImpl.invoke(DelegatingMethodAccessorImpl.java:43)
	at java.lang.reflect.Method.invoke(Method.java:497)
	at org.testng.internal.MethodInvocationHelper.invokeMethod(MethodInvocationHelper.java:108)
	at org.testng.internal.Invoker.invokeMethod(Invoker.java:661)
	at org.testng.internal.Invoker.invokeTestMethod(Invoker.java:869)
	at org.testng.internal.Invoker.invokeTestMethods(Invoker.java:1193)
	at org.testng.internal.TestMethodWorker.invokeTestMethods(TestMethodWorker.java:126)
	at org.testng.internal.TestMethodWorker.run(TestMethodWorker.java:109)
	at org.testng.TestRunner.privateRun(TestRunner.java:744)
	at org.testng.TestRunner.run(TestRunner.java:602)
	at org.testng.SuiteRunner.runTest(SuiteRunner.java:380)
	at org.testng.SuiteRunner.runSequentially(SuiteRunner.java:375)
	at org.testng.SuiteRunner.privateRun(SuiteRunner.java:340)
	at org.testng.SuiteRunner.run(SuiteRunner.java:289)
	at org.testng.SuiteRunnerWorker.runSuite(SuiteRunnerWorker.java:52)
	at org.testng.SuiteRunnerWorker.run(SuiteRunnerWorker.java:86)
	at org.testng.TestNG.runSuitesSequentially(TestNG.java:1301)
	at org.testng.TestNG.runSuitesLocally(TestNG.java:1226)
	at org.testng.TestNG.runSuites(TestNG.java:1144)
	at org.testng.TestNG.run(TestNG.java:1115)
	at org.testng.remote.AbstractRemoteTestNG.run(AbstractRemoteTestNG.java:114)
	at org.testng.remote.RemoteTestNG.initAndRun(RemoteTestNG.java:251)
	at org.testng.remote.RemoteTestNG.main(RemoteTestNG.java:77)
]]>
            </full-stacktrace>
          </exception> <!-- org.openqa.selenium.ElementNotVisibleException -->
          <reporter-output>
          </reporter-output>
        </test-method> <!-- verifyAdminLogoutLinkTest -->
        <test-method status="PASS" signature="tearDown()[pri:0, instance:com.HRM.testcases.AdminHomePageTest@13ad2d6]" name="tearDown" is-config="true" duration-ms="152" started-at="2018-07-24T13:09:54Z" finished-at="2018-07-24T13:09:54Z">
          <reporter-output>
          </reporter-output>
        </test-method> <!-- tearDown -->
        <test-method status="PASS" signature="setUp()[pri:0, instance:com.HRM.testcases.AdminHomePageTest@13ad2d6]" name="setUp" is-config="true" duration-ms="16133" started-at="2018-07-24T13:10:11Z" finished-at="2018-07-24T13:10:27Z">
          <reporter-output>
          </reporter-output>
        </test-method> <!-- setUp -->
        <test-method status="PASS" signature="verifyAdminPageLinkTest()[pri:7, instance:com.HRM.testcases.AdminHomePageTest@13ad2d6]" name="verifyAdminPageLinkTest" duration-ms="1845" started-at="2018-07-24T13:10:27Z" finished-at="2018-07-24T13:10:29Z">
          <reporter-output>
          </reporter-output>
        </test-method> <!-- verifyAdminPageLinkTest -->
        <test-method status="PASS" signature="tearDown()[pri:0, instance:com.HRM.testcases.AdminHomePageTest@13ad2d6]" name="tearDown" is-config="true" duration-ms="2108" started-at="2018-07-24T13:10:29Z" finished-at="2018-07-24T13:10:31Z">
          <reporter-output>
          </reporter-output>
        </test-method> <!-- tearDown -->
        <test-method status="PASS" signature="setUp()[pri:0, instance:com.HRM.testcases.AdminHomePageTest@13ad2d6]" name="setUp" is-config="true" duration-ms="15240" started-at="2018-07-24T13:10:59Z" finished-at="2018-07-24T13:11:15Z">
          <reporter-output>
          </reporter-output>
        </test-method> <!-- setUp -->
        <test-method status="PASS" signature="verifyPIMPageLinkTest()[pri:8, instance:com.HRM.testcases.AdminHomePageTest@13ad2d6]" name="verifyPIMPageLinkTest" duration-ms="3172" started-at="2018-07-24T13:11:15Z" finished-at="2018-07-24T13:11:18Z">
          <reporter-output>
          </reporter-output>
        </test-method> <!-- verifyPIMPageLinkTest -->
        <test-method status="PASS" signature="tearDown()[pri:0, instance:com.HRM.testcases.AdminHomePageTest@13ad2d6]" name="tearDown" is-config="true" duration-ms="2093" started-at="2018-07-24T13:11:18Z" finished-at="2018-07-24T13:11:20Z">
          <reporter-output>
          </reporter-output>
        </test-method> <!-- tearDown -->
        <test-method status="PASS" signature="setUp()[pri:0, instance:com.HRM.testcases.AdminHomePageTest@13ad2d6]" name="setUp" is-config="true" duration-ms="12034" started-at="2018-07-24T13:11:40Z" finished-at="2018-07-24T13:11:52Z">
          <reporter-output>
          </reporter-output>
        </test-method> <!-- setUp -->
        <test-method status="PASS" signature="verifyLeavePageLinkTest()[pri:9, instance:com.HRM.testcases.AdminHomePageTest@13ad2d6]" name="verifyLeavePageLinkTest" duration-ms="3762" started-at="2018-07-24T13:11:52Z" finished-at="2018-07-24T13:11:56Z">
          <reporter-output>
          </reporter-output>
        </test-method> <!-- verifyLeavePageLinkTest -->
        <test-method status="PASS" signature="tearDown()[pri:0, instance:com.HRM.testcases.AdminHomePageTest@13ad2d6]" name="tearDown" is-config="true" duration-ms="2106" started-at="2018-07-24T13:11:56Z" finished-at="2018-07-24T13:11:58Z">
          <reporter-output>
          </reporter-output>
        </test-method> <!-- tearDown -->
        <test-method status="PASS" signature="setUp()[pri:0, instance:com.HRM.testcases.AdminHomePageTest@13ad2d6]" name="setUp" is-config="true" duration-ms="10620" started-at="2018-07-24T13:12:16Z" finished-at="2018-07-24T13:12:27Z">
          <reporter-output>
          </reporter-output>
        </test-method> <!-- setUp -->
        <test-method status="PASS" signature="verifyTimePageLinkTest()[pri:10, instance:com.HRM.testcases.AdminHomePageTest@13ad2d6]" name="verifyTimePageLinkTest" duration-ms="3577" started-at="2018-07-24T13:12:27Z" finished-at="2018-07-24T13:12:30Z">
          <reporter-output>
          </reporter-output>
        </test-method> <!-- verifyTimePageLinkTest -->
        <test-method status="PASS" signature="tearDown()[pri:0, instance:com.HRM.testcases.AdminHomePageTest@13ad2d6]" name="tearDown" is-config="true" duration-ms="2384" started-at="2018-07-24T13:12:30Z" finished-at="2018-07-24T13:12:33Z">
          <reporter-output>
          </reporter-output>
        </test-method> <!-- tearDown -->
        <test-method status="PASS" signature="setUp()[pri:0, instance:com.HRM.testcases.AdminHomePageTest@13ad2d6]" name="setUp" is-config="true" duration-ms="11202" started-at="2018-07-24T13:12:50Z" finished-at="2018-07-24T13:13:02Z">
          <reporter-output>
          </reporter-output>
        </test-method> <!-- setUp -->
        <test-method status="PASS" signature="verifyRecruitmentPageLinkTest()[pri:11, instance:com.HRM.testcases.AdminHomePageTest@13ad2d6]" name="verifyRecruitmentPageLinkTest" duration-ms="10387" started-at="2018-07-24T13:13:02Z" finished-at="2018-07-24T13:13:12Z">
          <reporter-output>
          </reporter-output>
        </test-method> <!-- verifyRecruitmentPageLinkTest -->
        <test-method status="PASS" signature="tearDown()[pri:0, instance:com.HRM.testcases.AdminHomePageTest@13ad2d6]" name="tearDown" is-config="true" duration-ms="167" started-at="2018-07-24T13:13:12Z" finished-at="2018-07-24T13:13:12Z">
          <reporter-output>
          </reporter-output>
        </test-method> <!-- tearDown -->
        <test-method status="PASS" signature="setUp()[pri:0, instance:com.HRM.testcases.AdminHomePageTest@13ad2d6]" name="setUp" is-config="true" duration-ms="14179" started-at="2018-07-24T13:13:31Z" finished-at="2018-07-24T13:13:46Z">
          <reporter-output>
          </reporter-output>
        </test-method> <!-- setUp -->
        <test-method status="PASS" signature="verifyPerformancePageLinkTest()[pri:12, instance:com.HRM.testcases.AdminHomePageTest@13ad2d6]" name="verifyPerformancePageLinkTest" duration-ms="150" started-at="2018-07-24T13:13:46Z" finished-at="2018-07-24T13:13:46Z">
          <reporter-output>
          </reporter-output>
        </test-method> <!-- verifyPerformancePageLinkTest -->
        <test-method status="PASS" signature="tearDown()[pri:0, instance:com.HRM.testcases.AdminHomePageTest@13ad2d6]" name="tearDown" is-config="true" duration-ms="2132" started-at="2018-07-24T13:13:46Z" finished-at="2018-07-24T13:13:48Z">
          <reporter-output>
          </reporter-output>
        </test-method> <!-- tearDown -->
        <test-method status="PASS" signature="setUp()[pri:0, instance:com.HRM.testcases.AdminHomePageTest@13ad2d6]" name="setUp" is-config="true" duration-ms="11358" started-at="2018-07-24T13:14:04Z" finished-at="2018-07-24T13:14:16Z">
          <reporter-output>
          </reporter-output>
        </test-method> <!-- setUp -->
        <test-method status="PASS" signature="verifyAdminDashboardLinkTest()[pri:13, instance:com.HRM.testcases.AdminHomePageTest@13ad2d6]" name="verifyAdminDashboardLinkTest" duration-ms="2699" started-at="2018-07-24T13:14:16Z" finished-at="2018-07-24T13:14:18Z">
          <reporter-output>
          </reporter-output>
        </test-method> <!-- verifyAdminDashboardLinkTest -->
        <test-method status="PASS" signature="tearDown()[pri:0, instance:com.HRM.testcases.AdminHomePageTest@13ad2d6]" name="tearDown" is-config="true" duration-ms="303" started-at="2018-07-24T13:14:18Z" finished-at="2018-07-24T13:14:19Z">
          <reporter-output>
          </reporter-output>
        </test-method> <!-- tearDown -->
        <test-method status="PASS" signature="setUp()[pri:0, instance:com.HRM.testcases.AdminHomePageTest@13ad2d6]" name="setUp" is-config="true" duration-ms="11347" started-at="2018-07-24T13:14:37Z" finished-at="2018-07-24T13:14:48Z">
          <reporter-output>
          </reporter-output>
        </test-method> <!-- setUp -->
        <test-method status="PASS" signature="verifyDirectoryPageLinkTest()[pri:14, instance:com.HRM.testcases.AdminHomePageTest@13ad2d6]" name="verifyDirectoryPageLinkTest" duration-ms="4287" started-at="2018-07-24T13:14:48Z" finished-at="2018-07-24T13:14:52Z">
          <reporter-output>
          </reporter-output>
        </test-method> <!-- verifyDirectoryPageLinkTest -->
        <test-method status="PASS" signature="tearDown()[pri:0, instance:com.HRM.testcases.AdminHomePageTest@13ad2d6]" name="tearDown" is-config="true" duration-ms="149" started-at="2018-07-24T13:14:52Z" finished-at="2018-07-24T13:14:52Z">
          <reporter-output>
          </reporter-output>
        </test-method> <!-- tearDown -->
      </class> <!-- com.HRM.testcases.AdminHomePageTest -->
    </test> <!-- Orange HRM Test Cases -->
  </suite> <!-- Orange HRM Test Suite -->
</testng-results>
