<?xml version="1.0" encoding="UTF-8"?>
<testng-results skipped="0" failed="1" ignored="0" total="6" passed="5">
  <reporter-output>
  </reporter-output>
  <suite name="Default suite" duration-ms="287989" started-at="2018-07-30T07:38:34Z" finished-at="2018-07-30T07:43:22Z">
    <groups>
    </groups>
    <test name="Default test" duration-ms="287989" started-at="2018-07-30T07:38:34Z" finished-at="2018-07-30T07:43:22Z">
      <class name="com.HRM.testcases.JobCategoriesPageTest">
        <test-method status="PASS" signature="setUp()[pri:0, instance:com.HRM.testcases.JobCategoriesPageTest@1ec2012]" name="setUp" is-config="true" duration-ms="53560" started-at="2018-07-30T13:08:34Z" finished-at="2018-07-30T13:09:28Z">
          <reporter-output>
          </reporter-output>
        </test-method> <!-- setUp -->
        <test-method status="PASS" signature="VerifyJobCategoriesPageHeaderTest()[pri:1, instance:com.HRM.testcases.JobCategoriesPageTest@1ec2012]" name="VerifyJobCategoriesPageHeaderTest" duration-ms="82" started-at="2018-07-30T13:09:28Z" finished-at="2018-07-30T13:09:28Z">
          <reporter-output>
          </reporter-output>
        </test-method> <!-- VerifyJobCategoriesPageHeaderTest -->
        <test-method status="PASS" signature="tearDown()[pri:0, instance:com.HRM.testcases.JobCategoriesPageTest@1ec2012]" name="tearDown" is-config="true" duration-ms="2066" started-at="2018-07-30T13:09:28Z" finished-at="2018-07-30T13:09:30Z">
          <reporter-output>
          </reporter-output>
        </test-method> <!-- tearDown -->
        <test-method status="PASS" signature="setUp()[pri:0, instance:com.HRM.testcases.JobCategoriesPageTest@1ec2012]" name="setUp" is-config="true" duration-ms="40997" started-at="2018-07-30T13:09:31Z" finished-at="2018-07-30T13:10:12Z">
          <reporter-output>
          </reporter-output>
        </test-method> <!-- setUp -->
        <test-method status="PASS" signature="VerifyAddJobCategoriesTest(java.lang.String)[pri:2, instance:com.HRM.testcases.JobCategoriesPageTest@1ec2012]" name="VerifyAddJobCategoriesTest" duration-ms="2196" started-at="2018-07-30T13:10:12Z" data-provider="AddJobCategories" finished-at="2018-07-30T13:10:14Z">
          <params>
            <param index="0">
              <value>
                <![CDATA[TEST1 Jobs]]>
              </value>
            </param>
          </params>
          <reporter-output>
          </reporter-output>
        </test-method> <!-- VerifyAddJobCategoriesTest -->
        <test-method status="PASS" signature="tearDown()[pri:0, instance:com.HRM.testcases.JobCategoriesPageTest@1ec2012]" name="tearDown" is-config="true" duration-ms="2159" started-at="2018-07-30T13:10:14Z" finished-at="2018-07-30T13:10:16Z">
          <reporter-output>
          </reporter-output>
        </test-method> <!-- tearDown -->
        <test-method status="PASS" signature="setUp()[pri:0, instance:com.HRM.testcases.JobCategoriesPageTest@1ec2012]" name="setUp" is-config="true" duration-ms="45297" started-at="2018-07-30T13:10:16Z" finished-at="2018-07-30T13:11:01Z">
          <reporter-output>
          </reporter-output>
        </test-method> <!-- setUp -->
        <test-method status="PASS" signature="VerifyAddJobCategoriesTest(java.lang.String)[pri:2, instance:com.HRM.testcases.JobCategoriesPageTest@1ec2012]" name="VerifyAddJobCategoriesTest" duration-ms="2548" started-at="2018-07-30T13:11:01Z" data-provider="AddJobCategories" finished-at="2018-07-30T13:11:04Z">
          <params>
            <param index="0">
              <value>
                <![CDATA[TEST2 Jobs]]>
              </value>
            </param>
          </params>
          <reporter-output>
          </reporter-output>
        </test-method> <!-- VerifyAddJobCategoriesTest -->
        <test-method status="PASS" signature="tearDown()[pri:0, instance:com.HRM.testcases.JobCategoriesPageTest@1ec2012]" name="tearDown" is-config="true" duration-ms="2059" started-at="2018-07-30T13:11:04Z" finished-at="2018-07-30T13:11:06Z">
          <reporter-output>
          </reporter-output>
        </test-method> <!-- tearDown -->
        <test-method status="PASS" signature="setUp()[pri:0, instance:com.HRM.testcases.JobCategoriesPageTest@1ec2012]" name="setUp" is-config="true" duration-ms="12948" started-at="2018-07-30T13:11:06Z" finished-at="2018-07-30T13:11:19Z">
          <reporter-output>
          </reporter-output>
        </test-method> <!-- setUp -->
        <test-method status="PASS" signature="VerifyAddJobCategoriesTest(java.lang.String)[pri:2, instance:com.HRM.testcases.JobCategoriesPageTest@1ec2012]" name="VerifyAddJobCategoriesTest" duration-ms="474" started-at="2018-07-30T13:11:19Z" data-provider="AddJobCategories" finished-at="2018-07-30T13:11:19Z">
          <params>
            <param index="0">
              <value>
                <![CDATA[]]>
              </value>
            </param>
          </params>
          <reporter-output>
          </reporter-output>
        </test-method> <!-- VerifyAddJobCategoriesTest -->
        <test-method status="PASS" signature="tearDown()[pri:0, instance:com.HRM.testcases.JobCategoriesPageTest@1ec2012]" name="tearDown" is-config="true" duration-ms="2055" started-at="2018-07-30T13:11:19Z" finished-at="2018-07-30T13:11:21Z">
          <reporter-output>
          </reporter-output>
        </test-method> <!-- tearDown -->
        <test-method status="PASS" signature="setUp()[pri:0, instance:com.HRM.testcases.JobCategoriesPageTest@1ec2012]" name="setUp" is-config="true" duration-ms="42734" started-at="2018-07-30T13:11:22Z" finished-at="2018-07-30T13:12:04Z">
          <reporter-output>
          </reporter-output>
        </test-method> <!-- setUp -->
        <test-method status="PASS" signature="VerifyDeleteJobTitlesTest(java.lang.String, java.lang.String)[pri:3, instance:com.HRM.testcases.JobCategoriesPageTest@1ec2012]" name="VerifyDeleteJobTitlesTest" duration-ms="893" started-at="2018-07-30T13:12:04Z" data-provider="DeleteJobCategories" finished-at="2018-07-30T13:12:05Z">
          <params>
            <param index="0">
              <value>
                <![CDATA[TEST1 Jobs]]>
              </value>
            </param>
            <param index="1">
              <value>
                <![CDATA[FALSE]]>
              </value>
            </param>
          </params>
          <reporter-output>
          </reporter-output>
        </test-method> <!-- VerifyDeleteJobTitlesTest -->
        <test-method status="PASS" signature="tearDown()[pri:0, instance:com.HRM.testcases.JobCategoriesPageTest@1ec2012]" name="tearDown" is-config="true" duration-ms="2061" started-at="2018-07-30T13:12:05Z" finished-at="2018-07-30T13:12:07Z">
          <reporter-output>
          </reporter-output>
        </test-method> <!-- tearDown -->
        <test-method status="PASS" signature="setUp()[pri:0, instance:com.HRM.testcases.JobCategoriesPageTest@1ec2012]" name="setUp" is-config="true" duration-ms="69740" started-at="2018-07-30T13:12:07Z" finished-at="2018-07-30T13:13:17Z">
          <reporter-output>
          </reporter-output>
        </test-method> <!-- setUp -->
        <test-method status="FAIL" signature="VerifyDeleteJobTitlesTest(java.lang.String, java.lang.String)[pri:3, instance:com.HRM.testcases.JobCategoriesPageTest@1ec2012]" name="VerifyDeleteJobTitlesTest" duration-ms="2892" started-at="2018-07-30T13:13:17Z" data-provider="DeleteJobCategories" finished-at="2018-07-30T13:13:20Z">
          <params>
            <param index="0">
              <value>
                <![CDATA[TEST2 Jobs]]>
              </value>
            </param>
            <param index="1">
              <value>
                <![CDATA[TRUE]]>
              </value>
            </param>
          </params>
          <exception class="org.openqa.selenium.StaleElementReferenceException">
            <message>
              <![CDATA[stale element reference: element is not attached to the page document
  (Session info: chrome=66.0.3359.139)
  (Driver info: chromedriver=2.36.540470 (e522d04694c7ebea4ba8821272dbef4f9b818c91),platform=Windows NT 6.2.9200 x86) (WARNING: The server did not provide any stacktrace information)
Command duration or timeout: 0 milliseconds
For documentation on this error, please visit: http://seleniumhq.org/exceptions/stale_element_reference.html
Build info: version: '3.5.3', revision: 'a88d25fe6b', time: '2017-08-29T12:42:44.417Z'
System info: host: 'VEERANTI', ip: '192.168.0.4', os.name: 'Windows 8', os.arch: 'x86', os.version: '6.2', java.version: '1.8.0_71'
Driver info: org.openqa.selenium.chrome.ChromeDriver
Capabilities [{mobileEmulationEnabled=false, hasTouchScreen=false, platform=WIN8, acceptSslCerts=false, acceptInsecureCerts=false, webStorageEnabled=true, browserName=chrome, takesScreenshot=true, javascriptEnabled=true, platformName=WIN8, setWindowRect=true, unexpectedAlertBehaviour=, applicationCacheEnabled=false, rotatable=false, networkConnectionEnabled=false, chrome={chromedriverVersion=2.36.540470 (e522d04694c7ebea4ba8821272dbef4f9b818c91), userDataDir=C:\Users\ramya\AppData\Local\Temp\scoped_dir9768_3103}, takesHeapSnapshot=true, pageLoadStrategy=normal, unhandledPromptBehavior=, databaseEnabled=false, handlesAlerts=true, version=66.0.3359.139, browserConnectionEnabled=false, nativeEvents=true, locationContextEnabled=true, cssSelectorsEnabled=true}]
Session ID: 526b15d33e3f4df2a6a2af8b686cb80e]]>
            </message>
            <full-stacktrace>
              <![CDATA[org.openqa.selenium.StaleElementReferenceException: stale element reference: element is not attached to the page document
  (Session info: chrome=66.0.3359.139)
  (Driver info: chromedriver=2.36.540470 (e522d04694c7ebea4ba8821272dbef4f9b818c91),platform=Windows NT 6.2.9200 x86) (WARNING: The server did not provide any stacktrace information)
Command duration or timeout: 0 milliseconds
For documentation on this error, please visit: http://seleniumhq.org/exceptions/stale_element_reference.html
Build info: version: '3.5.3', revision: 'a88d25fe6b', time: '2017-08-29T12:42:44.417Z'
System info: host: 'VEERANTI', ip: '192.168.0.4', os.name: 'Windows 8', os.arch: 'x86', os.version: '6.2', java.version: '1.8.0_71'
Driver info: org.openqa.selenium.chrome.ChromeDriver
Capabilities [{mobileEmulationEnabled=false, hasTouchScreen=false, platform=WIN8, acceptSslCerts=false, acceptInsecureCerts=false, webStorageEnabled=true, browserName=chrome, takesScreenshot=true, javascriptEnabled=true, platformName=WIN8, setWindowRect=true, unexpectedAlertBehaviour=, applicationCacheEnabled=false, rotatable=false, networkConnectionEnabled=false, chrome={chromedriverVersion=2.36.540470 (e522d04694c7ebea4ba8821272dbef4f9b818c91), userDataDir=C:\Users\ramya\AppData\Local\Temp\scoped_dir9768_3103}, takesHeapSnapshot=true, pageLoadStrategy=normal, unhandledPromptBehavior=, databaseEnabled=false, handlesAlerts=true, version=66.0.3359.139, browserConnectionEnabled=false, nativeEvents=true, locationContextEnabled=true, cssSelectorsEnabled=true}]
Session ID: 526b15d33e3f4df2a6a2af8b686cb80e
	at sun.reflect.NativeConstructorAccessorImpl.newInstance0(Native Method)
	at sun.reflect.NativeConstructorAccessorImpl.newInstance(NativeConstructorAccessorImpl.java:62)
	at sun.reflect.DelegatingConstructorAccessorImpl.newInstance(DelegatingConstructorAccessorImpl.java:45)
	at java.lang.reflect.Constructor.newInstance(Constructor.java:422)
	at org.openqa.selenium.remote.ErrorHandler.createThrowable(ErrorHandler.java:215)
	at org.openqa.selenium.remote.ErrorHandler.throwIfResponseFailed(ErrorHandler.java:167)
	at org.openqa.selenium.remote.http.JsonHttpResponseCodec.reconstructValue(JsonHttpResponseCodec.java:40)
	at org.openqa.selenium.remote.http.AbstractHttpResponseCodec.decode(AbstractHttpResponseCodec.java:82)
	at org.openqa.selenium.remote.http.AbstractHttpResponseCodec.decode(AbstractHttpResponseCodec.java:45)
	at org.openqa.selenium.remote.HttpCommandExecutor.execute(HttpCommandExecutor.java:164)
	at org.openqa.selenium.remote.service.DriverCommandExecutor.execute(DriverCommandExecutor.java:82)
	at org.openqa.selenium.remote.RemoteWebDriver.execute(RemoteWebDriver.java:646)
	at org.openqa.selenium.remote.RemoteWebElement.execute(RemoteWebElement.java:275)
	at org.openqa.selenium.remote.RemoteWebElement.getText(RemoteWebElement.java:159)
	at sun.reflect.GeneratedMethodAccessor10.invoke(Unknown Source)
	at sun.reflect.DelegatingMethodAccessorImpl.invoke(DelegatingMethodAccessorImpl.java:43)
	at java.lang.reflect.Method.invoke(Method.java:497)
	at org.openqa.selenium.support.events.EventFiringWebDriver$EventFiringWebElement$1.invoke(EventFiringWebDriver.java:350)
	at com.sun.proxy.$Proxy13.getText(Unknown Source)
	at org.openqa.selenium.support.events.EventFiringWebDriver$EventFiringWebElement.getText(EventFiringWebDriver.java:400)
	at com.HRM.pages.JobCategoriesPage.DeleteJobCategory(JobCategoriesPage.java:77)
	at com.HRM.testcases.JobCategoriesPageTest.VerifyDeleteJobTitlesTest(JobCategoriesPageTest.java:90)
	at sun.reflect.NativeMethodAccessorImpl.invoke0(Native Method)
	at sun.reflect.NativeMethodAccessorImpl.invoke(NativeMethodAccessorImpl.java:62)
	at sun.reflect.DelegatingMethodAccessorImpl.invoke(DelegatingMethodAccessorImpl.java:43)
	at java.lang.reflect.Method.invoke(Method.java:497)
	at org.testng.internal.MethodInvocationHelper.invokeMethod(MethodInvocationHelper.java:108)
	at org.testng.internal.Invoker.invokeMethod(Invoker.java:661)
	at org.testng.internal.Invoker.invokeTestMethod(Invoker.java:869)
	at org.testng.internal.Invoker.invokeTestMethods(Invoker.java:1193)
	at org.testng.internal.TestMethodWorker.invokeTestMethods(TestMethodWorker.java:126)
	at org.testng.internal.TestMethodWorker.run(TestMethodWorker.java:109)
	at org.testng.TestRunner.privateRun(TestRunner.java:744)
	at org.testng.TestRunner.run(TestRunner.java:602)
	at org.testng.SuiteRunner.runTest(SuiteRunner.java:380)
	at org.testng.SuiteRunner.runSequentially(SuiteRunner.java:375)
	at org.testng.SuiteRunner.privateRun(SuiteRunner.java:340)
	at org.testng.SuiteRunner.run(SuiteRunner.java:289)
	at org.testng.SuiteRunnerWorker.runSuite(SuiteRunnerWorker.java:52)
	at org.testng.SuiteRunnerWorker.run(SuiteRunnerWorker.java:86)
	at org.testng.TestNG.runSuitesSequentially(TestNG.java:1301)
	at org.testng.TestNG.runSuitesLocally(TestNG.java:1226)
	at org.testng.TestNG.runSuites(TestNG.java:1144)
	at org.testng.TestNG.run(TestNG.java:1115)
	at org.testng.remote.AbstractRemoteTestNG.run(AbstractRemoteTestNG.java:114)
	at org.testng.remote.RemoteTestNG.initAndRun(RemoteTestNG.java:251)
	at org.testng.remote.RemoteTestNG.main(RemoteTestNG.java:77)
]]>
            </full-stacktrace>
          </exception> <!-- org.openqa.selenium.StaleElementReferenceException -->
          <reporter-output>
          </reporter-output>
        </test-method> <!-- VerifyDeleteJobTitlesTest -->
        <test-method status="PASS" signature="tearDown()[pri:0, instance:com.HRM.testcases.JobCategoriesPageTest@1ec2012]" name="tearDown" is-config="true" duration-ms="2066" started-at="2018-07-30T13:13:20Z" finished-at="2018-07-30T13:13:22Z">
          <reporter-output>
          </reporter-output>
        </test-method> <!-- tearDown -->
      </class> <!-- com.HRM.testcases.JobCategoriesPageTest -->
    </test> <!-- Default test -->
  </suite> <!-- Default suite -->
</testng-results>
