<?xml version="1.0" encoding="UTF-8"?>
<testng-results skipped="0" failed="0" ignored="1" total="3" passed="2">
  <reporter-output>
  </reporter-output>
  <suite name="Default suite" duration-ms="30427" started-at="2018-07-28T16:20:25Z" finished-at="2018-07-28T16:20:55Z">
    <groups>
    </groups>
    <test name="Default test" duration-ms="30427" started-at="2018-07-28T16:20:25Z" finished-at="2018-07-28T16:20:55Z">
      <class name="com.HRM.testcases.JobTitlesPageTest">
        <test-method status="PASS" signature="setUp()[pri:0, instance:com.HRM.testcases.JobTitlesPageTest@1ec2012]" name="setUp" is-config="true" duration-ms="15483" started-at="2018-07-28T21:50:26Z" finished-at="2018-07-28T21:50:41Z">
          <reporter-output>
          </reporter-output>
        </test-method> <!-- setUp -->
        <test-method status="PASS" signature="VerifyDeleteJobTitlesTest(java.lang.String)[pri:2, instance:com.HRM.testcases.JobTitlesPageTest@1ec2012]" name="VerifyDeleteJobTitlesTest" duration-ms="436" started-at="2018-07-28T21:50:41Z" data-provider="deleteJobTitles" finished-at="2018-07-28T21:50:42Z">
          <params>
            <param index="0">
              <value>
                <![CDATA[TESTER]]>
              </value>
            </param>
          </params>
          <reporter-output>
          </reporter-output>
        </test-method> <!-- VerifyDeleteJobTitlesTest -->
        <test-method status="PASS" signature="setUp()[pri:0, instance:com.HRM.testcases.JobTitlesPageTest@1ec2012]" name="setUp" is-config="true" duration-ms="13066" started-at="2018-07-28T21:50:42Z" finished-at="2018-07-28T21:50:55Z">
          <reporter-output>
          </reporter-output>
        </test-method> <!-- setUp -->
        <test-method status="PASS" signature="tearDown()[pri:0, instance:com.HRM.testcases.JobTitlesPageTest@1ec2012]" name="tearDown" is-config="true" duration-ms="0" started-at="2018-07-28T21:50:42Z" finished-at="2018-07-28T21:50:42Z">
          <reporter-output>
          </reporter-output>
        </test-method> <!-- tearDown -->
        <test-method status="PASS" signature="VerifyDeleteJobTitlesTest(java.lang.String)[pri:2, instance:com.HRM.testcases.JobTitlesPageTest@1ec2012]" name="VerifyDeleteJobTitlesTest" duration-ms="454" started-at="2018-07-28T21:50:55Z" data-provider="deleteJobTitles" finished-at="2018-07-28T21:50:55Z">
          <params>
            <param index="0">
              <value>
                <![CDATA[ALFA]]>
              </value>
            </param>
          </params>
          <reporter-output>
          </reporter-output>
        </test-method> <!-- VerifyDeleteJobTitlesTest -->
        <test-method status="PASS" signature="tearDown()[pri:0, instance:com.HRM.testcases.JobTitlesPageTest@1ec2012]" name="tearDown" is-config="true" duration-ms="1" started-at="2018-07-28T21:50:55Z" finished-at="2018-07-28T21:50:55Z">
          <reporter-output>
          </reporter-output>
        </test-method> <!-- tearDown -->
      </class> <!-- com.HRM.testcases.JobTitlesPageTest -->
    </test> <!-- Default test -->
  </suite> <!-- Default suite -->
</testng-results>
