<?xml version="1.0" encoding="UTF-8"?>
<testng-results skipped="0" failed="1" ignored="0" total="7" passed="6">
  <reporter-output>
  </reporter-output>
  <suite name="Default suite" duration-ms="74355" started-at="2018-07-23T15:57:06Z" finished-at="2018-07-23T15:58:20Z">
    <groups>
    </groups>
    <test name="Default test" duration-ms="74355" started-at="2018-07-23T15:57:06Z" finished-at="2018-07-23T15:58:20Z">
      <class name="com.HRM.testcases.AdminModulePageTest">
        <test-method status="PASS" signature="setUp()[pri:0, instance:com.HRM.testcases.AdminModulePageTest@4f7d0008]" name="setUp" is-config="true" duration-ms="13144" started-at="2018-07-23T21:27:06Z" finished-at="2018-07-23T21:27:19Z">
          <reporter-output>
          </reporter-output>
        </test-method> <!-- setUp -->
        <test-method status="PASS" signature="verifyAdminPageHeaderTest()[pri:1, instance:com.HRM.testcases.AdminModulePageTest@4f7d0008]" name="verifyAdminPageHeaderTest" duration-ms="70" started-at="2018-07-23T21:27:19Z" finished-at="2018-07-23T21:27:19Z">
          <reporter-output>
          </reporter-output>
        </test-method> <!-- verifyAdminPageHeaderTest -->
        <test-method status="PASS" signature="tearDown()[pri:0, instance:com.HRM.testcases.AdminModulePageTest@4f7d0008]" name="tearDown" is-config="true" duration-ms="54" started-at="2018-07-23T21:27:19Z" finished-at="2018-07-23T21:27:19Z">
          <reporter-output>
          </reporter-output>
        </test-method> <!-- tearDown -->
        <test-method status="PASS" signature="setUp()[pri:0, instance:com.HRM.testcases.AdminModulePageTest@4f7d0008]" name="setUp" is-config="true" duration-ms="12133" started-at="2018-07-23T21:27:19Z" finished-at="2018-07-23T21:27:32Z">
          <reporter-output>
          </reporter-output>
        </test-method> <!-- setUp -->
        <test-method status="PASS" signature="verifyClickonUsersMenuTest()[pri:2, instance:com.HRM.testcases.AdminModulePageTest@4f7d0008]" name="verifyClickonUsersMenuTest" duration-ms="932" started-at="2018-07-23T21:27:32Z" finished-at="2018-07-23T21:27:32Z">
          <reporter-output>
          </reporter-output>
        </test-method> <!-- verifyClickonUsersMenuTest -->
        <test-method status="PASS" signature="tearDown()[pri:0, instance:com.HRM.testcases.AdminModulePageTest@4f7d0008]" name="tearDown" is-config="true" duration-ms="57" started-at="2018-07-23T21:27:32Z" finished-at="2018-07-23T21:27:33Z">
          <reporter-output>
          </reporter-output>
        </test-method> <!-- tearDown -->
        <test-method status="PASS" signature="setUp()[pri:0, instance:com.HRM.testcases.AdminModulePageTest@4f7d0008]" name="setUp" is-config="true" duration-ms="8200" started-at="2018-07-23T21:27:33Z" finished-at="2018-07-23T21:27:41Z">
          <reporter-output>
          </reporter-output>
        </test-method> <!-- setUp -->
        <test-method status="PASS" signature="verifyJobTitlesMenuTest()[pri:3, instance:com.HRM.testcases.AdminModulePageTest@4f7d0008]" name="verifyJobTitlesMenuTest" duration-ms="960" started-at="2018-07-23T21:27:41Z" finished-at="2018-07-23T21:27:42Z">
          <reporter-output>
          </reporter-output>
        </test-method> <!-- verifyJobTitlesMenuTest -->
        <test-method status="PASS" signature="tearDown()[pri:0, instance:com.HRM.testcases.AdminModulePageTest@4f7d0008]" name="tearDown" is-config="true" duration-ms="56" started-at="2018-07-23T21:27:42Z" finished-at="2018-07-23T21:27:42Z">
          <reporter-output>
          </reporter-output>
        </test-method> <!-- tearDown -->
        <test-method status="PASS" signature="setUp()[pri:0, instance:com.HRM.testcases.AdminModulePageTest@4f7d0008]" name="setUp" is-config="true" duration-ms="7929" started-at="2018-07-23T21:27:42Z" finished-at="2018-07-23T21:27:50Z">
          <reporter-output>
          </reporter-output>
        </test-method> <!-- setUp -->
        <test-method status="PASS" signature="verifyPayGradesMenuTest()[pri:4, instance:com.HRM.testcases.AdminModulePageTest@4f7d0008]" name="verifyPayGradesMenuTest" duration-ms="948" started-at="2018-07-23T21:27:50Z" finished-at="2018-07-23T21:27:51Z">
          <reporter-output>
          </reporter-output>
        </test-method> <!-- verifyPayGradesMenuTest -->
        <test-method status="PASS" signature="tearDown()[pri:0, instance:com.HRM.testcases.AdminModulePageTest@4f7d0008]" name="tearDown" is-config="true" duration-ms="38" started-at="2018-07-23T21:27:51Z" finished-at="2018-07-23T21:27:51Z">
          <reporter-output>
          </reporter-output>
        </test-method> <!-- tearDown -->
        <test-method status="PASS" signature="setUp()[pri:0, instance:com.HRM.testcases.AdminModulePageTest@4f7d0008]" name="setUp" is-config="true" duration-ms="8997" started-at="2018-07-23T21:27:51Z" finished-at="2018-07-23T21:28:00Z">
          <reporter-output>
          </reporter-output>
        </test-method> <!-- setUp -->
        <test-method status="PASS" signature="verifyEmploymentStatusMenuTest()[pri:5, instance:com.HRM.testcases.AdminModulePageTest@4f7d0008]" name="verifyEmploymentStatusMenuTest" duration-ms="963" started-at="2018-07-23T21:28:00Z" finished-at="2018-07-23T21:28:01Z">
          <reporter-output>
          </reporter-output>
        </test-method> <!-- verifyEmploymentStatusMenuTest -->
        <test-method status="PASS" signature="tearDown()[pri:0, instance:com.HRM.testcases.AdminModulePageTest@4f7d0008]" name="tearDown" is-config="true" duration-ms="42" started-at="2018-07-23T21:28:01Z" finished-at="2018-07-23T21:28:01Z">
          <reporter-output>
          </reporter-output>
        </test-method> <!-- tearDown -->
        <test-method status="PASS" signature="setUp()[pri:0, instance:com.HRM.testcases.AdminModulePageTest@4f7d0008]" name="setUp" is-config="true" duration-ms="8643" started-at="2018-07-23T21:28:01Z" finished-at="2018-07-23T21:28:09Z">
          <reporter-output>
          </reporter-output>
        </test-method> <!-- setUp -->
        <test-method status="PASS" signature="verifyJobCategoriesMenuTest()[pri:5, instance:com.HRM.testcases.AdminModulePageTest@4f7d0008]" name="verifyJobCategoriesMenuTest" duration-ms="1026" started-at="2018-07-23T21:28:09Z" finished-at="2018-07-23T21:28:10Z">
          <reporter-output>
          </reporter-output>
        </test-method> <!-- verifyJobCategoriesMenuTest -->
        <test-method status="PASS" signature="tearDown()[pri:0, instance:com.HRM.testcases.AdminModulePageTest@4f7d0008]" name="tearDown" is-config="true" duration-ms="110" started-at="2018-07-23T21:28:10Z" finished-at="2018-07-23T21:28:10Z">
          <reporter-output>
          </reporter-output>
        </test-method> <!-- tearDown -->
        <test-method status="PASS" signature="setUp()[pri:0, instance:com.HRM.testcases.AdminModulePageTest@4f7d0008]" name="setUp" is-config="true" duration-ms="8988" started-at="2018-07-23T21:28:10Z" finished-at="2018-07-23T21:28:19Z">
          <reporter-output>
          </reporter-output>
        </test-method> <!-- setUp -->
        <test-method status="FAIL" signature="verifyWorkShiftsMenuTest()[pri:5, instance:com.HRM.testcases.AdminModulePageTest@4f7d0008]" name="verifyWorkShiftsMenuTest" duration-ms="970" started-at="2018-07-23T21:28:19Z" finished-at="2018-07-23T21:28:20Z">
          <exception class="java.lang.AssertionError">
            <message>
              <![CDATA[Page Header is not matched expected [Work Shift] but found [Work Shifts]]]>
            </message>
            <full-stacktrace>
              <![CDATA[java.lang.AssertionError: Page Header is not matched expected [Work Shift] but found [Work Shifts]
	at org.testng.Assert.fail(Assert.java:93)
	at org.testng.Assert.failNotEquals(Assert.java:512)
	at org.testng.Assert.assertEqualsImpl(Assert.java:134)
	at org.testng.Assert.assertEquals(Assert.java:115)
	at org.testng.Assert.assertEquals(Assert.java:189)
	at com.HRM.testcases.AdminModulePageTest.verifyWorkShiftsMenuTest(AdminModulePageTest.java:86)
	at sun.reflect.NativeMethodAccessorImpl.invoke0(Native Method)
	at sun.reflect.NativeMethodAccessorImpl.invoke(Unknown Source)
	at sun.reflect.DelegatingMethodAccessorImpl.invoke(Unknown Source)
	at java.lang.reflect.Method.invoke(Unknown Source)
	at org.testng.internal.MethodInvocationHelper.invokeMethod(MethodInvocationHelper.java:108)
	at org.testng.internal.Invoker.invokeMethod(Invoker.java:661)
	at org.testng.internal.Invoker.invokeTestMethod(Invoker.java:869)
	at org.testng.internal.Invoker.invokeTestMethods(Invoker.java:1193)
	at org.testng.internal.TestMethodWorker.invokeTestMethods(TestMethodWorker.java:126)
	at org.testng.internal.TestMethodWorker.run(TestMethodWorker.java:109)
	at org.testng.TestRunner.privateRun(TestRunner.java:744)
	at org.testng.TestRunner.run(TestRunner.java:602)
	at org.testng.SuiteRunner.runTest(SuiteRunner.java:380)
	at org.testng.SuiteRunner.runSequentially(SuiteRunner.java:375)
	at org.testng.SuiteRunner.privateRun(SuiteRunner.java:340)
	at org.testng.SuiteRunner.run(SuiteRunner.java:289)
	at org.testng.SuiteRunnerWorker.runSuite(SuiteRunnerWorker.java:52)
	at org.testng.SuiteRunnerWorker.run(SuiteRunnerWorker.java:86)
	at org.testng.TestNG.runSuitesSequentially(TestNG.java:1301)
	at org.testng.TestNG.runSuitesLocally(TestNG.java:1226)
	at org.testng.TestNG.runSuites(TestNG.java:1144)
	at org.testng.TestNG.run(TestNG.java:1115)
	at org.testng.remote.AbstractRemoteTestNG.run(AbstractRemoteTestNG.java:114)
	at org.testng.remote.RemoteTestNG.initAndRun(RemoteTestNG.java:251)
	at org.testng.remote.RemoteTestNG.main(RemoteTestNG.java:77)
]]>
            </full-stacktrace>
          </exception> <!-- java.lang.AssertionError -->
          <reporter-output>
          </reporter-output>
        </test-method> <!-- verifyWorkShiftsMenuTest -->
        <test-method status="PASS" signature="tearDown()[pri:0, instance:com.HRM.testcases.AdminModulePageTest@4f7d0008]" name="tearDown" is-config="true" duration-ms="64" started-at="2018-07-23T21:28:20Z" finished-at="2018-07-23T21:28:20Z">
          <reporter-output>
          </reporter-output>
        </test-method> <!-- tearDown -->
      </class> <!-- com.HRM.testcases.AdminModulePageTest -->
    </test> <!-- Default test -->
  </suite> <!-- Default suite -->
</testng-results>
