<?xml version="1.0" encoding="UTF-8"?>
<testng-results skipped="0" failed="0" ignored="1" total="2" passed="1">
  <reporter-output>
  </reporter-output>
  <suite name="Default suite" duration-ms="47386" started-at="2018-08-24T04:24:08Z" finished-at="2018-08-24T04:24:55Z">
    <groups>
    </groups>
    <test name="Default test" duration-ms="47386" started-at="2018-08-24T04:24:08Z" finished-at="2018-08-24T04:24:55Z">
      <class name="com.HRM.testcases.StructurePageTest">
        <test-method status="PASS" signature="setUp()[pri:0, instance:com.HRM.testcases.StructurePageTest@100df86]" name="setUp" is-config="true" duration-ms="42346" started-at="2018-08-24T09:54:08Z" finished-at="2018-08-24T09:54:50Z">
          <reporter-output>
          </reporter-output>
        </test-method> <!-- setUp -->
        <test-method status="PASS" signature="VerifyModifyOrgStructureTest()[pri:2, instance:com.HRM.testcases.StructurePageTest@100df86]" name="VerifyModifyOrgStructureTest" duration-ms="2895" started-at="2018-08-24T09:54:50Z" finished-at="2018-08-24T09:54:53Z">
          <reporter-output>
          </reporter-output>
        </test-method> <!-- VerifyModifyOrgStructureTest -->
        <test-method status="PASS" signature="tearDown()[pri:0, instance:com.HRM.testcases.StructurePageTest@100df86]" name="tearDown" is-config="true" duration-ms="2090" started-at="2018-08-24T09:54:53Z" finished-at="2018-08-24T09:54:55Z">
          <reporter-output>
          </reporter-output>
        </test-method> <!-- tearDown -->
      </class> <!-- com.HRM.testcases.StructurePageTest -->
    </test> <!-- Default test -->
  </suite> <!-- Default suite -->
</testng-results>
