<?xml version="1.0" encoding="UTF-8"?>
<testng-results skipped="0" failed="3" ignored="0" total="23" passed="20">
  <reporter-output>
  </reporter-output>
  <suite name="Orange HRM Test Suite" duration-ms="320593" started-at="2018-07-23T11:02:14Z" finished-at="2018-07-23T11:07:35Z">
    <groups>
    </groups>
    <test name="Orange HRM Test Cases" duration-ms="320593" started-at="2018-07-23T11:02:14Z" finished-at="2018-07-23T11:07:35Z">
      <class name="com.HRM.testcases.LoginPageTest">
        <test-method status="PASS" signature="SetUp()[pri:0, instance:com.HRM.testcases.LoginPageTest@402a079c]" name="SetUp" is-config="true" duration-ms="5330" started-at="2018-07-23T16:32:31Z" finished-at="2018-07-23T16:32:37Z">
          <reporter-output>
          </reporter-output>
        </test-method> <!-- SetUp -->
        <test-method status="PASS" signature="verifyLoginPageTitleTest()[pri:1, instance:com.HRM.testcases.LoginPageTest@402a079c]" name="verifyLoginPageTitleTest" duration-ms="13" started-at="2018-07-23T16:32:37Z" finished-at="2018-07-23T16:32:37Z">
          <reporter-output>
          </reporter-output>
        </test-method> <!-- verifyLoginPageTitleTest -->
        <test-method status="PASS" signature="TearDown()[pri:0, instance:com.HRM.testcases.LoginPageTest@402a079c]" name="TearDown" is-config="true" duration-ms="93" started-at="2018-07-23T16:32:37Z" finished-at="2018-07-23T16:32:37Z">
          <reporter-output>
          </reporter-output>
        </test-method> <!-- TearDown -->
        <test-method status="PASS" signature="SetUp()[pri:0, instance:com.HRM.testcases.LoginPageTest@402a079c]" name="SetUp" is-config="true" duration-ms="5255" started-at="2018-07-23T16:33:07Z" finished-at="2018-07-23T16:33:12Z">
          <reporter-output>
          </reporter-output>
        </test-method> <!-- SetUp -->
        <test-method status="PASS" signature="verifyLoginPageLogoTest()[pri:2, instance:com.HRM.testcases.LoginPageTest@402a079c]" name="verifyLoginPageLogoTest" duration-ms="66" started-at="2018-07-23T16:33:12Z" finished-at="2018-07-23T16:33:12Z">
          <reporter-output>
          </reporter-output>
        </test-method> <!-- verifyLoginPageLogoTest -->
        <test-method status="PASS" signature="TearDown()[pri:0, instance:com.HRM.testcases.LoginPageTest@402a079c]" name="TearDown" is-config="true" duration-ms="137" started-at="2018-07-23T16:33:12Z" finished-at="2018-07-23T16:33:12Z">
          <reporter-output>
          </reporter-output>
        </test-method> <!-- TearDown -->
        <test-method status="PASS" signature="SetUp()[pri:0, instance:com.HRM.testcases.LoginPageTest@402a079c]" name="SetUp" is-config="true" duration-ms="10125" started-at="2018-07-23T16:33:35Z" finished-at="2018-07-23T16:33:45Z">
          <reporter-output>
          </reporter-output>
        </test-method> <!-- SetUp -->
        <test-method status="PASS" signature="verifyAdminCredintialsTest()[pri:3, instance:com.HRM.testcases.LoginPageTest@402a079c]" name="verifyAdminCredintialsTest" duration-ms="3173" started-at="2018-07-23T16:33:45Z" finished-at="2018-07-23T16:33:48Z">
          <reporter-output>
          </reporter-output>
        </test-method> <!-- verifyAdminCredintialsTest -->
        <test-method status="PASS" signature="TearDown()[pri:0, instance:com.HRM.testcases.LoginPageTest@402a079c]" name="TearDown" is-config="true" duration-ms="61" started-at="2018-07-23T16:33:48Z" finished-at="2018-07-23T16:33:48Z">
          <reporter-output>
          </reporter-output>
        </test-method> <!-- TearDown -->
        <test-method status="PASS" signature="SetUp()[pri:0, instance:com.HRM.testcases.LoginPageTest@402a079c]" name="SetUp" is-config="true" duration-ms="7297" started-at="2018-07-23T16:34:26Z" finished-at="2018-07-23T16:34:33Z">
          <reporter-output>
          </reporter-output>
        </test-method> <!-- SetUp -->
        <test-method status="PASS" signature="verifyUserCredintialsTest()[pri:4, instance:com.HRM.testcases.LoginPageTest@402a079c]" name="verifyUserCredintialsTest" duration-ms="1395" started-at="2018-07-23T16:34:33Z" finished-at="2018-07-23T16:34:34Z">
          <reporter-output>
          </reporter-output>
        </test-method> <!-- verifyUserCredintialsTest -->
        <test-method status="PASS" signature="TearDown()[pri:0, instance:com.HRM.testcases.LoginPageTest@402a079c]" name="TearDown" is-config="true" duration-ms="58" started-at="2018-07-23T16:34:34Z" finished-at="2018-07-23T16:34:35Z">
          <reporter-output>
          </reporter-output>
        </test-method> <!-- TearDown -->
      </class> <!-- com.HRM.testcases.LoginPageTest -->
      <class name="com.HRM.testcases.UsersPageTest">
        <test-method status="PASS" signature="setUp()[pri:0, instance:com.HRM.testcases.UsersPageTest@2f686d1f]" name="setUp" is-config="true" duration-ms="9848" started-at="2018-07-23T16:32:37Z" finished-at="2018-07-23T16:32:47Z">
          <reporter-output>
          </reporter-output>
        </test-method> <!-- setUp -->
        <test-method status="FAIL" signature="verifyAddRoleTest()[pri:1, instance:com.HRM.testcases.UsersPageTest@2f686d1f]" name="verifyAddRoleTest" duration-ms="3" started-at="2018-07-23T16:32:47Z" finished-at="2018-07-23T16:32:47Z">
          <exception class="java.lang.NullPointerException">
            <full-stacktrace>
              <![CDATA[java.lang.NullPointerException
	at com.HRM.pages.UsersPage.ClickOnAddRole(UsersPage.java:26)
	at com.HRM.testcases.UsersPageTest.verifyAddRoleTest(UsersPageTest.java:42)
	at sun.reflect.NativeMethodAccessorImpl.invoke0(Native Method)
	at sun.reflect.NativeMethodAccessorImpl.invoke(Unknown Source)
	at sun.reflect.DelegatingMethodAccessorImpl.invoke(Unknown Source)
	at java.lang.reflect.Method.invoke(Unknown Source)
	at org.testng.internal.MethodInvocationHelper.invokeMethod(MethodInvocationHelper.java:108)
	at org.testng.internal.Invoker.invokeMethod(Invoker.java:661)
	at org.testng.internal.Invoker.invokeTestMethod(Invoker.java:869)
	at org.testng.internal.Invoker.invokeTestMethods(Invoker.java:1193)
	at org.testng.internal.TestMethodWorker.invokeTestMethods(TestMethodWorker.java:126)
	at org.testng.internal.TestMethodWorker.run(TestMethodWorker.java:109)
	at org.testng.TestRunner.privateRun(TestRunner.java:744)
	at org.testng.TestRunner.run(TestRunner.java:602)
	at org.testng.SuiteRunner.runTest(SuiteRunner.java:380)
	at org.testng.SuiteRunner.runSequentially(SuiteRunner.java:375)
	at org.testng.SuiteRunner.privateRun(SuiteRunner.java:340)
	at org.testng.SuiteRunner.run(SuiteRunner.java:289)
	at org.testng.SuiteRunnerWorker.runSuite(SuiteRunnerWorker.java:52)
	at org.testng.SuiteRunnerWorker.run(SuiteRunnerWorker.java:86)
	at org.testng.TestNG.runSuitesSequentially(TestNG.java:1301)
	at org.testng.TestNG.runSuitesLocally(TestNG.java:1226)
	at org.testng.TestNG.runSuites(TestNG.java:1144)
	at org.testng.TestNG.run(TestNG.java:1115)
	at org.testng.remote.AbstractRemoteTestNG.run(AbstractRemoteTestNG.java:114)
	at org.testng.remote.RemoteTestNG.initAndRun(RemoteTestNG.java:251)
	at org.testng.remote.RemoteTestNG.main(RemoteTestNG.java:77)
]]>
            </full-stacktrace>
          </exception> <!-- java.lang.NullPointerException -->
          <reporter-output>
          </reporter-output>
        </test-method> <!-- verifyAddRoleTest -->
        <test-method status="PASS" signature="tearDown()[pri:0, instance:com.HRM.testcases.UsersPageTest@2f686d1f]" name="tearDown" is-config="true" duration-ms="77" started-at="2018-07-23T16:32:47Z" finished-at="2018-07-23T16:32:47Z">
          <reporter-output>
          </reporter-output>
        </test-method> <!-- tearDown -->
        <test-method status="PASS" signature="setUp()[pri:0, instance:com.HRM.testcases.UsersPageTest@2f686d1f]" name="setUp" is-config="true" duration-ms="9868" started-at="2018-07-23T16:33:12Z" finished-at="2018-07-23T16:33:22Z">
          <reporter-output>
          </reporter-output>
        </test-method> <!-- setUp -->
        <test-method status="FAIL" signature="verifyDeleteRoleTest()[pri:2, instance:com.HRM.testcases.UsersPageTest@2f686d1f]" name="verifyDeleteRoleTest" duration-ms="3" started-at="2018-07-23T16:33:22Z" finished-at="2018-07-23T16:33:22Z">
          <exception class="java.lang.NullPointerException">
            <full-stacktrace>
              <![CDATA[java.lang.NullPointerException
	at com.HRM.pages.UsersPage.ClickOnDeleteRole(UsersPage.java:31)
	at com.HRM.testcases.UsersPageTest.verifyDeleteRoleTest(UsersPageTest.java:50)
	at sun.reflect.NativeMethodAccessorImpl.invoke0(Native Method)
	at sun.reflect.NativeMethodAccessorImpl.invoke(Unknown Source)
	at sun.reflect.DelegatingMethodAccessorImpl.invoke(Unknown Source)
	at java.lang.reflect.Method.invoke(Unknown Source)
	at org.testng.internal.MethodInvocationHelper.invokeMethod(MethodInvocationHelper.java:108)
	at org.testng.internal.Invoker.invokeMethod(Invoker.java:661)
	at org.testng.internal.Invoker.invokeTestMethod(Invoker.java:869)
	at org.testng.internal.Invoker.invokeTestMethods(Invoker.java:1193)
	at org.testng.internal.TestMethodWorker.invokeTestMethods(TestMethodWorker.java:126)
	at org.testng.internal.TestMethodWorker.run(TestMethodWorker.java:109)
	at org.testng.TestRunner.privateRun(TestRunner.java:744)
	at org.testng.TestRunner.run(TestRunner.java:602)
	at org.testng.SuiteRunner.runTest(SuiteRunner.java:380)
	at org.testng.SuiteRunner.runSequentially(SuiteRunner.java:375)
	at org.testng.SuiteRunner.privateRun(SuiteRunner.java:340)
	at org.testng.SuiteRunner.run(SuiteRunner.java:289)
	at org.testng.SuiteRunnerWorker.runSuite(SuiteRunnerWorker.java:52)
	at org.testng.SuiteRunnerWorker.run(SuiteRunnerWorker.java:86)
	at org.testng.TestNG.runSuitesSequentially(TestNG.java:1301)
	at org.testng.TestNG.runSuitesLocally(TestNG.java:1226)
	at org.testng.TestNG.runSuites(TestNG.java:1144)
	at org.testng.TestNG.run(TestNG.java:1115)
	at org.testng.remote.AbstractRemoteTestNG.run(AbstractRemoteTestNG.java:114)
	at org.testng.remote.RemoteTestNG.initAndRun(RemoteTestNG.java:251)
	at org.testng.remote.RemoteTestNG.main(RemoteTestNG.java:77)
]]>
            </full-stacktrace>
          </exception> <!-- java.lang.NullPointerException -->
          <reporter-output>
          </reporter-output>
        </test-method> <!-- verifyDeleteRoleTest -->
        <test-method status="PASS" signature="tearDown()[pri:0, instance:com.HRM.testcases.UsersPageTest@2f686d1f]" name="tearDown" is-config="true" duration-ms="290" started-at="2018-07-23T16:33:22Z" finished-at="2018-07-23T16:33:22Z">
          <reporter-output>
          </reporter-output>
        </test-method> <!-- tearDown -->
        <test-method status="PASS" signature="setUp()[pri:0, instance:com.HRM.testcases.UsersPageTest@2f686d1f]" name="setUp" is-config="true" duration-ms="28553" started-at="2018-07-23T16:33:48Z" finished-at="2018-07-23T16:34:17Z">
          <reporter-output>
          </reporter-output>
        </test-method> <!-- setUp -->
        <test-method status="PASS" signature="verifyUserRoleDataTest()[pri:3, instance:com.HRM.testcases.UsersPageTest@2f686d1f]" name="verifyUserRoleDataTest" duration-ms="215" started-at="2018-07-23T16:34:17Z" finished-at="2018-07-23T16:34:17Z">
          <reporter-output>
          </reporter-output>
        </test-method> <!-- verifyUserRoleDataTest -->
        <test-method status="PASS" signature="tearDown()[pri:0, instance:com.HRM.testcases.UsersPageTest@2f686d1f]" name="tearDown" is-config="true" duration-ms="50" started-at="2018-07-23T16:34:17Z" finished-at="2018-07-23T16:34:17Z">
          <reporter-output>
          </reporter-output>
        </test-method> <!-- tearDown -->
      </class> <!-- com.HRM.testcases.UsersPageTest -->
      <class name="com.HRM.testcases.AdminHomePageTest">
        <test-method status="PASS" signature="setUp()[pri:0, instance:com.HRM.testcases.AdminHomePageTest@59ec2012]" name="setUp" is-config="true" duration-ms="7824" started-at="2018-07-23T16:32:14Z" finished-at="2018-07-23T16:32:22Z">
          <reporter-output>
          </reporter-output>
        </test-method> <!-- setUp -->
        <test-method status="PASS" signature="verifyHomePageTitleTest()[pri:1, instance:com.HRM.testcases.AdminHomePageTest@59ec2012]" name="verifyHomePageTitleTest" duration-ms="14" started-at="2018-07-23T16:32:22Z" finished-at="2018-07-23T16:32:22Z">
          <reporter-output>
          </reporter-output>
        </test-method> <!-- verifyHomePageTitleTest -->
        <test-method status="PASS" signature="tearDown()[pri:0, instance:com.HRM.testcases.AdminHomePageTest@59ec2012]" name="tearDown" is-config="true" duration-ms="58" started-at="2018-07-23T16:32:22Z" finished-at="2018-07-23T16:32:22Z">
          <reporter-output>
          </reporter-output>
        </test-method> <!-- tearDown -->
        <test-method status="PASS" signature="setUp()[pri:0, instance:com.HRM.testcases.AdminHomePageTest@59ec2012]" name="setUp" is-config="true" duration-ms="8494" started-at="2018-07-23T16:32:47Z" finished-at="2018-07-23T16:32:55Z">
          <reporter-output>
          </reporter-output>
        </test-method> <!-- setUp -->
        <test-method status="PASS" signature="verifyHomeLogoTest()[pri:2, instance:com.HRM.testcases.AdminHomePageTest@59ec2012]" name="verifyHomeLogoTest" duration-ms="38" started-at="2018-07-23T16:32:55Z" finished-at="2018-07-23T16:32:55Z">
          <reporter-output>
          </reporter-output>
        </test-method> <!-- verifyHomeLogoTest -->
        <test-method status="PASS" signature="tearDown()[pri:0, instance:com.HRM.testcases.AdminHomePageTest@59ec2012]" name="tearDown" is-config="true" duration-ms="39" started-at="2018-07-23T16:32:55Z" finished-at="2018-07-23T16:32:55Z">
          <reporter-output>
          </reporter-output>
        </test-method> <!-- tearDown -->
        <test-method status="PASS" signature="setUp()[pri:0, instance:com.HRM.testcases.AdminHomePageTest@59ec2012]" name="setUp" is-config="true" duration-ms="12757" started-at="2018-07-23T16:33:22Z" finished-at="2018-07-23T16:33:35Z">
          <reporter-output>
          </reporter-output>
        </test-method> <!-- setUp -->
        <test-method status="PASS" signature="verifyAdminHomePageUserTest()[pri:3, instance:com.HRM.testcases.AdminHomePageTest@59ec2012]" name="verifyAdminHomePageUserTest" duration-ms="42" started-at="2018-07-23T16:33:35Z" finished-at="2018-07-23T16:33:35Z">
          <reporter-output>
          </reporter-output>
        </test-method> <!-- verifyAdminHomePageUserTest -->
        <test-method status="PASS" signature="tearDown()[pri:0, instance:com.HRM.testcases.AdminHomePageTest@59ec2012]" name="tearDown" is-config="true" duration-ms="42" started-at="2018-07-23T16:33:35Z" finished-at="2018-07-23T16:33:35Z">
          <reporter-output>
          </reporter-output>
        </test-method> <!-- tearDown -->
        <test-method status="PASS" signature="setUp()[pri:0, instance:com.HRM.testcases.AdminHomePageTest@59ec2012]" name="setUp" is-config="true" duration-ms="8270" started-at="2018-07-23T16:34:17Z" finished-at="2018-07-23T16:34:25Z">
          <reporter-output>
          </reporter-output>
        </test-method> <!-- setUp -->
        <test-method status="PASS" signature="verifyAdminAboutLinkTest()[pri:4, instance:com.HRM.testcases.AdminHomePageTest@59ec2012]" name="verifyAdminAboutLinkTest" duration-ms="244" started-at="2018-07-23T16:34:25Z" finished-at="2018-07-23T16:34:26Z">
          <reporter-output>
          </reporter-output>
        </test-method> <!-- verifyAdminAboutLinkTest -->
        <test-method status="PASS" signature="tearDown()[pri:0, instance:com.HRM.testcases.AdminHomePageTest@59ec2012]" name="tearDown" is-config="true" duration-ms="112" started-at="2018-07-23T16:34:26Z" finished-at="2018-07-23T16:34:26Z">
          <reporter-output>
          </reporter-output>
        </test-method> <!-- tearDown -->
        <test-method status="PASS" signature="setUp()[pri:0, instance:com.HRM.testcases.AdminHomePageTest@59ec2012]" name="setUp" is-config="true" duration-ms="8855" started-at="2018-07-23T16:34:35Z" finished-at="2018-07-23T16:34:43Z">
          <reporter-output>
          </reporter-output>
        </test-method> <!-- setUp -->
        <test-method status="PASS" signature="verifyAdminChangePasswordLinkTest()[pri:5, instance:com.HRM.testcases.AdminHomePageTest@59ec2012]" name="verifyAdminChangePasswordLinkTest" duration-ms="108" started-at="2018-07-23T16:34:43Z" finished-at="2018-07-23T16:34:44Z">
          <reporter-output>
          </reporter-output>
        </test-method> <!-- verifyAdminChangePasswordLinkTest -->
        <test-method status="PASS" signature="tearDown()[pri:0, instance:com.HRM.testcases.AdminHomePageTest@59ec2012]" name="tearDown" is-config="true" duration-ms="2516" started-at="2018-07-23T16:34:44Z" finished-at="2018-07-23T16:34:46Z">
          <reporter-output>
          </reporter-output>
        </test-method> <!-- tearDown -->
        <test-method status="PASS" signature="setUp()[pri:0, instance:com.HRM.testcases.AdminHomePageTest@59ec2012]" name="setUp" is-config="true" duration-ms="8842" started-at="2018-07-23T16:34:46Z" finished-at="2018-07-23T16:34:55Z">
          <reporter-output>
          </reporter-output>
        </test-method> <!-- setUp -->
        <test-method status="FAIL" signature="verifyAdminLogoutLinkTest()[pri:6, instance:com.HRM.testcases.AdminHomePageTest@59ec2012]" name="verifyAdminLogoutLinkTest" duration-ms="2102" started-at="2018-07-23T16:34:55Z" finished-at="2018-07-23T16:34:57Z">
          <exception class="org.openqa.selenium.ElementNotVisibleException">
            <message>
              <![CDATA[element not visible
  (Session info: chrome=67.0.3396.99)
  (Driver info: chromedriver=2.36.540470 (e522d04694c7ebea4ba8821272dbef4f9b818c91),platform=Windows NT 6.1.7601 SP1 x86_64) (WARNING: The server did not provide any stacktrace information)
Command duration or timeout: 0 milliseconds
Build info: version: '3.5.3', revision: 'a88d25fe6b', time: '2017-08-29T12:42:44.417Z'
System info: host: 'HICWW7NA512SG3W', ip: '145.17.119.136', os.name: 'Windows 7', os.arch: 'amd64', os.version: '6.1', java.version: '1.8.0_171'
Driver info: org.openqa.selenium.chrome.ChromeDriver
Capabilities [{mobileEmulationEnabled=false, hasTouchScreen=false, platform=XP, acceptSslCerts=false, acceptInsecureCerts=false, webStorageEnabled=true, browserName=chrome, takesScreenshot=true, javascriptEnabled=true, platformName=XP, setWindowRect=true, unexpectedAlertBehaviour=, applicationCacheEnabled=false, rotatable=false, networkConnectionEnabled=false, chrome={chromedriverVersion=2.36.540470 (e522d04694c7ebea4ba8821272dbef4f9b818c91), userDataDir=C:\Users\ROHITH~1.SIN\AppData\Local\Temp\scoped_dir14704_11189}, takesHeapSnapshot=true, pageLoadStrategy=normal, unhandledPromptBehavior=, databaseEnabled=false, handlesAlerts=true, version=67.0.3396.99, browserConnectionEnabled=false, nativeEvents=true, locationContextEnabled=true, cssSelectorsEnabled=true}]
Session ID: 22d61c51b9808b4363fbe9007a7943f1]]>
            </message>
            <full-stacktrace>
              <![CDATA[org.openqa.selenium.ElementNotVisibleException: element not visible
  (Session info: chrome=67.0.3396.99)
  (Driver info: chromedriver=2.36.540470 (e522d04694c7ebea4ba8821272dbef4f9b818c91),platform=Windows NT 6.1.7601 SP1 x86_64) (WARNING: The server did not provide any stacktrace information)
Command duration or timeout: 0 milliseconds
Build info: version: '3.5.3', revision: 'a88d25fe6b', time: '2017-08-29T12:42:44.417Z'
System info: host: 'HICWW7NA512SG3W', ip: '145.17.119.136', os.name: 'Windows 7', os.arch: 'amd64', os.version: '6.1', java.version: '1.8.0_171'
Driver info: org.openqa.selenium.chrome.ChromeDriver
Capabilities [{mobileEmulationEnabled=false, hasTouchScreen=false, platform=XP, acceptSslCerts=false, acceptInsecureCerts=false, webStorageEnabled=true, browserName=chrome, takesScreenshot=true, javascriptEnabled=true, platformName=XP, setWindowRect=true, unexpectedAlertBehaviour=, applicationCacheEnabled=false, rotatable=false, networkConnectionEnabled=false, chrome={chromedriverVersion=2.36.540470 (e522d04694c7ebea4ba8821272dbef4f9b818c91), userDataDir=C:\Users\ROHITH~1.SIN\AppData\Local\Temp\scoped_dir14704_11189}, takesHeapSnapshot=true, pageLoadStrategy=normal, unhandledPromptBehavior=, databaseEnabled=false, handlesAlerts=true, version=67.0.3396.99, browserConnectionEnabled=false, nativeEvents=true, locationContextEnabled=true, cssSelectorsEnabled=true}]
Session ID: 22d61c51b9808b4363fbe9007a7943f1
	at sun.reflect.NativeConstructorAccessorImpl.newInstance0(Native Method)
	at sun.reflect.NativeConstructorAccessorImpl.newInstance(Unknown Source)
	at sun.reflect.DelegatingConstructorAccessorImpl.newInstance(Unknown Source)
	at java.lang.reflect.Constructor.newInstance(Unknown Source)
	at org.openqa.selenium.remote.ErrorHandler.createThrowable(ErrorHandler.java:215)
	at org.openqa.selenium.remote.ErrorHandler.throwIfResponseFailed(ErrorHandler.java:167)
	at org.openqa.selenium.remote.http.JsonHttpResponseCodec.reconstructValue(JsonHttpResponseCodec.java:40)
	at org.openqa.selenium.remote.http.AbstractHttpResponseCodec.decode(AbstractHttpResponseCodec.java:82)
	at org.openqa.selenium.remote.http.AbstractHttpResponseCodec.decode(AbstractHttpResponseCodec.java:45)
	at org.openqa.selenium.remote.HttpCommandExecutor.execute(HttpCommandExecutor.java:164)
	at org.openqa.selenium.remote.service.DriverCommandExecutor.execute(DriverCommandExecutor.java:82)
	at org.openqa.selenium.remote.RemoteWebDriver.execute(RemoteWebDriver.java:646)
	at org.openqa.selenium.remote.RemoteWebElement.execute(RemoteWebElement.java:275)
	at org.openqa.selenium.remote.RemoteWebElement.click(RemoteWebElement.java:82)
	at sun.reflect.GeneratedMethodAccessor7.invoke(Unknown Source)
	at sun.reflect.DelegatingMethodAccessorImpl.invoke(Unknown Source)
	at java.lang.reflect.Method.invoke(Unknown Source)
	at org.openqa.selenium.support.events.EventFiringWebDriver$EventFiringWebElement$1.invoke(EventFiringWebDriver.java:350)
	at com.sun.proxy.$Proxy12.click(Unknown Source)
	at org.openqa.selenium.support.events.EventFiringWebDriver$EventFiringWebElement.click(EventFiringWebDriver.java:363)
	at sun.reflect.GeneratedMethodAccessor7.invoke(Unknown Source)
	at sun.reflect.DelegatingMethodAccessorImpl.invoke(Unknown Source)
	at java.lang.reflect.Method.invoke(Unknown Source)
	at org.openqa.selenium.support.pagefactory.internal.LocatingElementHandler.invoke(LocatingElementHandler.java:51)
	at com.sun.proxy.$Proxy11.click(Unknown Source)
	at com.HRM.pages.AdminHomePage.clickOnLogoutLink(AdminHomePage.java:97)
	at com.HRM.testcases.AdminHomePageTest.verifyAdminLogoutLinkTest(AdminHomePageTest.java:71)
	at sun.reflect.NativeMethodAccessorImpl.invoke0(Native Method)
	at sun.reflect.NativeMethodAccessorImpl.invoke(Unknown Source)
	at sun.reflect.DelegatingMethodAccessorImpl.invoke(Unknown Source)
	at java.lang.reflect.Method.invoke(Unknown Source)
	at org.testng.internal.MethodInvocationHelper.invokeMethod(MethodInvocationHelper.java:108)
	at org.testng.internal.Invoker.invokeMethod(Invoker.java:661)
	at org.testng.internal.Invoker.invokeTestMethod(Invoker.java:869)
	at org.testng.internal.Invoker.invokeTestMethods(Invoker.java:1193)
	at org.testng.internal.TestMethodWorker.invokeTestMethods(TestMethodWorker.java:126)
	at org.testng.internal.TestMethodWorker.run(TestMethodWorker.java:109)
	at org.testng.TestRunner.privateRun(TestRunner.java:744)
	at org.testng.TestRunner.run(TestRunner.java:602)
	at org.testng.SuiteRunner.runTest(SuiteRunner.java:380)
	at org.testng.SuiteRunner.runSequentially(SuiteRunner.java:375)
	at org.testng.SuiteRunner.privateRun(SuiteRunner.java:340)
	at org.testng.SuiteRunner.run(SuiteRunner.java:289)
	at org.testng.SuiteRunnerWorker.runSuite(SuiteRunnerWorker.java:52)
	at org.testng.SuiteRunnerWorker.run(SuiteRunnerWorker.java:86)
	at org.testng.TestNG.runSuitesSequentially(TestNG.java:1301)
	at org.testng.TestNG.runSuitesLocally(TestNG.java:1226)
	at org.testng.TestNG.runSuites(TestNG.java:1144)
	at org.testng.TestNG.run(TestNG.java:1115)
	at org.testng.remote.AbstractRemoteTestNG.run(AbstractRemoteTestNG.java:114)
	at org.testng.remote.RemoteTestNG.initAndRun(RemoteTestNG.java:251)
	at org.testng.remote.RemoteTestNG.main(RemoteTestNG.java:77)
]]>
            </full-stacktrace>
          </exception> <!-- org.openqa.selenium.ElementNotVisibleException -->
          <reporter-output>
          </reporter-output>
        </test-method> <!-- verifyAdminLogoutLinkTest -->
        <test-method status="PASS" signature="tearDown()[pri:0, instance:com.HRM.testcases.AdminHomePageTest@59ec2012]" name="tearDown" is-config="true" duration-ms="101" started-at="2018-07-23T16:34:57Z" finished-at="2018-07-23T16:34:57Z">
          <reporter-output>
          </reporter-output>
        </test-method> <!-- tearDown -->
        <test-method status="PASS" signature="setUp()[pri:0, instance:com.HRM.testcases.AdminHomePageTest@59ec2012]" name="setUp" is-config="true" duration-ms="11745" started-at="2018-07-23T16:34:57Z" finished-at="2018-07-23T16:35:09Z">
          <reporter-output>
          </reporter-output>
        </test-method> <!-- setUp -->
        <test-method status="PASS" signature="verifyAdminPageLinkTest()[pri:7, instance:com.HRM.testcases.AdminHomePageTest@59ec2012]" name="verifyAdminPageLinkTest" duration-ms="1788" started-at="2018-07-23T16:35:09Z" finished-at="2018-07-23T16:35:11Z">
          <reporter-output>
          </reporter-output>
        </test-method> <!-- verifyAdminPageLinkTest -->
        <test-method status="PASS" signature="tearDown()[pri:0, instance:com.HRM.testcases.AdminHomePageTest@59ec2012]" name="tearDown" is-config="true" duration-ms="2312" started-at="2018-07-23T16:35:11Z" finished-at="2018-07-23T16:35:13Z">
          <reporter-output>
          </reporter-output>
        </test-method> <!-- tearDown -->
        <test-method status="PASS" signature="setUp()[pri:0, instance:com.HRM.testcases.AdminHomePageTest@59ec2012]" name="setUp" is-config="true" duration-ms="12317" started-at="2018-07-23T16:35:13Z" finished-at="2018-07-23T16:35:25Z">
          <reporter-output>
          </reporter-output>
        </test-method> <!-- setUp -->
        <test-method status="PASS" signature="verifyPIMPageLinkTest()[pri:8, instance:com.HRM.testcases.AdminHomePageTest@59ec2012]" name="verifyPIMPageLinkTest" duration-ms="3324" started-at="2018-07-23T16:35:25Z" finished-at="2018-07-23T16:35:29Z">
          <reporter-output>
          </reporter-output>
        </test-method> <!-- verifyPIMPageLinkTest -->
        <test-method status="PASS" signature="tearDown()[pri:0, instance:com.HRM.testcases.AdminHomePageTest@59ec2012]" name="tearDown" is-config="true" duration-ms="67" started-at="2018-07-23T16:35:29Z" finished-at="2018-07-23T16:35:29Z">
          <reporter-output>
          </reporter-output>
        </test-method> <!-- tearDown -->
        <test-method status="PASS" signature="setUp()[pri:0, instance:com.HRM.testcases.AdminHomePageTest@59ec2012]" name="setUp" is-config="true" duration-ms="26373" started-at="2018-07-23T16:35:29Z" finished-at="2018-07-23T16:35:55Z">
          <reporter-output>
          </reporter-output>
        </test-method> <!-- setUp -->
        <test-method status="PASS" signature="verifyLeavePageLinkTest()[pri:9, instance:com.HRM.testcases.AdminHomePageTest@59ec2012]" name="verifyLeavePageLinkTest" duration-ms="8143" started-at="2018-07-23T16:35:55Z" finished-at="2018-07-23T16:36:03Z">
          <reporter-output>
          </reporter-output>
        </test-method> <!-- verifyLeavePageLinkTest -->
        <test-method status="PASS" signature="tearDown()[pri:0, instance:com.HRM.testcases.AdminHomePageTest@59ec2012]" name="tearDown" is-config="true" duration-ms="1970" started-at="2018-07-23T16:36:03Z" finished-at="2018-07-23T16:36:05Z">
          <reporter-output>
          </reporter-output>
        </test-method> <!-- tearDown -->
        <test-method status="PASS" signature="setUp()[pri:0, instance:com.HRM.testcases.AdminHomePageTest@59ec2012]" name="setUp" is-config="true" duration-ms="24164" started-at="2018-07-23T16:36:05Z" finished-at="2018-07-23T16:36:29Z">
          <reporter-output>
          </reporter-output>
        </test-method> <!-- setUp -->
        <test-method status="PASS" signature="verifyTimePageLinkTest()[pri:10, instance:com.HRM.testcases.AdminHomePageTest@59ec2012]" name="verifyTimePageLinkTest" duration-ms="3698" started-at="2018-07-23T16:36:29Z" finished-at="2018-07-23T16:36:33Z">
          <reporter-output>
          </reporter-output>
        </test-method> <!-- verifyTimePageLinkTest -->
        <test-method status="PASS" signature="tearDown()[pri:0, instance:com.HRM.testcases.AdminHomePageTest@59ec2012]" name="tearDown" is-config="true" duration-ms="101" started-at="2018-07-23T16:36:33Z" finished-at="2018-07-23T16:36:33Z">
          <reporter-output>
          </reporter-output>
        </test-method> <!-- tearDown -->
        <test-method status="PASS" signature="setUp()[pri:0, instance:com.HRM.testcases.AdminHomePageTest@59ec2012]" name="setUp" is-config="true" duration-ms="14936" started-at="2018-07-23T16:36:33Z" finished-at="2018-07-23T16:36:48Z">
          <reporter-output>
          </reporter-output>
        </test-method> <!-- setUp -->
        <test-method status="PASS" signature="verifyRecruitmentPageLinkTest()[pri:11, instance:com.HRM.testcases.AdminHomePageTest@59ec2012]" name="verifyRecruitmentPageLinkTest" duration-ms="4700" started-at="2018-07-23T16:36:48Z" finished-at="2018-07-23T16:36:53Z">
          <reporter-output>
          </reporter-output>
        </test-method> <!-- verifyRecruitmentPageLinkTest -->
        <test-method status="PASS" signature="tearDown()[pri:0, instance:com.HRM.testcases.AdminHomePageTest@59ec2012]" name="tearDown" is-config="true" duration-ms="80" started-at="2018-07-23T16:36:53Z" finished-at="2018-07-23T16:36:53Z">
          <reporter-output>
          </reporter-output>
        </test-method> <!-- tearDown -->
        <test-method status="PASS" signature="setUp()[pri:0, instance:com.HRM.testcases.AdminHomePageTest@59ec2012]" name="setUp" is-config="true" duration-ms="11091" started-at="2018-07-23T16:36:53Z" finished-at="2018-07-23T16:37:04Z">
          <reporter-output>
          </reporter-output>
        </test-method> <!-- setUp -->
        <test-method status="PASS" signature="verifyPerformancePageLinkTest()[pri:12, instance:com.HRM.testcases.AdminHomePageTest@59ec2012]" name="verifyPerformancePageLinkTest" duration-ms="80" started-at="2018-07-23T16:37:04Z" finished-at="2018-07-23T16:37:04Z">
          <reporter-output>
          </reporter-output>
        </test-method> <!-- verifyPerformancePageLinkTest -->
        <test-method status="PASS" signature="tearDown()[pri:0, instance:com.HRM.testcases.AdminHomePageTest@59ec2012]" name="tearDown" is-config="true" duration-ms="273" started-at="2018-07-23T16:37:04Z" finished-at="2018-07-23T16:37:04Z">
          <reporter-output>
          </reporter-output>
        </test-method> <!-- tearDown -->
        <test-method status="PASS" signature="setUp()[pri:0, instance:com.HRM.testcases.AdminHomePageTest@59ec2012]" name="setUp" is-config="true" duration-ms="11487" started-at="2018-07-23T16:37:04Z" finished-at="2018-07-23T16:37:16Z">
          <reporter-output>
          </reporter-output>
        </test-method> <!-- setUp -->
        <test-method status="PASS" signature="verifyAdminDashboardLinkTest()[pri:13, instance:com.HRM.testcases.AdminHomePageTest@59ec2012]" name="verifyAdminDashboardLinkTest" duration-ms="2064" started-at="2018-07-23T16:37:16Z" finished-at="2018-07-23T16:37:18Z">
          <reporter-output>
          </reporter-output>
        </test-method> <!-- verifyAdminDashboardLinkTest -->
        <test-method status="PASS" signature="tearDown()[pri:0, instance:com.HRM.testcases.AdminHomePageTest@59ec2012]" name="tearDown" is-config="true" duration-ms="132" started-at="2018-07-23T16:37:18Z" finished-at="2018-07-23T16:37:18Z">
          <reporter-output>
          </reporter-output>
        </test-method> <!-- tearDown -->
        <test-method status="PASS" signature="setUp()[pri:0, instance:com.HRM.testcases.AdminHomePageTest@59ec2012]" name="setUp" is-config="true" duration-ms="12207" started-at="2018-07-23T16:37:18Z" finished-at="2018-07-23T16:37:30Z">
          <reporter-output>
          </reporter-output>
        </test-method> <!-- setUp -->
        <test-method status="PASS" signature="verifyDirectoryPageLinkTest()[pri:14, instance:com.HRM.testcases.AdminHomePageTest@59ec2012]" name="verifyDirectoryPageLinkTest" duration-ms="4265" started-at="2018-07-23T16:37:30Z" finished-at="2018-07-23T16:37:34Z">
          <reporter-output>
          </reporter-output>
        </test-method> <!-- verifyDirectoryPageLinkTest -->
        <test-method status="PASS" signature="tearDown()[pri:0, instance:com.HRM.testcases.AdminHomePageTest@59ec2012]" name="tearDown" is-config="true" duration-ms="119" started-at="2018-07-23T16:37:34Z" finished-at="2018-07-23T16:37:35Z">
          <reporter-output>
          </reporter-output>
        </test-method> <!-- tearDown -->
      </class> <!-- com.HRM.testcases.AdminHomePageTest -->
      <class name="com.HRM.testcases.AdminModulePageTest">
        <test-method status="PASS" signature="setUp()[pri:0, instance:com.HRM.testcases.AdminModulePageTest@4cf777e8]" name="setUp" is-config="true" duration-ms="9286" started-at="2018-07-23T16:32:22Z" finished-at="2018-07-23T16:32:31Z">
          <reporter-output>
          </reporter-output>
        </test-method> <!-- setUp -->
        <test-method status="PASS" signature="verifyAdminPageHeaderTest()[pri:1, instance:com.HRM.testcases.AdminModulePageTest@4cf777e8]" name="verifyAdminPageHeaderTest" duration-ms="39" started-at="2018-07-23T16:32:31Z" finished-at="2018-07-23T16:32:31Z">
          <reporter-output>
          </reporter-output>
        </test-method> <!-- verifyAdminPageHeaderTest -->
        <test-method status="PASS" signature="tearDown()[pri:0, instance:com.HRM.testcases.AdminModulePageTest@4cf777e8]" name="tearDown" is-config="true" duration-ms="55" started-at="2018-07-23T16:32:31Z" finished-at="2018-07-23T16:32:31Z">
          <reporter-output>
          </reporter-output>
        </test-method> <!-- tearDown -->
        <test-method status="PASS" signature="setUp()[pri:0, instance:com.HRM.testcases.AdminModulePageTest@4cf777e8]" name="setUp" is-config="true" duration-ms="10021" started-at="2018-07-23T16:32:55Z" finished-at="2018-07-23T16:33:05Z">
          <reporter-output>
          </reporter-output>
        </test-method> <!-- setUp -->
        <test-method status="PASS" signature="verifyClickonUsersMenuTest()[pri:2, instance:com.HRM.testcases.AdminModulePageTest@4cf777e8]" name="verifyClickonUsersMenuTest" duration-ms="1171" started-at="2018-07-23T16:33:05Z" finished-at="2018-07-23T16:33:06Z">
          <reporter-output>
          </reporter-output>
        </test-method> <!-- verifyClickonUsersMenuTest -->
        <test-method status="PASS" signature="tearDown()[pri:0, instance:com.HRM.testcases.AdminModulePageTest@4cf777e8]" name="tearDown" is-config="true" duration-ms="156" started-at="2018-07-23T16:33:06Z" finished-at="2018-07-23T16:33:07Z">
          <reporter-output>
          </reporter-output>
        </test-method> <!-- tearDown -->
      </class> <!-- com.HRM.testcases.AdminModulePageTest -->
    </test> <!-- Orange HRM Test Cases -->
  </suite> <!-- Orange HRM Test Suite -->
</testng-results>
