<?xml version="1.0" encoding="UTF-8"?>
<testng-results skipped="0" failed="0" ignored="4" total="7" passed="3">
  <reporter-output>
  </reporter-output>
  <suite name="Default suite" duration-ms="44957" started-at="2018-09-01T05:54:19Z" finished-at="2018-09-01T05:55:04Z">
    <groups>
    </groups>
    <test name="Default test" duration-ms="44957" started-at="2018-09-01T05:54:19Z" finished-at="2018-09-01T05:55:04Z">
      <class name="com.HRM.testcases.MembershipsPageTest">
        <test-method status="PASS" signature="setUp()[pri:0, instance:com.HRM.testcases.MembershipsPageTest@1686d1f]" name="setUp" is-config="true" duration-ms="12235" started-at="2018-09-01T11:24:20Z" finished-at="2018-09-01T11:24:32Z">
          <reporter-output>
          </reporter-output>
        </test-method> <!-- setUp -->
        <test-method status="PASS" signature="VerifyEditMembershipsTest(java.lang.String, java.lang.String)[pri:5, instance:com.HRM.testcases.MembershipsPageTest@1686d1f]" name="VerifyEditMembershipsTest" duration-ms="2608" started-at="2018-09-01T11:24:32Z" data-provider="EditMembership" finished-at="2018-09-01T11:24:35Z">
          <params>
            <param index="0">
              <value>
                <![CDATA[CSI]]>
              </value>
            </param>
            <param index="1">
              <value>
                <![CDATA[CSI_NEW]]>
              </value>
            </param>
          </params>
          <reporter-output>
          </reporter-output>
        </test-method> <!-- VerifyEditMembershipsTest -->
        <test-method status="PASS" signature="tearDown()[pri:0, instance:com.HRM.testcases.MembershipsPageTest@1686d1f]" name="tearDown" is-config="true" duration-ms="832" started-at="2018-09-01T11:24:35Z" finished-at="2018-09-01T11:24:36Z">
          <reporter-output>
          </reporter-output>
        </test-method> <!-- tearDown -->
        <test-method status="PASS" signature="setUp()[pri:0, instance:com.HRM.testcases.MembershipsPageTest@1686d1f]" name="setUp" is-config="true" duration-ms="12174" started-at="2018-09-01T11:24:36Z" finished-at="2018-09-01T11:24:48Z">
          <reporter-output>
          </reporter-output>
        </test-method> <!-- setUp -->
        <test-method status="PASS" signature="VerifyEditMembershipsTest(java.lang.String, java.lang.String)[pri:5, instance:com.HRM.testcases.MembershipsPageTest@1686d1f]" name="VerifyEditMembershipsTest" duration-ms="2311" started-at="2018-09-01T11:24:48Z" data-provider="EditMembership" finished-at="2018-09-01T11:24:50Z">
          <params>
            <param index="0">
              <value>
                <![CDATA[CSI_NEW]]>
              </value>
            </param>
            <param index="1">
              <value>
                <![CDATA[CSI]]>
              </value>
            </param>
          </params>
          <reporter-output>
          </reporter-output>
        </test-method> <!-- VerifyEditMembershipsTest -->
        <test-method status="PASS" signature="tearDown()[pri:0, instance:com.HRM.testcases.MembershipsPageTest@1686d1f]" name="tearDown" is-config="true" duration-ms="849" started-at="2018-09-01T11:24:50Z" finished-at="2018-09-01T11:24:51Z">
          <reporter-output>
          </reporter-output>
        </test-method> <!-- tearDown -->
        <test-method status="PASS" signature="setUp()[pri:0, instance:com.HRM.testcases.MembershipsPageTest@1686d1f]" name="setUp" is-config="true" duration-ms="10949" started-at="2018-09-01T11:24:51Z" finished-at="2018-09-01T11:25:02Z">
          <reporter-output>
          </reporter-output>
        </test-method> <!-- setUp -->
        <test-method status="PASS" signature="VerifyEditMembershipsTest(java.lang.String, java.lang.String)[pri:5, instance:com.HRM.testcases.MembershipsPageTest@1686d1f]" name="VerifyEditMembershipsTest" duration-ms="1041" started-at="2018-09-01T11:25:02Z" data-provider="EditMembership" finished-at="2018-09-01T11:25:03Z">
          <params>
            <param index="0">
              <value>
                <![CDATA[CSI]]>
              </value>
            </param>
            <param index="1">
              <value>
                <![CDATA[]]>
              </value>
            </param>
          </params>
          <reporter-output>
          </reporter-output>
        </test-method> <!-- VerifyEditMembershipsTest -->
        <test-method status="PASS" signature="tearDown()[pri:0, instance:com.HRM.testcases.MembershipsPageTest@1686d1f]" name="tearDown" is-config="true" duration-ms="795" started-at="2018-09-01T11:25:03Z" finished-at="2018-09-01T11:25:04Z">
          <reporter-output>
          </reporter-output>
        </test-method> <!-- tearDown -->
      </class> <!-- com.HRM.testcases.MembershipsPageTest -->
    </test> <!-- Default test -->
  </suite> <!-- Default suite -->
</testng-results>
