<?xml version="1.0" encoding="UTF-8"?>
<testng-results skipped="0" failed="0" ignored="0" total="9" passed="9">
  <reporter-output>
  </reporter-output>
  <suite name="Default suite" duration-ms="182769" started-at="2018-08-27T06:35:45Z" finished-at="2018-08-27T06:38:48Z">
    <groups>
    </groups>
    <test name="Default test" duration-ms="182769" started-at="2018-08-27T06:35:45Z" finished-at="2018-08-27T06:38:48Z">
      <class name="com.HRM.testcases.LicensesPageTest">
        <test-method status="PASS" signature="setUp()[pri:0, instance:com.HRM.testcases.LicensesPageTest@1686d1f]" name="setUp" is-config="true" duration-ms="18304" started-at="2018-08-27T12:05:45Z" finished-at="2018-08-27T12:06:03Z">
          <reporter-output>
          </reporter-output>
        </test-method> <!-- setUp -->
        <test-method status="PASS" signature="VerifylicensesPageHeaderTest()[pri:1, instance:com.HRM.testcases.LicensesPageTest@1686d1f]" name="VerifylicensesPageHeaderTest" duration-ms="96" started-at="2018-08-27T12:06:03Z" finished-at="2018-08-27T12:06:03Z">
          <reporter-output>
          </reporter-output>
        </test-method> <!-- VerifylicensesPageHeaderTest -->
        <test-method status="PASS" signature="tearDown()[pri:0, instance:com.HRM.testcases.LicensesPageTest@1686d1f]" name="tearDown" is-config="true" duration-ms="2076" started-at="2018-08-27T12:06:03Z" finished-at="2018-08-27T12:06:05Z">
          <reporter-output>
          </reporter-output>
        </test-method> <!-- tearDown -->
        <test-method status="PASS" signature="setUp()[pri:0, instance:com.HRM.testcases.LicensesPageTest@1686d1f]" name="setUp" is-config="true" duration-ms="16876" started-at="2018-08-27T12:06:05Z" finished-at="2018-08-27T12:06:22Z">
          <reporter-output>
          </reporter-output>
        </test-method> <!-- setUp -->
        <test-method status="PASS" signature="VerifyAddlicensesPageHeaderTest()[pri:2, instance:com.HRM.testcases.LicensesPageTest@1686d1f]" name="VerifyAddlicensesPageHeaderTest" duration-ms="366" started-at="2018-08-27T12:06:22Z" finished-at="2018-08-27T12:06:23Z">
          <reporter-output>
          </reporter-output>
        </test-method> <!-- VerifyAddlicensesPageHeaderTest -->
        <test-method status="PASS" signature="tearDown()[pri:0, instance:com.HRM.testcases.LicensesPageTest@1686d1f]" name="tearDown" is-config="true" duration-ms="2351" started-at="2018-08-27T12:06:23Z" finished-at="2018-08-27T12:06:25Z">
          <reporter-output>
          </reporter-output>
        </test-method> <!-- tearDown -->
        <test-method status="PASS" signature="setUp()[pri:0, instance:com.HRM.testcases.LicensesPageTest@1686d1f]" name="setUp" is-config="true" duration-ms="17235" started-at="2018-08-27T12:06:30Z" finished-at="2018-08-27T12:06:47Z">
          <reporter-output>
          </reporter-output>
        </test-method> <!-- setUp -->
        <test-method status="PASS" signature="VerifyAddLicenseTest(java.lang.String)[pri:3, instance:com.HRM.testcases.LicensesPageTest@1686d1f]" name="VerifyAddLicenseTest" duration-ms="2867" started-at="2018-08-27T12:06:47Z" data-provider="AddLicense" finished-at="2018-08-27T12:06:50Z">
          <params>
            <param index="0">
              <value>
                <![CDATA[TESTC]]>
              </value>
            </param>
          </params>
          <reporter-output>
          </reporter-output>
        </test-method> <!-- VerifyAddLicenseTest -->
        <test-method status="PASS" signature="tearDown()[pri:0, instance:com.HRM.testcases.LicensesPageTest@1686d1f]" name="tearDown" is-config="true" duration-ms="2058" started-at="2018-08-27T12:06:50Z" finished-at="2018-08-27T12:06:52Z">
          <reporter-output>
          </reporter-output>
        </test-method> <!-- tearDown -->
        <test-method status="PASS" signature="setUp()[pri:0, instance:com.HRM.testcases.LicensesPageTest@1686d1f]" name="setUp" is-config="true" duration-ms="14239" started-at="2018-08-27T12:06:52Z" finished-at="2018-08-27T12:07:06Z">
          <reporter-output>
          </reporter-output>
        </test-method> <!-- setUp -->
        <test-method status="PASS" signature="VerifyAddLicenseTest(java.lang.String)[pri:3, instance:com.HRM.testcases.LicensesPageTest@1686d1f]" name="VerifyAddLicenseTest" duration-ms="593" started-at="2018-08-27T12:07:06Z" data-provider="AddLicense" finished-at="2018-08-27T12:07:07Z">
          <params>
            <param index="0">
              <value>
                <![CDATA[]]>
              </value>
            </param>
          </params>
          <reporter-output>
          </reporter-output>
        </test-method> <!-- VerifyAddLicenseTest -->
        <test-method status="PASS" signature="tearDown()[pri:0, instance:com.HRM.testcases.LicensesPageTest@1686d1f]" name="tearDown" is-config="true" duration-ms="2133" started-at="2018-08-27T12:07:07Z" finished-at="2018-08-27T12:07:09Z">
          <reporter-output>
          </reporter-output>
        </test-method> <!-- tearDown -->
        <test-method status="PASS" signature="setUp()[pri:0, instance:com.HRM.testcases.LicensesPageTest@1686d1f]" name="setUp" is-config="true" duration-ms="16177" started-at="2018-08-27T12:07:09Z" finished-at="2018-08-27T12:07:25Z">
          <reporter-output>
          </reporter-output>
        </test-method> <!-- setUp -->
        <test-method status="PASS" signature="VerifyAddLicenseTest(java.lang.String)[pri:3, instance:com.HRM.testcases.LicensesPageTest@1686d1f]" name="VerifyAddLicenseTest" duration-ms="2076" started-at="2018-08-27T12:07:25Z" data-provider="AddLicense" finished-at="2018-08-27T12:07:27Z">
          <params>
            <param index="0">
              <value>
                <![CDATA[TESTA]]>
              </value>
            </param>
          </params>
          <reporter-output>
          </reporter-output>
        </test-method> <!-- VerifyAddLicenseTest -->
        <test-method status="PASS" signature="tearDown()[pri:0, instance:com.HRM.testcases.LicensesPageTest@1686d1f]" name="tearDown" is-config="true" duration-ms="2156" started-at="2018-08-27T12:07:27Z" finished-at="2018-08-27T12:07:29Z">
          <reporter-output>
          </reporter-output>
        </test-method> <!-- tearDown -->
        <test-method status="PASS" signature="setUp()[pri:0, instance:com.HRM.testcases.LicensesPageTest@1686d1f]" name="setUp" is-config="true" duration-ms="17843" started-at="2018-08-27T12:07:30Z" finished-at="2018-08-27T12:07:47Z">
          <reporter-output>
          </reporter-output>
        </test-method> <!-- setUp -->
        <test-method status="PASS" signature="VerifyDeleteSkillTest(java.lang.String)[pri:4, instance:com.HRM.testcases.LicensesPageTest@1686d1f]" name="VerifyDeleteSkillTest" duration-ms="2027" started-at="2018-08-27T12:07:47Z" data-provider="DeleteLicense" finished-at="2018-08-27T12:07:49Z">
          <params>
            <param index="0">
              <value>
                <![CDATA[TESTC]]>
              </value>
            </param>
          </params>
          <reporter-output>
          </reporter-output>
        </test-method> <!-- VerifyDeleteSkillTest -->
        <test-method status="PASS" signature="tearDown()[pri:0, instance:com.HRM.testcases.LicensesPageTest@1686d1f]" name="tearDown" is-config="true" duration-ms="2153" started-at="2018-08-27T12:07:49Z" finished-at="2018-08-27T12:07:52Z">
          <reporter-output>
          </reporter-output>
        </test-method> <!-- tearDown -->
        <test-method status="PASS" signature="setUp()[pri:0, instance:com.HRM.testcases.LicensesPageTest@1686d1f]" name="setUp" is-config="true" duration-ms="14800" started-at="2018-08-27T12:07:52Z" finished-at="2018-08-27T12:08:06Z">
          <reporter-output>
          </reporter-output>
        </test-method> <!-- setUp -->
        <test-method status="PASS" signature="VerifyEditLicenseTest(java.lang.String, java.lang.String)[pri:5, instance:com.HRM.testcases.LicensesPageTest@1686d1f]" name="VerifyEditLicenseTest" duration-ms="4707" started-at="2018-08-27T12:08:06Z" data-provider="EditLicense" finished-at="2018-08-27T12:08:11Z">
          <params>
            <param index="0">
              <value>
                <![CDATA[TESTB]]>
              </value>
            </param>
            <param index="1">
              <value>
                <![CDATA[TESTB UPDATED LICENSE]]>
              </value>
            </param>
          </params>
          <reporter-output>
          </reporter-output>
        </test-method> <!-- VerifyEditLicenseTest -->
        <test-method status="PASS" signature="tearDown()[pri:0, instance:com.HRM.testcases.LicensesPageTest@1686d1f]" name="tearDown" is-config="true" duration-ms="2190" started-at="2018-08-27T12:08:11Z" finished-at="2018-08-27T12:08:13Z">
          <reporter-output>
          </reporter-output>
        </test-method> <!-- tearDown -->
        <test-method status="PASS" signature="setUp()[pri:0, instance:com.HRM.testcases.LicensesPageTest@1686d1f]" name="setUp" is-config="true" duration-ms="14980" started-at="2018-08-27T12:08:13Z" finished-at="2018-08-27T12:08:28Z">
          <reporter-output>
          </reporter-output>
        </test-method> <!-- setUp -->
        <test-method status="PASS" signature="VerifyEditLicenseTest(java.lang.String, java.lang.String)[pri:5, instance:com.HRM.testcases.LicensesPageTest@1686d1f]" name="VerifyEditLicenseTest" duration-ms="2406" started-at="2018-08-27T12:08:28Z" data-provider="EditLicense" finished-at="2018-08-27T12:08:31Z">
          <params>
            <param index="0">
              <value>
                <![CDATA[TESTB UPDATED LICENSE]]>
              </value>
            </param>
            <param index="1">
              <value>
                <![CDATA[TESTB]]>
              </value>
            </param>
          </params>
          <reporter-output>
          </reporter-output>
        </test-method> <!-- VerifyEditLicenseTest -->
        <test-method status="PASS" signature="tearDown()[pri:0, instance:com.HRM.testcases.LicensesPageTest@1686d1f]" name="tearDown" is-config="true" duration-ms="2372" started-at="2018-08-27T12:08:31Z" finished-at="2018-08-27T12:08:33Z">
          <reporter-output>
          </reporter-output>
        </test-method> <!-- tearDown -->
        <test-method status="PASS" signature="setUp()[pri:0, instance:com.HRM.testcases.LicensesPageTest@1686d1f]" name="setUp" is-config="true" duration-ms="11493" started-at="2018-08-27T12:08:33Z" finished-at="2018-08-27T12:08:45Z">
          <reporter-output>
          </reporter-output>
        </test-method> <!-- setUp -->
        <test-method status="PASS" signature="VerifyEditLicenseTest(java.lang.String, java.lang.String)[pri:5, instance:com.HRM.testcases.LicensesPageTest@1686d1f]" name="VerifyEditLicenseTest" duration-ms="772" started-at="2018-08-27T12:08:45Z" data-provider="EditLicense" finished-at="2018-08-27T12:08:45Z">
          <params>
            <param index="0">
              <value>
                <![CDATA[TESTA]]>
              </value>
            </param>
            <param index="1">
              <value>
                <![CDATA[]]>
              </value>
            </param>
          </params>
          <reporter-output>
          </reporter-output>
        </test-method> <!-- VerifyEditLicenseTest -->
        <test-method status="PASS" signature="tearDown()[pri:0, instance:com.HRM.testcases.LicensesPageTest@1686d1f]" name="tearDown" is-config="true" duration-ms="2366" started-at="2018-08-27T12:08:45Z" finished-at="2018-08-27T12:08:48Z">
          <reporter-output>
          </reporter-output>
        </test-method> <!-- tearDown -->
      </class> <!-- com.HRM.testcases.LicensesPageTest -->
    </test> <!-- Default test -->
  </suite> <!-- Default suite -->
</testng-results>
