<?xml version="1.0" encoding="UTF-8"?>
<testng-results skipped="0" failed="2" ignored="0" total="97" passed="95">
  <reporter-output>
  </reporter-output>
  <suite name="Orange HRM Test Suite" duration-ms="2086827" started-at="2018-07-29T09:17:25Z" finished-at="2018-07-29T09:52:12Z">
    <groups>
    </groups>
    <test name="Orange HRM Test Cases" duration-ms="2086827" started-at="2018-07-29T09:17:25Z" finished-at="2018-07-29T09:52:12Z">
      <class name="com.HRM.testcases.LoginPageTest">
        <test-method status="PASS" signature="SetUp()[pri:0, instance:com.HRM.testcases.LoginPageTest@ac3a89]" name="SetUp" is-config="true" duration-ms="9879" started-at="2018-07-29T14:49:23Z" finished-at="2018-07-29T14:49:33Z">
          <reporter-output>
          </reporter-output>
        </test-method> <!-- SetUp -->
        <test-method status="PASS" signature="verifyLoginPageTitleTest()[pri:1, instance:com.HRM.testcases.LoginPageTest@ac3a89]" name="verifyLoginPageTitleTest" duration-ms="20" started-at="2018-07-29T14:49:33Z" finished-at="2018-07-29T14:49:33Z">
          <reporter-output>
          </reporter-output>
        </test-method> <!-- verifyLoginPageTitleTest -->
        <test-method status="PASS" signature="TearDown()[pri:0, instance:com.HRM.testcases.LoginPageTest@ac3a89]" name="TearDown" is-config="true" duration-ms="77" started-at="2018-07-29T14:49:33Z" finished-at="2018-07-29T14:49:33Z">
          <reporter-output>
          </reporter-output>
        </test-method> <!-- TearDown -->
        <test-method status="PASS" signature="SetUp()[pri:0, instance:com.HRM.testcases.LoginPageTest@ac3a89]" name="SetUp" is-config="true" duration-ms="24600" started-at="2018-07-29T14:55:07Z" finished-at="2018-07-29T14:55:32Z">
          <reporter-output>
          </reporter-output>
        </test-method> <!-- SetUp -->
        <test-method status="PASS" signature="verifyLoginPageLogoTest()[pri:2, instance:com.HRM.testcases.LoginPageTest@ac3a89]" name="verifyLoginPageLogoTest" duration-ms="66" started-at="2018-07-29T14:55:32Z" finished-at="2018-07-29T14:55:32Z">
          <reporter-output>
          </reporter-output>
        </test-method> <!-- verifyLoginPageLogoTest -->
        <test-method status="PASS" signature="TearDown()[pri:0, instance:com.HRM.testcases.LoginPageTest@ac3a89]" name="TearDown" is-config="true" duration-ms="2317" started-at="2018-07-29T14:55:32Z" finished-at="2018-07-29T14:55:34Z">
          <reporter-output>
          </reporter-output>
        </test-method> <!-- TearDown -->
        <test-method status="PASS" signature="SetUp()[pri:0, instance:com.HRM.testcases.LoginPageTest@ac3a89]" name="SetUp" is-config="true" duration-ms="8632" started-at="2018-07-29T15:01:06Z" finished-at="2018-07-29T15:01:14Z">
          <reporter-output>
          </reporter-output>
        </test-method> <!-- SetUp -->
        <test-method status="PASS" signature="verifyAdminCredintialsTest()[pri:3, instance:com.HRM.testcases.LoginPageTest@ac3a89]" name="verifyAdminCredintialsTest" duration-ms="3086" started-at="2018-07-29T15:01:14Z" finished-at="2018-07-29T15:01:18Z">
          <reporter-output>
          </reporter-output>
        </test-method> <!-- verifyAdminCredintialsTest -->
        <test-method status="PASS" signature="TearDown()[pri:0, instance:com.HRM.testcases.LoginPageTest@ac3a89]" name="TearDown" is-config="true" duration-ms="118" started-at="2018-07-29T15:01:18Z" finished-at="2018-07-29T15:01:18Z">
          <reporter-output>
          </reporter-output>
        </test-method> <!-- TearDown -->
        <test-method status="PASS" signature="SetUp()[pri:0, instance:com.HRM.testcases.LoginPageTest@ac3a89]" name="SetUp" is-config="true" duration-ms="7796" started-at="2018-07-29T15:04:35Z" finished-at="2018-07-29T15:04:43Z">
          <reporter-output>
          </reporter-output>
        </test-method> <!-- SetUp -->
        <test-method status="PASS" signature="verifyUserCredintialsTest()[pri:4, instance:com.HRM.testcases.LoginPageTest@ac3a89]" name="verifyUserCredintialsTest" duration-ms="1656" started-at="2018-07-29T15:04:43Z" finished-at="2018-07-29T15:04:44Z">
          <reporter-output>
          </reporter-output>
        </test-method> <!-- verifyUserCredintialsTest -->
        <test-method status="PASS" signature="TearDown()[pri:0, instance:com.HRM.testcases.LoginPageTest@ac3a89]" name="TearDown" is-config="true" duration-ms="2047" started-at="2018-07-29T15:04:44Z" finished-at="2018-07-29T15:04:46Z">
          <reporter-output>
          </reporter-output>
        </test-method> <!-- TearDown -->
      </class> <!-- com.HRM.testcases.LoginPageTest -->
      <class name="com.HRM.testcases.UsersPageTest">
        <test-method status="PASS" signature="setUp()[pri:0, instance:com.HRM.testcases.UsersPageTest@1f5b51f]" name="setUp" is-config="true" duration-ms="20584" started-at="2018-07-29T14:51:43Z" finished-at="2018-07-29T14:52:03Z">
          <reporter-output>
          </reporter-output>
        </test-method> <!-- setUp -->
        <test-method status="PASS" signature="verifyAddRoleTest()[pri:1, instance:com.HRM.testcases.UsersPageTest@1f5b51f]" name="verifyAddRoleTest" duration-ms="1497" started-at="2018-07-29T14:52:03Z" finished-at="2018-07-29T14:52:05Z">
          <reporter-output>
          </reporter-output>
        </test-method> <!-- verifyAddRoleTest -->
        <test-method status="PASS" signature="tearDown()[pri:0, instance:com.HRM.testcases.UsersPageTest@1f5b51f]" name="tearDown" is-config="true" duration-ms="229" started-at="2018-07-29T14:52:05Z" finished-at="2018-07-29T14:52:05Z">
          <reporter-output>
          </reporter-output>
        </test-method> <!-- tearDown -->
        <test-method status="PASS" signature="setUp()[pri:0, instance:com.HRM.testcases.UsersPageTest@1f5b51f]" name="setUp" is-config="true" duration-ms="15440" started-at="2018-07-29T14:57:42Z" finished-at="2018-07-29T14:57:57Z">
          <reporter-output>
          </reporter-output>
        </test-method> <!-- setUp -->
        <test-method status="PASS" signature="verifyDeleteRoleTest()[pri:2, instance:com.HRM.testcases.UsersPageTest@1f5b51f]" name="verifyDeleteRoleTest" duration-ms="166" started-at="2018-07-29T14:57:57Z" finished-at="2018-07-29T14:57:57Z">
          <reporter-output>
          </reporter-output>
        </test-method> <!-- verifyDeleteRoleTest -->
        <test-method status="PASS" signature="tearDown()[pri:0, instance:com.HRM.testcases.UsersPageTest@1f5b51f]" name="tearDown" is-config="true" duration-ms="53" started-at="2018-07-29T14:57:57Z" finished-at="2018-07-29T14:57:57Z">
          <reporter-output>
          </reporter-output>
        </test-method> <!-- tearDown -->
        <test-method status="PASS" signature="setUp()[pri:0, instance:com.HRM.testcases.UsersPageTest@1f5b51f]" name="setUp" is-config="true" duration-ms="13891" started-at="2018-07-29T15:02:55Z" finished-at="2018-07-29T15:03:09Z">
          <reporter-output>
          </reporter-output>
        </test-method> <!-- setUp -->
        <test-method status="PASS" signature="verifyUserRoleDataTest()[pri:3, instance:com.HRM.testcases.UsersPageTest@1f5b51f]" name="verifyUserRoleDataTest" duration-ms="335" started-at="2018-07-29T15:03:09Z" finished-at="2018-07-29T15:03:10Z">
          <reporter-output>
          </reporter-output>
        </test-method> <!-- verifyUserRoleDataTest -->
        <test-method status="PASS" signature="tearDown()[pri:0, instance:com.HRM.testcases.UsersPageTest@1f5b51f]" name="tearDown" is-config="true" duration-ms="141" started-at="2018-07-29T15:03:10Z" finished-at="2018-07-29T15:03:10Z">
          <reporter-output>
          </reporter-output>
        </test-method> <!-- tearDown -->
      </class> <!-- com.HRM.testcases.UsersPageTest -->
      <class name="com.HRM.testcases.RecruitmentPageTest">
        <test-method status="PASS" signature="setUp()[pri:0, instance:com.HRM.testcases.RecruitmentPageTest@b9f472]" name="setUp" is-config="true" duration-ms="19115" started-at="2018-07-29T14:51:06Z" finished-at="2018-07-29T14:51:26Z">
          <reporter-output>
          </reporter-output>
        </test-method> <!-- setUp -->
        <test-method status="PASS" signature="verifyRecruitmentPageHeaderTest()[pri:1, instance:com.HRM.testcases.RecruitmentPageTest@b9f472]" name="verifyRecruitmentPageHeaderTest" duration-ms="60" started-at="2018-07-29T14:51:26Z" finished-at="2018-07-29T14:51:26Z">
          <reporter-output>
          </reporter-output>
        </test-method> <!-- verifyRecruitmentPageHeaderTest -->
        <test-method status="PASS" signature="tearDown()[pri:0, instance:com.HRM.testcases.RecruitmentPageTest@b9f472]" name="tearDown" is-config="true" duration-ms="123" started-at="2018-07-29T14:51:26Z" finished-at="2018-07-29T14:51:26Z">
          <reporter-output>
          </reporter-output>
        </test-method> <!-- tearDown -->
        <test-method status="PASS" signature="setUp()[pri:0, instance:com.HRM.testcases.RecruitmentPageTest@b9f472]" name="setUp" is-config="true" duration-ms="18895" started-at="2018-07-29T14:57:01Z" finished-at="2018-07-29T14:57:20Z">
          <reporter-output>
          </reporter-output>
        </test-method> <!-- setUp -->
        <test-method status="PASS" signature="verifyCandidatesMenuTest()[pri:2, instance:com.HRM.testcases.RecruitmentPageTest@b9f472]" name="verifyCandidatesMenuTest" duration-ms="1743" started-at="2018-07-29T14:57:20Z" finished-at="2018-07-29T14:57:22Z">
          <reporter-output>
          </reporter-output>
        </test-method> <!-- verifyCandidatesMenuTest -->
        <test-method status="PASS" signature="tearDown()[pri:0, instance:com.HRM.testcases.RecruitmentPageTest@b9f472]" name="tearDown" is-config="true" duration-ms="2306" started-at="2018-07-29T14:57:22Z" finished-at="2018-07-29T14:57:24Z">
          <reporter-output>
          </reporter-output>
        </test-method> <!-- tearDown -->
        <test-method status="PASS" signature="setUp()[pri:0, instance:com.HRM.testcases.RecruitmentPageTest@b9f472]" name="setUp" is-config="true" duration-ms="14429" started-at="2018-07-29T15:02:23Z" finished-at="2018-07-29T15:02:37Z">
          <reporter-output>
          </reporter-output>
        </test-method> <!-- setUp -->
        <test-method status="PASS" signature="verifyVacanciesMenuTest()[pri:3, instance:com.HRM.testcases.RecruitmentPageTest@b9f472]" name="verifyVacanciesMenuTest" duration-ms="1468" started-at="2018-07-29T15:02:37Z" finished-at="2018-07-29T15:02:39Z">
          <reporter-output>
          </reporter-output>
        </test-method> <!-- verifyVacanciesMenuTest -->
        <test-method status="PASS" signature="tearDown()[pri:0, instance:com.HRM.testcases.RecruitmentPageTest@b9f472]" name="tearDown" is-config="true" duration-ms="122" started-at="2018-07-29T15:02:39Z" finished-at="2018-07-29T15:02:39Z">
          <reporter-output>
          </reporter-output>
        </test-method> <!-- tearDown -->
      </class> <!-- com.HRM.testcases.RecruitmentPageTest -->
      <class name="com.HRM.testcases.TimePageTest">
        <test-method status="PASS" signature="setUp()[pri:0, instance:com.HRM.testcases.TimePageTest@1567f1]" name="setUp" is-config="true" duration-ms="16934" started-at="2018-07-29T14:51:26Z" finished-at="2018-07-29T14:51:43Z">
          <reporter-output>
          </reporter-output>
        </test-method> <!-- setUp -->
        <test-method status="PASS" signature="verifyTimePageHeaderTest()[pri:1, instance:com.HRM.testcases.TimePageTest@1567f1]" name="verifyTimePageHeaderTest" duration-ms="69" started-at="2018-07-29T14:51:43Z" finished-at="2018-07-29T14:51:43Z">
          <reporter-output>
          </reporter-output>
        </test-method> <!-- verifyTimePageHeaderTest -->
        <test-method status="PASS" signature="tearDown()[pri:0, instance:com.HRM.testcases.TimePageTest@1567f1]" name="tearDown" is-config="true" duration-ms="101" started-at="2018-07-29T14:51:43Z" finished-at="2018-07-29T14:51:43Z">
          <reporter-output>
          </reporter-output>
        </test-method> <!-- tearDown -->
        <test-method status="PASS" signature="setUp()[pri:0, instance:com.HRM.testcases.TimePageTest@1567f1]" name="setUp" is-config="true" duration-ms="15719" started-at="2018-07-29T14:57:24Z" finished-at="2018-07-29T14:57:40Z">
          <reporter-output>
          </reporter-output>
        </test-method> <!-- setUp -->
        <test-method status="PASS" signature="verifyEmployeeTimeSheetsMenuTest()[pri:2, instance:com.HRM.testcases.TimePageTest@1567f1]" name="verifyEmployeeTimeSheetsMenuTest" duration-ms="1750" started-at="2018-07-29T14:57:40Z" finished-at="2018-07-29T14:57:41Z">
          <reporter-output>
          </reporter-output>
        </test-method> <!-- verifyEmployeeTimeSheetsMenuTest -->
        <test-method status="PASS" signature="tearDown()[pri:0, instance:com.HRM.testcases.TimePageTest@1567f1]" name="tearDown" is-config="true" duration-ms="123" started-at="2018-07-29T14:57:41Z" finished-at="2018-07-29T14:57:42Z">
          <reporter-output>
          </reporter-output>
        </test-method> <!-- tearDown -->
        <test-method status="PASS" signature="setUp()[pri:0, instance:com.HRM.testcases.TimePageTest@1567f1]" name="setUp" is-config="true" duration-ms="13881" started-at="2018-07-29T15:02:39Z" finished-at="2018-07-29T15:02:53Z">
          <reporter-output>
          </reporter-output>
        </test-method> <!-- setUp -->
        <test-method status="PASS" signature="verifyEmployeeRecordsMenuTest()[pri:3, instance:com.HRM.testcases.TimePageTest@1567f1]" name="verifyEmployeeRecordsMenuTest" duration-ms="2313" started-at="2018-07-29T15:02:53Z" finished-at="2018-07-29T15:02:55Z">
          <reporter-output>
          </reporter-output>
        </test-method> <!-- verifyEmployeeRecordsMenuTest -->
        <test-method status="PASS" signature="tearDown()[pri:0, instance:com.HRM.testcases.TimePageTest@1567f1]" name="tearDown" is-config="true" duration-ms="98" started-at="2018-07-29T15:02:55Z" finished-at="2018-07-29T15:02:55Z">
          <reporter-output>
          </reporter-output>
        </test-method> <!-- tearDown -->
        <test-method status="PASS" signature="setUp()[pri:0, instance:com.HRM.testcases.TimePageTest@1567f1]" name="setUp" is-config="true" duration-ms="14295" started-at="2018-07-29T15:05:17Z" finished-at="2018-07-29T15:05:31Z">
          <reporter-output>
          </reporter-output>
        </test-method> <!-- setUp -->
        <test-method status="PASS" signature="verifyAttendenceConfigMenuTest()[pri:4, instance:com.HRM.testcases.TimePageTest@1567f1]" name="verifyAttendenceConfigMenuTest" duration-ms="1389" started-at="2018-07-29T15:05:31Z" finished-at="2018-07-29T15:05:32Z">
          <reporter-output>
          </reporter-output>
        </test-method> <!-- verifyAttendenceConfigMenuTest -->
        <test-method status="PASS" signature="tearDown()[pri:0, instance:com.HRM.testcases.TimePageTest@1567f1]" name="tearDown" is-config="true" duration-ms="50" started-at="2018-07-29T15:05:32Z" finished-at="2018-07-29T15:05:32Z">
          <reporter-output>
          </reporter-output>
        </test-method> <!-- tearDown -->
        <test-method status="PASS" signature="setUp()[pri:0, instance:com.HRM.testcases.TimePageTest@1567f1]" name="setUp" is-config="true" duration-ms="15299" started-at="2018-07-29T15:07:08Z" finished-at="2018-07-29T15:07:23Z">
          <reporter-output>
          </reporter-output>
        </test-method> <!-- setUp -->
        <test-method status="PASS" signature="verifyProjectReportsMenuTest()[pri:5, instance:com.HRM.testcases.TimePageTest@1567f1]" name="verifyProjectReportsMenuTest" duration-ms="2587" started-at="2018-07-29T15:07:23Z" finished-at="2018-07-29T15:07:26Z">
          <reporter-output>
          </reporter-output>
        </test-method> <!-- verifyProjectReportsMenuTest -->
        <test-method status="PASS" signature="tearDown()[pri:0, instance:com.HRM.testcases.TimePageTest@1567f1]" name="tearDown" is-config="true" duration-ms="109" started-at="2018-07-29T15:07:26Z" finished-at="2018-07-29T15:07:26Z">
          <reporter-output>
          </reporter-output>
        </test-method> <!-- tearDown -->
        <test-method status="PASS" signature="setUp()[pri:0, instance:com.HRM.testcases.TimePageTest@1567f1]" name="setUp" is-config="true" duration-ms="17509" started-at="2018-07-29T15:08:41Z" finished-at="2018-07-29T15:08:58Z">
          <reporter-output>
          </reporter-output>
        </test-method> <!-- setUp -->
        <test-method status="PASS" signature="verifyEmployeeReportsMenuTest()[pri:6, instance:com.HRM.testcases.TimePageTest@1567f1]" name="verifyEmployeeReportsMenuTest" duration-ms="2094" started-at="2018-07-29T15:08:58Z" finished-at="2018-07-29T15:09:00Z">
          <reporter-output>
          </reporter-output>
        </test-method> <!-- verifyEmployeeReportsMenuTest -->
        <test-method status="PASS" signature="tearDown()[pri:0, instance:com.HRM.testcases.TimePageTest@1567f1]" name="tearDown" is-config="true" duration-ms="2033" started-at="2018-07-29T15:09:00Z" finished-at="2018-07-29T15:09:02Z">
          <reporter-output>
          </reporter-output>
        </test-method> <!-- tearDown -->
        <test-method status="PASS" signature="setUp()[pri:0, instance:com.HRM.testcases.TimePageTest@1567f1]" name="setUp" is-config="true" duration-ms="19946" started-at="2018-07-29T15:10:29Z" finished-at="2018-07-29T15:10:49Z">
          <reporter-output>
          </reporter-output>
        </test-method> <!-- setUp -->
        <test-method status="PASS" signature="verifyAttendanceSummaryMenuTest()[pri:7, instance:com.HRM.testcases.TimePageTest@1567f1]" name="verifyAttendanceSummaryMenuTest" duration-ms="1847" started-at="2018-07-29T15:10:49Z" finished-at="2018-07-29T15:10:51Z">
          <reporter-output>
          </reporter-output>
        </test-method> <!-- verifyAttendanceSummaryMenuTest -->
        <test-method status="PASS" signature="tearDown()[pri:0, instance:com.HRM.testcases.TimePageTest@1567f1]" name="tearDown" is-config="true" duration-ms="113" started-at="2018-07-29T15:10:51Z" finished-at="2018-07-29T15:10:51Z">
          <reporter-output>
          </reporter-output>
        </test-method> <!-- tearDown -->
        <test-method status="PASS" signature="setUp()[pri:0, instance:com.HRM.testcases.TimePageTest@1567f1]" name="setUp" is-config="true" duration-ms="26968" started-at="2018-07-29T15:12:29Z" finished-at="2018-07-29T15:12:56Z">
          <reporter-output>
          </reporter-output>
        </test-method> <!-- setUp -->
        <test-method status="PASS" signature="verifyCustomersMenuTest()[pri:8, instance:com.HRM.testcases.TimePageTest@1567f1]" name="verifyCustomersMenuTest" duration-ms="3018" started-at="2018-07-29T15:12:56Z" finished-at="2018-07-29T15:12:59Z">
          <reporter-output>
          </reporter-output>
        </test-method> <!-- verifyCustomersMenuTest -->
        <test-method status="PASS" signature="tearDown()[pri:0, instance:com.HRM.testcases.TimePageTest@1567f1]" name="tearDown" is-config="true" duration-ms="33" started-at="2018-07-29T15:12:59Z" finished-at="2018-07-29T15:12:59Z">
          <reporter-output>
          </reporter-output>
        </test-method> <!-- tearDown -->
        <test-method status="PASS" signature="setUp()[pri:0, instance:com.HRM.testcases.TimePageTest@1567f1]" name="setUp" is-config="true" duration-ms="36053" started-at="2018-07-29T15:14:51Z" finished-at="2018-07-29T15:15:27Z">
          <reporter-output>
          </reporter-output>
        </test-method> <!-- setUp -->
        <test-method status="PASS" signature="verifyProjectsMenuTest()[pri:9, instance:com.HRM.testcases.TimePageTest@1567f1]" name="verifyProjectsMenuTest" duration-ms="2398" started-at="2018-07-29T15:15:27Z" finished-at="2018-07-29T15:15:29Z">
          <reporter-output>
          </reporter-output>
        </test-method> <!-- verifyProjectsMenuTest -->
        <test-method status="PASS" signature="tearDown()[pri:0, instance:com.HRM.testcases.TimePageTest@1567f1]" name="tearDown" is-config="true" duration-ms="2062" started-at="2018-07-29T15:15:29Z" finished-at="2018-07-29T15:15:31Z">
          <reporter-output>
          </reporter-output>
        </test-method> <!-- tearDown -->
      </class> <!-- com.HRM.testcases.TimePageTest -->
      <class name="com.HRM.testcases.PerformancePageTest">
        <test-method status="PASS" signature="setUp()[pri:0, instance:com.HRM.testcases.PerformancePageTest@cb644e]" name="setUp" is-config="true" duration-ms="13711" started-at="2018-07-29T14:50:46Z" finished-at="2018-07-29T14:51:00Z">
          <reporter-output>
          </reporter-output>
        </test-method> <!-- setUp -->
        <test-method status="PASS" signature="verifyKPIsMenuTest()[pri:1, instance:com.HRM.testcases.PerformancePageTest@cb644e]" name="verifyKPIsMenuTest" duration-ms="6374" started-at="2018-07-29T14:51:00Z" finished-at="2018-07-29T14:51:06Z">
          <reporter-output>
          </reporter-output>
        </test-method> <!-- verifyKPIsMenuTest -->
        <test-method status="PASS" signature="tearDown()[pri:0, instance:com.HRM.testcases.PerformancePageTest@cb644e]" name="tearDown" is-config="true" duration-ms="101" started-at="2018-07-29T14:51:06Z" finished-at="2018-07-29T14:51:06Z">
          <reporter-output>
          </reporter-output>
        </test-method> <!-- tearDown -->
        <test-method status="PASS" signature="setUp()[pri:0, instance:com.HRM.testcases.PerformancePageTest@cb644e]" name="setUp" is-config="true" duration-ms="14611" started-at="2018-07-29T14:56:40Z" finished-at="2018-07-29T14:56:55Z">
          <reporter-output>
          </reporter-output>
        </test-method> <!-- setUp -->
        <test-method status="PASS" signature="verifyTrackersMenuTest()[pri:2, instance:com.HRM.testcases.PerformancePageTest@cb644e]" name="verifyTrackersMenuTest" duration-ms="5803" started-at="2018-07-29T14:56:55Z" finished-at="2018-07-29T14:57:01Z">
          <reporter-output>
          </reporter-output>
        </test-method> <!-- verifyTrackersMenuTest -->
        <test-method status="PASS" signature="tearDown()[pri:0, instance:com.HRM.testcases.PerformancePageTest@cb644e]" name="tearDown" is-config="true" duration-ms="133" started-at="2018-07-29T14:57:01Z" finished-at="2018-07-29T14:57:01Z">
          <reporter-output>
          </reporter-output>
        </test-method> <!-- tearDown -->
        <test-method status="PASS" signature="setUp()[pri:0, instance:com.HRM.testcases.PerformancePageTest@cb644e]" name="setUp" is-config="true" duration-ms="10230" started-at="2018-07-29T15:02:08Z" finished-at="2018-07-29T15:02:19Z">
          <reporter-output>
          </reporter-output>
        </test-method> <!-- setUp -->
        <test-method status="PASS" signature="verifyManageReviewsMenuTest()[pri:3, instance:com.HRM.testcases.PerformancePageTest@cb644e]" name="verifyManageReviewsMenuTest" duration-ms="4366" started-at="2018-07-29T15:02:19Z" finished-at="2018-07-29T15:02:23Z">
          <reporter-output>
          </reporter-output>
        </test-method> <!-- verifyManageReviewsMenuTest -->
        <test-method status="PASS" signature="tearDown()[pri:0, instance:com.HRM.testcases.PerformancePageTest@cb644e]" name="tearDown" is-config="true" duration-ms="63" started-at="2018-07-29T15:02:23Z" finished-at="2018-07-29T15:02:23Z">
          <reporter-output>
          </reporter-output>
        </test-method> <!-- tearDown -->
        <test-method status="PASS" signature="setUp()[pri:0, instance:com.HRM.testcases.PerformancePageTest@cb644e]" name="setUp" is-config="true" duration-ms="10448" started-at="2018-07-29T15:05:02Z" finished-at="2018-07-29T15:05:12Z">
          <reporter-output>
          </reporter-output>
        </test-method> <!-- setUp -->
        <test-method status="PASS" signature="verifyEmployeeTrackersMenuTest()[pri:4, instance:com.HRM.testcases.PerformancePageTest@cb644e]" name="verifyEmployeeTrackersMenuTest" duration-ms="4240" started-at="2018-07-29T15:05:12Z" finished-at="2018-07-29T15:05:17Z">
          <reporter-output>
          </reporter-output>
        </test-method> <!-- verifyEmployeeTrackersMenuTest -->
        <test-method status="PASS" signature="tearDown()[pri:0, instance:com.HRM.testcases.PerformancePageTest@cb644e]" name="tearDown" is-config="true" duration-ms="53" started-at="2018-07-29T15:05:17Z" finished-at="2018-07-29T15:05:17Z">
          <reporter-output>
          </reporter-output>
        </test-method> <!-- tearDown -->
      </class> <!-- com.HRM.testcases.PerformancePageTest -->
      <class name="com.HRM.testcases.JobTitlesPageTest">
        <test-method status="PASS" signature="setUp()[pri:0, instance:com.HRM.testcases.JobTitlesPageTest@ef9176]" name="setUp" is-config="true" duration-ms="22644" started-at="2018-07-29T14:48:42Z" finished-at="2018-07-29T14:49:04Z">
          <reporter-output>
          </reporter-output>
        </test-method> <!-- setUp -->
        <test-method status="PASS" signature="VerifyJobTitlesPageHeaderTest()[pri:1, instance:com.HRM.testcases.JobTitlesPageTest@ef9176]" name="VerifyJobTitlesPageHeaderTest" duration-ms="70" started-at="2018-07-29T14:49:04Z" finished-at="2018-07-29T14:49:04Z">
          <reporter-output>
          </reporter-output>
        </test-method> <!-- VerifyJobTitlesPageHeaderTest -->
        <test-method status="PASS" signature="tearDown()[pri:0, instance:com.HRM.testcases.JobTitlesPageTest@ef9176]" name="tearDown" is-config="true" duration-ms="2076" started-at="2018-07-29T14:49:04Z" finished-at="2018-07-29T14:49:06Z">
          <reporter-output>
          </reporter-output>
        </test-method> <!-- tearDown -->
        <test-method status="PASS" signature="setUp()[pri:0, instance:com.HRM.testcases.JobTitlesPageTest@ef9176]" name="setUp" is-config="true" duration-ms="16328" started-at="2018-07-29T14:53:40Z" finished-at="2018-07-29T14:53:57Z">
          <reporter-output>
          </reporter-output>
        </test-method> <!-- setUp -->
        <test-method status="PASS" signature="VerifyAddJobTitlesTest()[pri:2, instance:com.HRM.testcases.JobTitlesPageTest@ef9176]" name="VerifyAddJobTitlesTest" duration-ms="1159" started-at="2018-07-29T14:53:57Z" finished-at="2018-07-29T14:53:58Z">
          <reporter-output>
          </reporter-output>
        </test-method> <!-- VerifyAddJobTitlesTest -->
        <test-method status="PASS" signature="tearDown()[pri:0, instance:com.HRM.testcases.JobTitlesPageTest@ef9176]" name="tearDown" is-config="true" duration-ms="2060" started-at="2018-07-29T14:53:58Z" finished-at="2018-07-29T14:54:00Z">
          <reporter-output>
          </reporter-output>
        </test-method> <!-- tearDown -->
        <test-method status="PASS" signature="setUp()[pri:0, instance:com.HRM.testcases.JobTitlesPageTest@ef9176]" name="setUp" is-config="true" duration-ms="16709" started-at="2018-07-29T15:00:11Z" finished-at="2018-07-29T15:00:28Z">
          <reporter-output>
          </reporter-output>
        </test-method> <!-- setUp -->
        <test-method status="PASS" signature="VerifyDeleteJobTitlesTest(java.lang.String, java.lang.String)[pri:3, instance:com.HRM.testcases.JobTitlesPageTest@ef9176]" name="VerifyDeleteJobTitlesTest" duration-ms="542" started-at="2018-07-29T15:00:28Z" data-provider="deleteJobTitles" finished-at="2018-07-29T15:00:29Z">
          <params>
            <param index="0">
              <value>
                <![CDATA[TESTER]]>
              </value>
            </param>
            <param index="1">
              <value>
                <![CDATA[FALSE]]>
              </value>
            </param>
          </params>
          <reporter-output>
          </reporter-output>
        </test-method> <!-- VerifyDeleteJobTitlesTest -->
        <test-method status="PASS" signature="tearDown()[pri:0, instance:com.HRM.testcases.JobTitlesPageTest@ef9176]" name="tearDown" is-config="true" duration-ms="93" started-at="2018-07-29T15:00:29Z" finished-at="2018-07-29T15:00:29Z">
          <reporter-output>
          </reporter-output>
        </test-method> <!-- tearDown -->
        <test-method status="PASS" signature="setUp()[pri:0, instance:com.HRM.testcases.JobTitlesPageTest@ef9176]" name="setUp" is-config="true" duration-ms="15698" started-at="2018-07-29T15:00:29Z" finished-at="2018-07-29T15:00:44Z">
          <reporter-output>
          </reporter-output>
        </test-method> <!-- setUp -->
        <test-method status="FAIL" signature="VerifyDeleteJobTitlesTest(java.lang.String, java.lang.String)[pri:3, instance:com.HRM.testcases.JobTitlesPageTest@ef9176]" name="VerifyDeleteJobTitlesTest" duration-ms="2743" started-at="2018-07-29T15:00:44Z" data-provider="deleteJobTitles" finished-at="2018-07-29T15:00:47Z">
          <params>
            <param index="0">
              <value>
                <![CDATA[ALFA]]>
              </value>
            </param>
            <param index="1">
              <value>
                <![CDATA[TRUE]]>
              </value>
            </param>
          </params>
          <exception class="org.openqa.selenium.StaleElementReferenceException">
            <message>
              <![CDATA[stale element reference: element is not attached to the page document
  (Session info: chrome=66.0.3359.139)
  (Driver info: chromedriver=2.36.540470 (e522d04694c7ebea4ba8821272dbef4f9b818c91),platform=Windows NT 6.2.9200 x86) (WARNING: The server did not provide any stacktrace information)
Command duration or timeout: 0 milliseconds
For documentation on this error, please visit: http://seleniumhq.org/exceptions/stale_element_reference.html
Build info: version: '3.5.3', revision: 'a88d25fe6b', time: '2017-08-29T12:42:44.417Z'
System info: host: 'VEERANTI', ip: '192.168.43.185', os.name: 'Windows 8', os.arch: 'x86', os.version: '6.2', java.version: '1.8.0_71'
Driver info: org.openqa.selenium.chrome.ChromeDriver
Capabilities [{mobileEmulationEnabled=false, hasTouchScreen=false, platform=WIN8, acceptSslCerts=false, acceptInsecureCerts=false, webStorageEnabled=true, browserName=chrome, takesScreenshot=true, javascriptEnabled=true, platformName=WIN8, setWindowRect=true, unexpectedAlertBehaviour=, applicationCacheEnabled=false, rotatable=false, networkConnectionEnabled=false, chrome={chromedriverVersion=2.36.540470 (e522d04694c7ebea4ba8821272dbef4f9b818c91), userDataDir=C:\Users\ramya\AppData\Local\Temp\scoped_dir8088_5378}, takesHeapSnapshot=true, pageLoadStrategy=normal, unhandledPromptBehavior=, databaseEnabled=false, handlesAlerts=true, version=66.0.3359.139, browserConnectionEnabled=false, nativeEvents=true, locationContextEnabled=true, cssSelectorsEnabled=true}]
Session ID: 5b88f6a7e51c57f036a8eb769e611ac1]]>
            </message>
            <full-stacktrace>
              <![CDATA[org.openqa.selenium.StaleElementReferenceException: stale element reference: element is not attached to the page document
  (Session info: chrome=66.0.3359.139)
  (Driver info: chromedriver=2.36.540470 (e522d04694c7ebea4ba8821272dbef4f9b818c91),platform=Windows NT 6.2.9200 x86) (WARNING: The server did not provide any stacktrace information)
Command duration or timeout: 0 milliseconds
For documentation on this error, please visit: http://seleniumhq.org/exceptions/stale_element_reference.html
Build info: version: '3.5.3', revision: 'a88d25fe6b', time: '2017-08-29T12:42:44.417Z'
System info: host: 'VEERANTI', ip: '192.168.43.185', os.name: 'Windows 8', os.arch: 'x86', os.version: '6.2', java.version: '1.8.0_71'
Driver info: org.openqa.selenium.chrome.ChromeDriver
Capabilities [{mobileEmulationEnabled=false, hasTouchScreen=false, platform=WIN8, acceptSslCerts=false, acceptInsecureCerts=false, webStorageEnabled=true, browserName=chrome, takesScreenshot=true, javascriptEnabled=true, platformName=WIN8, setWindowRect=true, unexpectedAlertBehaviour=, applicationCacheEnabled=false, rotatable=false, networkConnectionEnabled=false, chrome={chromedriverVersion=2.36.540470 (e522d04694c7ebea4ba8821272dbef4f9b818c91), userDataDir=C:\Users\ramya\AppData\Local\Temp\scoped_dir8088_5378}, takesHeapSnapshot=true, pageLoadStrategy=normal, unhandledPromptBehavior=, databaseEnabled=false, handlesAlerts=true, version=66.0.3359.139, browserConnectionEnabled=false, nativeEvents=true, locationContextEnabled=true, cssSelectorsEnabled=true}]
Session ID: 5b88f6a7e51c57f036a8eb769e611ac1
	at sun.reflect.NativeConstructorAccessorImpl.newInstance0(Native Method)
	at sun.reflect.NativeConstructorAccessorImpl.newInstance(NativeConstructorAccessorImpl.java:62)
	at sun.reflect.DelegatingConstructorAccessorImpl.newInstance(DelegatingConstructorAccessorImpl.java:45)
	at java.lang.reflect.Constructor.newInstance(Constructor.java:422)
	at org.openqa.selenium.remote.ErrorHandler.createThrowable(ErrorHandler.java:215)
	at org.openqa.selenium.remote.ErrorHandler.throwIfResponseFailed(ErrorHandler.java:167)
	at org.openqa.selenium.remote.http.JsonHttpResponseCodec.reconstructValue(JsonHttpResponseCodec.java:40)
	at org.openqa.selenium.remote.http.AbstractHttpResponseCodec.decode(AbstractHttpResponseCodec.java:82)
	at org.openqa.selenium.remote.http.AbstractHttpResponseCodec.decode(AbstractHttpResponseCodec.java:45)
	at org.openqa.selenium.remote.HttpCommandExecutor.execute(HttpCommandExecutor.java:164)
	at org.openqa.selenium.remote.service.DriverCommandExecutor.execute(DriverCommandExecutor.java:82)
	at org.openqa.selenium.remote.RemoteWebDriver.execute(RemoteWebDriver.java:646)
	at org.openqa.selenium.remote.RemoteWebElement.execute(RemoteWebElement.java:275)
	at org.openqa.selenium.remote.RemoteWebElement.getText(RemoteWebElement.java:159)
	at sun.reflect.GeneratedMethodAccessor15.invoke(Unknown Source)
	at sun.reflect.DelegatingMethodAccessorImpl.invoke(DelegatingMethodAccessorImpl.java:43)
	at java.lang.reflect.Method.invoke(Method.java:497)
	at org.openqa.selenium.support.events.EventFiringWebDriver$EventFiringWebElement$1.invoke(EventFiringWebDriver.java:350)
	at com.sun.proxy.$Proxy13.getText(Unknown Source)
	at org.openqa.selenium.support.events.EventFiringWebDriver$EventFiringWebElement.getText(EventFiringWebDriver.java:400)
	at com.HRM.pages.JobTitlesPage.DeleteJobTitles(JobTitlesPage.java:49)
	at com.HRM.testcases.JobTitlesPageTest.VerifyDeleteJobTitlesTest(JobTitlesPageTest.java:70)
	at sun.reflect.NativeMethodAccessorImpl.invoke0(Native Method)
	at sun.reflect.NativeMethodAccessorImpl.invoke(NativeMethodAccessorImpl.java:62)
	at sun.reflect.DelegatingMethodAccessorImpl.invoke(DelegatingMethodAccessorImpl.java:43)
	at java.lang.reflect.Method.invoke(Method.java:497)
	at org.testng.internal.MethodInvocationHelper.invokeMethod(MethodInvocationHelper.java:108)
	at org.testng.internal.Invoker.invokeMethod(Invoker.java:661)
	at org.testng.internal.Invoker.invokeTestMethod(Invoker.java:869)
	at org.testng.internal.Invoker.invokeTestMethods(Invoker.java:1193)
	at org.testng.internal.TestMethodWorker.invokeTestMethods(TestMethodWorker.java:126)
	at org.testng.internal.TestMethodWorker.run(TestMethodWorker.java:109)
	at org.testng.TestRunner.privateRun(TestRunner.java:744)
	at org.testng.TestRunner.run(TestRunner.java:602)
	at org.testng.SuiteRunner.runTest(SuiteRunner.java:380)
	at org.testng.SuiteRunner.runSequentially(SuiteRunner.java:375)
	at org.testng.SuiteRunner.privateRun(SuiteRunner.java:340)
	at org.testng.SuiteRunner.run(SuiteRunner.java:289)
	at org.testng.SuiteRunnerWorker.runSuite(SuiteRunnerWorker.java:52)
	at org.testng.SuiteRunnerWorker.run(SuiteRunnerWorker.java:86)
	at org.testng.TestNG.runSuitesSequentially(TestNG.java:1301)
	at org.testng.TestNG.runSuitesLocally(TestNG.java:1226)
	at org.testng.TestNG.runSuites(TestNG.java:1144)
	at org.testng.TestNG.run(TestNG.java:1115)
	at org.testng.remote.AbstractRemoteTestNG.run(AbstractRemoteTestNG.java:114)
	at org.testng.remote.RemoteTestNG.initAndRun(RemoteTestNG.java:251)
	at org.testng.remote.RemoteTestNG.main(RemoteTestNG.java:77)
]]>
            </full-stacktrace>
          </exception> <!-- org.openqa.selenium.StaleElementReferenceException -->
          <reporter-output>
          </reporter-output>
        </test-method> <!-- VerifyDeleteJobTitlesTest -->
        <test-method status="PASS" signature="tearDown()[pri:0, instance:com.HRM.testcases.JobTitlesPageTest@ef9176]" name="tearDown" is-config="true" duration-ms="2315" started-at="2018-07-29T15:00:47Z" finished-at="2018-07-29T15:00:49Z">
          <reporter-output>
          </reporter-output>
        </test-method> <!-- tearDown -->
      </class> <!-- com.HRM.testcases.JobTitlesPageTest -->
      <class name="com.HRM.testcases.PIMPageTest">
        <test-method status="PASS" signature="setUp()[pri:0, instance:com.HRM.testcases.PIMPageTest@6451e]" name="setUp" is-config="true" duration-ms="39706" started-at="2018-07-29T14:49:33Z" finished-at="2018-07-29T14:50:13Z">
          <reporter-output>
          </reporter-output>
        </test-method> <!-- setUp -->
        <test-method status="PASS" signature="verifyPIMPageHeaderTest()[pri:1, instance:com.HRM.testcases.PIMPageTest@6451e]" name="verifyPIMPageHeaderTest" duration-ms="78" started-at="2018-07-29T14:50:13Z" finished-at="2018-07-29T14:50:13Z">
          <reporter-output>
          </reporter-output>
        </test-method> <!-- verifyPIMPageHeaderTest -->
        <test-method status="PASS" signature="tearDown()[pri:0, instance:com.HRM.testcases.PIMPageTest@6451e]" name="tearDown" is-config="true" duration-ms="2074" started-at="2018-07-29T14:50:13Z" finished-at="2018-07-29T14:50:15Z">
          <reporter-output>
          </reporter-output>
        </test-method> <!-- tearDown -->
        <test-method status="PASS" signature="setUp()[pri:0, instance:com.HRM.testcases.PIMPageTest@6451e]" name="setUp" is-config="true" duration-ms="41739" started-at="2018-07-29T14:55:34Z" finished-at="2018-07-29T14:56:16Z">
          <reporter-output>
          </reporter-output>
        </test-method> <!-- setUp -->
        <test-method status="PASS" signature="verifyOptionalFieldsMenuTest()[pri:2, instance:com.HRM.testcases.PIMPageTest@6451e]" name="verifyOptionalFieldsMenuTest" duration-ms="1584" started-at="2018-07-29T14:56:16Z" finished-at="2018-07-29T14:56:18Z">
          <reporter-output>
          </reporter-output>
        </test-method> <!-- verifyOptionalFieldsMenuTest -->
        <test-method status="PASS" signature="tearDown()[pri:0, instance:com.HRM.testcases.PIMPageTest@6451e]" name="tearDown" is-config="true" duration-ms="2055" started-at="2018-07-29T14:56:18Z" finished-at="2018-07-29T14:56:20Z">
          <reporter-output>
          </reporter-output>
        </test-method> <!-- tearDown -->
        <test-method status="PASS" signature="setUp()[pri:0, instance:com.HRM.testcases.PIMPageTest@6451e]" name="setUp" is-config="true" duration-ms="14044" started-at="2018-07-29T15:01:18Z" finished-at="2018-07-29T15:01:32Z">
          <reporter-output>
          </reporter-output>
        </test-method> <!-- setUp -->
        <test-method status="PASS" signature="verifyCustomFieldsMenuTest()[pri:3, instance:com.HRM.testcases.PIMPageTest@6451e]" name="verifyCustomFieldsMenuTest" duration-ms="2027" started-at="2018-07-29T15:01:32Z" finished-at="2018-07-29T15:01:34Z">
          <reporter-output>
          </reporter-output>
        </test-method> <!-- verifyCustomFieldsMenuTest -->
        <test-method status="PASS" signature="tearDown()[pri:0, instance:com.HRM.testcases.PIMPageTest@6451e]" name="tearDown" is-config="true" duration-ms="130" started-at="2018-07-29T15:01:34Z" finished-at="2018-07-29T15:01:34Z">
          <reporter-output>
          </reporter-output>
        </test-method> <!-- tearDown -->
        <test-method status="PASS" signature="setUp()[pri:0, instance:com.HRM.testcases.PIMPageTest@6451e]" name="setUp" is-config="true" duration-ms="13963" started-at="2018-07-29T15:04:46Z" finished-at="2018-07-29T15:05:00Z">
          <reporter-output>
          </reporter-output>
        </test-method> <!-- setUp -->
        <test-method status="PASS" signature="verifyEmpDataImportMenuTest()[pri:4, instance:com.HRM.testcases.PIMPageTest@6451e]" name="verifyEmpDataImportMenuTest" duration-ms="1404" started-at="2018-07-29T15:05:00Z" finished-at="2018-07-29T15:05:02Z">
          <reporter-output>
          </reporter-output>
        </test-method> <!-- verifyEmpDataImportMenuTest -->
        <test-method status="PASS" signature="tearDown()[pri:0, instance:com.HRM.testcases.PIMPageTest@6451e]" name="tearDown" is-config="true" duration-ms="82" started-at="2018-07-29T15:05:02Z" finished-at="2018-07-29T15:05:02Z">
          <reporter-output>
          </reporter-output>
        </test-method> <!-- tearDown -->
        <test-method status="PASS" signature="setUp()[pri:0, instance:com.HRM.testcases.PIMPageTest@6451e]" name="setUp" is-config="true" duration-ms="14690" started-at="2018-07-29T15:06:51Z" finished-at="2018-07-29T15:07:06Z">
          <reporter-output>
          </reporter-output>
        </test-method> <!-- setUp -->
        <test-method status="PASS" signature="verifyReportingMethodsMenuTest()[pri:5, instance:com.HRM.testcases.PIMPageTest@6451e]" name="verifyReportingMethodsMenuTest" duration-ms="2021" started-at="2018-07-29T15:07:06Z" finished-at="2018-07-29T15:07:08Z">
          <reporter-output>
          </reporter-output>
        </test-method> <!-- verifyReportingMethodsMenuTest -->
        <test-method status="PASS" signature="tearDown()[pri:0, instance:com.HRM.testcases.PIMPageTest@6451e]" name="tearDown" is-config="true" duration-ms="180" started-at="2018-07-29T15:07:08Z" finished-at="2018-07-29T15:07:08Z">
          <reporter-output>
          </reporter-output>
        </test-method> <!-- tearDown -->
        <test-method status="PASS" signature="setUp()[pri:0, instance:com.HRM.testcases.PIMPageTest@6451e]" name="setUp" is-config="true" duration-ms="15433" started-at="2018-07-29T15:08:24Z" finished-at="2018-07-29T15:08:39Z">
          <reporter-output>
          </reporter-output>
        </test-method> <!-- setUp -->
        <test-method status="PASS" signature="verifyTerminationsReasonsMenuTest()[pri:6, instance:com.HRM.testcases.PIMPageTest@6451e]" name="verifyTerminationsReasonsMenuTest" duration-ms="1489" started-at="2018-07-29T15:08:39Z" finished-at="2018-07-29T15:08:41Z">
          <reporter-output>
          </reporter-output>
        </test-method> <!-- verifyTerminationsReasonsMenuTest -->
        <test-method status="PASS" signature="tearDown()[pri:0, instance:com.HRM.testcases.PIMPageTest@6451e]" name="tearDown" is-config="true" duration-ms="44" started-at="2018-07-29T15:08:41Z" finished-at="2018-07-29T15:08:41Z">
          <reporter-output>
          </reporter-output>
        </test-method> <!-- tearDown -->
        <test-method status="PASS" signature="setUp()[pri:0, instance:com.HRM.testcases.PIMPageTest@6451e]" name="setUp" is-config="true" duration-ms="18107" started-at="2018-07-29T15:10:07Z" finished-at="2018-07-29T15:10:25Z">
          <reporter-output>
          </reporter-output>
        </test-method> <!-- setUp -->
        <test-method status="PASS" signature="verifyEmployeeListMenuTest()[pri:7, instance:com.HRM.testcases.PIMPageTest@6451e]" name="verifyEmployeeListMenuTest" duration-ms="1974" started-at="2018-07-29T15:10:25Z" finished-at="2018-07-29T15:10:27Z">
          <reporter-output>
          </reporter-output>
        </test-method> <!-- verifyEmployeeListMenuTest -->
        <test-method status="PASS" signature="tearDown()[pri:0, instance:com.HRM.testcases.PIMPageTest@6451e]" name="tearDown" is-config="true" duration-ms="2038" started-at="2018-07-29T15:10:27Z" finished-at="2018-07-29T15:10:29Z">
          <reporter-output>
          </reporter-output>
        </test-method> <!-- tearDown -->
        <test-method status="PASS" signature="setUp()[pri:0, instance:com.HRM.testcases.PIMPageTest@6451e]" name="setUp" is-config="true" duration-ms="27095" started-at="2018-07-29T15:11:57Z" finished-at="2018-07-29T15:12:24Z">
          <reporter-output>
          </reporter-output>
        </test-method> <!-- setUp -->
        <test-method status="PASS" signature="verifyAddEmployeeMenuTest()[pri:8, instance:com.HRM.testcases.PIMPageTest@6451e]" name="verifyAddEmployeeMenuTest" duration-ms="2392" started-at="2018-07-29T15:12:24Z" finished-at="2018-07-29T15:12:27Z">
          <reporter-output>
          </reporter-output>
        </test-method> <!-- verifyAddEmployeeMenuTest -->
        <test-method status="PASS" signature="tearDown()[pri:0, instance:com.HRM.testcases.PIMPageTest@6451e]" name="tearDown" is-config="true" duration-ms="2368" started-at="2018-07-29T15:12:27Z" finished-at="2018-07-29T15:12:29Z">
          <reporter-output>
          </reporter-output>
        </test-method> <!-- tearDown -->
        <test-method status="PASS" signature="setUp()[pri:0, instance:com.HRM.testcases.PIMPageTest@6451e]" name="setUp" is-config="true" duration-ms="22144" started-at="2018-07-29T15:14:24Z" finished-at="2018-07-29T15:14:46Z">
          <reporter-output>
          </reporter-output>
        </test-method> <!-- setUp -->
        <test-method status="PASS" signature="verifyReportsMenuTest()[pri:9, instance:com.HRM.testcases.PIMPageTest@6451e]" name="verifyReportsMenuTest" duration-ms="2345" started-at="2018-07-29T15:14:46Z" finished-at="2018-07-29T15:14:48Z">
          <reporter-output>
          </reporter-output>
        </test-method> <!-- verifyReportsMenuTest -->
        <test-method status="PASS" signature="tearDown()[pri:0, instance:com.HRM.testcases.PIMPageTest@6451e]" name="tearDown" is-config="true" duration-ms="2348" started-at="2018-07-29T15:14:48Z" finished-at="2018-07-29T15:14:51Z">
          <reporter-output>
          </reporter-output>
        </test-method> <!-- tearDown -->
      </class> <!-- com.HRM.testcases.PIMPageTest -->
      <class name="com.HRM.testcases.AdminHomePageTest">
        <test-method status="PASS" signature="setUp()[pri:0, instance:com.HRM.testcases.AdminHomePageTest@1c20538]" name="setUp" is-config="true" duration-ms="10381" started-at="2018-07-29T14:48:12Z" finished-at="2018-07-29T14:48:22Z">
          <reporter-output>
          </reporter-output>
        </test-method> <!-- setUp -->
        <test-method status="PASS" signature="verifyHomePageTitleTest()[pri:1, instance:com.HRM.testcases.AdminHomePageTest@1c20538]" name="verifyHomePageTitleTest" duration-ms="23" started-at="2018-07-29T14:48:22Z" finished-at="2018-07-29T14:48:22Z">
          <reporter-output>
          </reporter-output>
        </test-method> <!-- verifyHomePageTitleTest -->
        <test-method status="PASS" signature="tearDown()[pri:0, instance:com.HRM.testcases.AdminHomePageTest@1c20538]" name="tearDown" is-config="true" duration-ms="2078" started-at="2018-07-29T14:48:22Z" finished-at="2018-07-29T14:48:24Z">
          <reporter-output>
          </reporter-output>
        </test-method> <!-- tearDown -->
        <test-method status="PASS" signature="setUp()[pri:0, instance:com.HRM.testcases.AdminHomePageTest@1c20538]" name="setUp" is-config="true" duration-ms="14276" started-at="2018-07-29T14:52:55Z" finished-at="2018-07-29T14:53:09Z">
          <reporter-output>
          </reporter-output>
        </test-method> <!-- setUp -->
        <test-method status="PASS" signature="verifyHomeLogoTest()[pri:2, instance:com.HRM.testcases.AdminHomePageTest@1c20538]" name="verifyHomeLogoTest" duration-ms="57" started-at="2018-07-29T14:53:09Z" finished-at="2018-07-29T14:53:09Z">
          <reporter-output>
          </reporter-output>
        </test-method> <!-- verifyHomeLogoTest -->
        <test-method status="PASS" signature="tearDown()[pri:0, instance:com.HRM.testcases.AdminHomePageTest@1c20538]" name="tearDown" is-config="true" duration-ms="2044" started-at="2018-07-29T14:53:09Z" finished-at="2018-07-29T14:53:11Z">
          <reporter-output>
          </reporter-output>
        </test-method> <!-- tearDown -->
        <test-method status="PASS" signature="setUp()[pri:0, instance:com.HRM.testcases.AdminHomePageTest@1c20538]" name="setUp" is-config="true" duration-ms="14484" started-at="2018-07-29T14:59:38Z" finished-at="2018-07-29T14:59:52Z">
          <reporter-output>
          </reporter-output>
        </test-method> <!-- setUp -->
        <test-method status="PASS" signature="verifyAdminHomePageUserTest()[pri:3, instance:com.HRM.testcases.AdminHomePageTest@1c20538]" name="verifyAdminHomePageUserTest" duration-ms="69" started-at="2018-07-29T14:59:52Z" finished-at="2018-07-29T14:59:52Z">
          <reporter-output>
          </reporter-output>
        </test-method> <!-- verifyAdminHomePageUserTest -->
        <test-method status="PASS" signature="tearDown()[pri:0, instance:com.HRM.testcases.AdminHomePageTest@1c20538]" name="tearDown" is-config="true" duration-ms="2043" started-at="2018-07-29T14:59:52Z" finished-at="2018-07-29T14:59:54Z">
          <reporter-output>
          </reporter-output>
        </test-method> <!-- tearDown -->
        <test-method status="PASS" signature="setUp()[pri:0, instance:com.HRM.testcases.AdminHomePageTest@1c20538]" name="setUp" is-config="true" duration-ms="13295" started-at="2018-07-29T15:03:48Z" finished-at="2018-07-29T15:04:01Z">
          <reporter-output>
          </reporter-output>
        </test-method> <!-- setUp -->
        <test-method status="PASS" signature="verifyAdminAboutLinkTest()[pri:4, instance:com.HRM.testcases.AdminHomePageTest@1c20538]" name="verifyAdminAboutLinkTest" duration-ms="457" started-at="2018-07-29T15:04:01Z" finished-at="2018-07-29T15:04:02Z">
          <reporter-output>
          </reporter-output>
        </test-method> <!-- verifyAdminAboutLinkTest -->
        <test-method status="PASS" signature="tearDown()[pri:0, instance:com.HRM.testcases.AdminHomePageTest@1c20538]" name="tearDown" is-config="true" duration-ms="111" started-at="2018-07-29T15:04:02Z" finished-at="2018-07-29T15:04:02Z">
          <reporter-output>
          </reporter-output>
        </test-method> <!-- tearDown -->
        <test-method status="PASS" signature="setUp()[pri:0, instance:com.HRM.testcases.AdminHomePageTest@1c20538]" name="setUp" is-config="true" duration-ms="10356" started-at="2018-07-29T15:05:32Z" finished-at="2018-07-29T15:05:43Z">
          <reporter-output>
          </reporter-output>
        </test-method> <!-- setUp -->
        <test-method status="PASS" signature="verifyAdminChangePasswordLinkTest()[pri:5, instance:com.HRM.testcases.AdminHomePageTest@1c20538]" name="verifyAdminChangePasswordLinkTest" duration-ms="152" started-at="2018-07-29T15:05:43Z" finished-at="2018-07-29T15:05:43Z">
          <reporter-output>
          </reporter-output>
        </test-method> <!-- verifyAdminChangePasswordLinkTest -->
        <test-method status="PASS" signature="tearDown()[pri:0, instance:com.HRM.testcases.AdminHomePageTest@1c20538]" name="tearDown" is-config="true" duration-ms="112" started-at="2018-07-29T15:05:43Z" finished-at="2018-07-29T15:05:43Z">
          <reporter-output>
          </reporter-output>
        </test-method> <!-- tearDown -->
        <test-method status="PASS" signature="setUp()[pri:0, instance:com.HRM.testcases.AdminHomePageTest@1c20538]" name="setUp" is-config="true" duration-ms="12615" started-at="2018-07-29T15:07:26Z" finished-at="2018-07-29T15:07:39Z">
          <reporter-output>
          </reporter-output>
        </test-method> <!-- setUp -->
        <test-method status="FAIL" signature="verifyAdminLogoutLinkTest()[pri:6, instance:com.HRM.testcases.AdminHomePageTest@1c20538]" name="verifyAdminLogoutLinkTest" duration-ms="3349" started-at="2018-07-29T15:07:39Z" finished-at="2018-07-29T15:07:42Z">
          <exception class="org.openqa.selenium.ElementNotVisibleException">
            <message>
              <![CDATA[element not visible
  (Session info: chrome=66.0.3359.139)
  (Driver info: chromedriver=2.36.540470 (e522d04694c7ebea4ba8821272dbef4f9b818c91),platform=Windows NT 6.2.9200 x86) (WARNING: The server did not provide any stacktrace information)
Command duration or timeout: 0 milliseconds
Build info: version: '3.5.3', revision: 'a88d25fe6b', time: '2017-08-29T12:42:44.417Z'
System info: host: 'VEERANTI', ip: '192.168.43.185', os.name: 'Windows 8', os.arch: 'x86', os.version: '6.2', java.version: '1.8.0_71'
Driver info: org.openqa.selenium.chrome.ChromeDriver
Capabilities [{mobileEmulationEnabled=false, hasTouchScreen=false, platform=WIN8, acceptSslCerts=false, acceptInsecureCerts=false, webStorageEnabled=true, browserName=chrome, takesScreenshot=true, javascriptEnabled=true, platformName=WIN8, setWindowRect=true, unexpectedAlertBehaviour=, applicationCacheEnabled=false, rotatable=false, networkConnectionEnabled=false, chrome={chromedriverVersion=2.36.540470 (e522d04694c7ebea4ba8821272dbef4f9b818c91), userDataDir=C:\Users\ramya\AppData\Local\Temp\scoped_dir8380_28906}, takesHeapSnapshot=true, pageLoadStrategy=normal, unhandledPromptBehavior=, databaseEnabled=false, handlesAlerts=true, version=66.0.3359.139, browserConnectionEnabled=false, nativeEvents=true, locationContextEnabled=true, cssSelectorsEnabled=true}]
Session ID: fb4f7caf6e4cad3617f7cea38462f9e5]]>
            </message>
            <full-stacktrace>
              <![CDATA[org.openqa.selenium.ElementNotVisibleException: element not visible
  (Session info: chrome=66.0.3359.139)
  (Driver info: chromedriver=2.36.540470 (e522d04694c7ebea4ba8821272dbef4f9b818c91),platform=Windows NT 6.2.9200 x86) (WARNING: The server did not provide any stacktrace information)
Command duration or timeout: 0 milliseconds
Build info: version: '3.5.3', revision: 'a88d25fe6b', time: '2017-08-29T12:42:44.417Z'
System info: host: 'VEERANTI', ip: '192.168.43.185', os.name: 'Windows 8', os.arch: 'x86', os.version: '6.2', java.version: '1.8.0_71'
Driver info: org.openqa.selenium.chrome.ChromeDriver
Capabilities [{mobileEmulationEnabled=false, hasTouchScreen=false, platform=WIN8, acceptSslCerts=false, acceptInsecureCerts=false, webStorageEnabled=true, browserName=chrome, takesScreenshot=true, javascriptEnabled=true, platformName=WIN8, setWindowRect=true, unexpectedAlertBehaviour=, applicationCacheEnabled=false, rotatable=false, networkConnectionEnabled=false, chrome={chromedriverVersion=2.36.540470 (e522d04694c7ebea4ba8821272dbef4f9b818c91), userDataDir=C:\Users\ramya\AppData\Local\Temp\scoped_dir8380_28906}, takesHeapSnapshot=true, pageLoadStrategy=normal, unhandledPromptBehavior=, databaseEnabled=false, handlesAlerts=true, version=66.0.3359.139, browserConnectionEnabled=false, nativeEvents=true, locationContextEnabled=true, cssSelectorsEnabled=true}]
Session ID: fb4f7caf6e4cad3617f7cea38462f9e5
	at sun.reflect.NativeConstructorAccessorImpl.newInstance0(Native Method)
	at sun.reflect.NativeConstructorAccessorImpl.newInstance(NativeConstructorAccessorImpl.java:62)
	at sun.reflect.DelegatingConstructorAccessorImpl.newInstance(DelegatingConstructorAccessorImpl.java:45)
	at java.lang.reflect.Constructor.newInstance(Constructor.java:422)
	at org.openqa.selenium.remote.ErrorHandler.createThrowable(ErrorHandler.java:215)
	at org.openqa.selenium.remote.ErrorHandler.throwIfResponseFailed(ErrorHandler.java:167)
	at org.openqa.selenium.remote.http.JsonHttpResponseCodec.reconstructValue(JsonHttpResponseCodec.java:40)
	at org.openqa.selenium.remote.http.AbstractHttpResponseCodec.decode(AbstractHttpResponseCodec.java:82)
	at org.openqa.selenium.remote.http.AbstractHttpResponseCodec.decode(AbstractHttpResponseCodec.java:45)
	at org.openqa.selenium.remote.HttpCommandExecutor.execute(HttpCommandExecutor.java:164)
	at org.openqa.selenium.remote.service.DriverCommandExecutor.execute(DriverCommandExecutor.java:82)
	at org.openqa.selenium.remote.RemoteWebDriver.execute(RemoteWebDriver.java:646)
	at org.openqa.selenium.remote.RemoteWebElement.execute(RemoteWebElement.java:275)
	at org.openqa.selenium.remote.RemoteWebElement.click(RemoteWebElement.java:82)
	at sun.reflect.GeneratedMethodAccessor5.invoke(Unknown Source)
	at sun.reflect.DelegatingMethodAccessorImpl.invoke(DelegatingMethodAccessorImpl.java:43)
	at java.lang.reflect.Method.invoke(Method.java:497)
	at org.openqa.selenium.support.events.EventFiringWebDriver$EventFiringWebElement$1.invoke(EventFiringWebDriver.java:350)
	at com.sun.proxy.$Proxy13.click(Unknown Source)
	at org.openqa.selenium.support.events.EventFiringWebDriver$EventFiringWebElement.click(EventFiringWebDriver.java:363)
	at sun.reflect.GeneratedMethodAccessor5.invoke(Unknown Source)
	at sun.reflect.DelegatingMethodAccessorImpl.invoke(DelegatingMethodAccessorImpl.java:43)
	at java.lang.reflect.Method.invoke(Method.java:497)
	at org.openqa.selenium.support.pagefactory.internal.LocatingElementHandler.invoke(LocatingElementHandler.java:51)
	at com.sun.proxy.$Proxy12.click(Unknown Source)
	at com.HRM.pages.AdminHomePage.clickOnLogoutLink(AdminHomePage.java:96)
	at com.HRM.testcases.AdminHomePageTest.verifyAdminLogoutLinkTest(AdminHomePageTest.java:73)
	at sun.reflect.NativeMethodAccessorImpl.invoke0(Native Method)
	at sun.reflect.NativeMethodAccessorImpl.invoke(NativeMethodAccessorImpl.java:62)
	at sun.reflect.DelegatingMethodAccessorImpl.invoke(DelegatingMethodAccessorImpl.java:43)
	at java.lang.reflect.Method.invoke(Method.java:497)
	at org.testng.internal.MethodInvocationHelper.invokeMethod(MethodInvocationHelper.java:108)
	at org.testng.internal.Invoker.invokeMethod(Invoker.java:661)
	at org.testng.internal.Invoker.invokeTestMethod(Invoker.java:869)
	at org.testng.internal.Invoker.invokeTestMethods(Invoker.java:1193)
	at org.testng.internal.TestMethodWorker.invokeTestMethods(TestMethodWorker.java:126)
	at org.testng.internal.TestMethodWorker.run(TestMethodWorker.java:109)
	at org.testng.TestRunner.privateRun(TestRunner.java:744)
	at org.testng.TestRunner.run(TestRunner.java:602)
	at org.testng.SuiteRunner.runTest(SuiteRunner.java:380)
	at org.testng.SuiteRunner.runSequentially(SuiteRunner.java:375)
	at org.testng.SuiteRunner.privateRun(SuiteRunner.java:340)
	at org.testng.SuiteRunner.run(SuiteRunner.java:289)
	at org.testng.SuiteRunnerWorker.runSuite(SuiteRunnerWorker.java:52)
	at org.testng.SuiteRunnerWorker.run(SuiteRunnerWorker.java:86)
	at org.testng.TestNG.runSuitesSequentially(TestNG.java:1301)
	at org.testng.TestNG.runSuitesLocally(TestNG.java:1226)
	at org.testng.TestNG.runSuites(TestNG.java:1144)
	at org.testng.TestNG.run(TestNG.java:1115)
	at org.testng.remote.AbstractRemoteTestNG.run(AbstractRemoteTestNG.java:114)
	at org.testng.remote.RemoteTestNG.initAndRun(RemoteTestNG.java:251)
	at org.testng.remote.RemoteTestNG.main(RemoteTestNG.java:77)
]]>
            </full-stacktrace>
          </exception> <!-- org.openqa.selenium.ElementNotVisibleException -->
          <reporter-output>
          </reporter-output>
        </test-method> <!-- verifyAdminLogoutLinkTest -->
        <test-method status="PASS" signature="tearDown()[pri:0, instance:com.HRM.testcases.AdminHomePageTest@1c20538]" name="tearDown" is-config="true" duration-ms="144" started-at="2018-07-29T15:07:42Z" finished-at="2018-07-29T15:07:42Z">
          <reporter-output>
          </reporter-output>
        </test-method> <!-- tearDown -->
        <test-method status="PASS" signature="setUp()[pri:0, instance:com.HRM.testcases.AdminHomePageTest@1c20538]" name="setUp" is-config="true" duration-ms="14481" started-at="2018-07-29T15:09:02Z" finished-at="2018-07-29T15:09:17Z">
          <reporter-output>
          </reporter-output>
        </test-method> <!-- setUp -->
        <test-method status="PASS" signature="verifyAdminPageLinkTest()[pri:7, instance:com.HRM.testcases.AdminHomePageTest@1c20538]" name="verifyAdminPageLinkTest" duration-ms="4113" started-at="2018-07-29T15:09:17Z" finished-at="2018-07-29T15:09:21Z">
          <reporter-output>
          </reporter-output>
        </test-method> <!-- verifyAdminPageLinkTest -->
        <test-method status="PASS" signature="tearDown()[pri:0, instance:com.HRM.testcases.AdminHomePageTest@1c20538]" name="tearDown" is-config="true" duration-ms="97" started-at="2018-07-29T15:09:21Z" finished-at="2018-07-29T15:09:21Z">
          <reporter-output>
          </reporter-output>
        </test-method> <!-- tearDown -->
        <test-method status="PASS" signature="setUp()[pri:0, instance:com.HRM.testcases.AdminHomePageTest@1c20538]" name="setUp" is-config="true" duration-ms="13677" started-at="2018-07-29T15:10:51Z" finished-at="2018-07-29T15:11:05Z">
          <reporter-output>
          </reporter-output>
        </test-method> <!-- setUp -->
        <test-method status="PASS" signature="verifyPIMPageLinkTest()[pri:8, instance:com.HRM.testcases.AdminHomePageTest@1c20538]" name="verifyPIMPageLinkTest" duration-ms="3531" started-at="2018-07-29T15:11:05Z" finished-at="2018-07-29T15:11:08Z">
          <reporter-output>
          </reporter-output>
        </test-method> <!-- verifyPIMPageLinkTest -->
        <test-method status="PASS" signature="tearDown()[pri:0, instance:com.HRM.testcases.AdminHomePageTest@1c20538]" name="tearDown" is-config="true" duration-ms="2060" started-at="2018-07-29T15:11:08Z" finished-at="2018-07-29T15:11:10Z">
          <reporter-output>
          </reporter-output>
        </test-method> <!-- tearDown -->
        <test-method status="PASS" signature="setUp()[pri:0, instance:com.HRM.testcases.AdminHomePageTest@1c20538]" name="setUp" is-config="true" duration-ms="21981" started-at="2018-07-29T15:12:59Z" finished-at="2018-07-29T15:13:21Z">
          <reporter-output>
          </reporter-output>
        </test-method> <!-- setUp -->
        <test-method status="PASS" signature="verifyLeavePageLinkTest()[pri:9, instance:com.HRM.testcases.AdminHomePageTest@1c20538]" name="verifyLeavePageLinkTest" duration-ms="4070" started-at="2018-07-29T15:13:21Z" finished-at="2018-07-29T15:13:25Z">
          <reporter-output>
          </reporter-output>
        </test-method> <!-- verifyLeavePageLinkTest -->
        <test-method status="PASS" signature="tearDown()[pri:0, instance:com.HRM.testcases.AdminHomePageTest@1c20538]" name="tearDown" is-config="true" duration-ms="2082" started-at="2018-07-29T15:13:25Z" finished-at="2018-07-29T15:13:27Z">
          <reporter-output>
          </reporter-output>
        </test-method> <!-- tearDown -->
        <test-method status="PASS" signature="setUp()[pri:0, instance:com.HRM.testcases.AdminHomePageTest@1c20538]" name="setUp" is-config="true" duration-ms="14166" started-at="2018-07-29T15:15:31Z" finished-at="2018-07-29T15:15:45Z">
          <reporter-output>
          </reporter-output>
        </test-method> <!-- setUp -->
        <test-method status="PASS" signature="verifyTimePageLinkTest()[pri:10, instance:com.HRM.testcases.AdminHomePageTest@1c20538]" name="verifyTimePageLinkTest" duration-ms="6598" started-at="2018-07-29T15:15:45Z" finished-at="2018-07-29T15:15:52Z">
          <reporter-output>
          </reporter-output>
        </test-method> <!-- verifyTimePageLinkTest -->
        <test-method status="PASS" signature="tearDown()[pri:0, instance:com.HRM.testcases.AdminHomePageTest@1c20538]" name="tearDown" is-config="true" duration-ms="2342" started-at="2018-07-29T15:15:52Z" finished-at="2018-07-29T15:15:54Z">
          <reporter-output>
          </reporter-output>
        </test-method> <!-- tearDown -->
        <test-method status="PASS" signature="setUp()[pri:0, instance:com.HRM.testcases.AdminHomePageTest@1c20538]" name="setUp" is-config="true" duration-ms="13983" started-at="2018-07-29T15:16:41Z" finished-at="2018-07-29T15:16:55Z">
          <reporter-output>
          </reporter-output>
        </test-method> <!-- setUp -->
        <test-method status="PASS" signature="verifyRecruitmentPageLinkTest()[pri:11, instance:com.HRM.testcases.AdminHomePageTest@1c20538]" name="verifyRecruitmentPageLinkTest" duration-ms="6348" started-at="2018-07-29T15:16:55Z" finished-at="2018-07-29T15:17:02Z">
          <reporter-output>
          </reporter-output>
        </test-method> <!-- verifyRecruitmentPageLinkTest -->
        <test-method status="PASS" signature="tearDown()[pri:0, instance:com.HRM.testcases.AdminHomePageTest@1c20538]" name="tearDown" is-config="true" duration-ms="317" started-at="2018-07-29T15:17:02Z" finished-at="2018-07-29T15:17:02Z">
          <reporter-output>
          </reporter-output>
        </test-method> <!-- tearDown -->
        <test-method status="PASS" signature="setUp()[pri:0, instance:com.HRM.testcases.AdminHomePageTest@1c20538]" name="setUp" is-config="true" duration-ms="14647" started-at="2018-07-29T15:17:21Z" finished-at="2018-07-29T15:17:36Z">
          <reporter-output>
          </reporter-output>
        </test-method> <!-- setUp -->
        <test-method status="PASS" signature="verifyPerformancePageLinkTest()[pri:12, instance:com.HRM.testcases.AdminHomePageTest@1c20538]" name="verifyPerformancePageLinkTest" duration-ms="4049" started-at="2018-07-29T15:17:36Z" finished-at="2018-07-29T15:17:40Z">
          <reporter-output>
          </reporter-output>
        </test-method> <!-- verifyPerformancePageLinkTest -->
        <test-method status="PASS" signature="tearDown()[pri:0, instance:com.HRM.testcases.AdminHomePageTest@1c20538]" name="tearDown" is-config="true" duration-ms="2063" started-at="2018-07-29T15:17:40Z" finished-at="2018-07-29T15:17:42Z">
          <reporter-output>
          </reporter-output>
        </test-method> <!-- tearDown -->
        <test-method status="PASS" signature="setUp()[pri:0, instance:com.HRM.testcases.AdminHomePageTest@1c20538]" name="setUp" is-config="true" duration-ms="14245" started-at="2018-07-29T15:18:05Z" finished-at="2018-07-29T15:18:19Z">
          <reporter-output>
          </reporter-output>
        </test-method> <!-- setUp -->
        <test-method status="PASS" signature="verifyAdminDashboardLinkTest()[pri:13, instance:com.HRM.testcases.AdminHomePageTest@1c20538]" name="verifyAdminDashboardLinkTest" duration-ms="5037" started-at="2018-07-29T15:18:19Z" finished-at="2018-07-29T15:18:24Z">
          <reporter-output>
          </reporter-output>
        </test-method> <!-- verifyAdminDashboardLinkTest -->
        <test-method status="PASS" signature="tearDown()[pri:0, instance:com.HRM.testcases.AdminHomePageTest@1c20538]" name="tearDown" is-config="true" duration-ms="2071" started-at="2018-07-29T15:18:24Z" finished-at="2018-07-29T15:18:26Z">
          <reporter-output>
          </reporter-output>
        </test-method> <!-- tearDown -->
        <test-method status="PASS" signature="setUp()[pri:0, instance:com.HRM.testcases.AdminHomePageTest@1c20538]" name="setUp" is-config="true" duration-ms="12887" started-at="2018-07-29T15:18:52Z" finished-at="2018-07-29T15:19:05Z">
          <reporter-output>
          </reporter-output>
        </test-method> <!-- setUp -->
        <test-method status="PASS" signature="verifyDirectoryPageLinkTest()[pri:14, instance:com.HRM.testcases.AdminHomePageTest@1c20538]" name="verifyDirectoryPageLinkTest" duration-ms="6384" started-at="2018-07-29T15:19:05Z" finished-at="2018-07-29T15:19:12Z">
          <reporter-output>
          </reporter-output>
        </test-method> <!-- verifyDirectoryPageLinkTest -->
        <test-method status="PASS" signature="tearDown()[pri:0, instance:com.HRM.testcases.AdminHomePageTest@1c20538]" name="tearDown" is-config="true" duration-ms="2071" started-at="2018-07-29T15:19:12Z" finished-at="2018-07-29T15:19:14Z">
          <reporter-output>
          </reporter-output>
        </test-method> <!-- tearDown -->
      </class> <!-- com.HRM.testcases.AdminHomePageTest -->
      <class name="com.HRM.testcases.AdminModulePageTest">
        <test-method status="PASS" signature="setUp()[pri:0, instance:com.HRM.testcases.AdminModulePageTest@d818d1]" name="setUp" is-config="true" duration-ms="17317" started-at="2018-07-29T14:48:24Z" finished-at="2018-07-29T14:48:41Z">
          <reporter-output>
          </reporter-output>
        </test-method> <!-- setUp -->
        <test-method status="PASS" signature="verifyAdminPageHeaderTest()[pri:1, instance:com.HRM.testcases.AdminModulePageTest@d818d1]" name="verifyAdminPageHeaderTest" duration-ms="63" started-at="2018-07-29T14:48:41Z" finished-at="2018-07-29T14:48:42Z">
          <reporter-output>
          </reporter-output>
        </test-method> <!-- verifyAdminPageHeaderTest -->
        <test-method status="PASS" signature="tearDown()[pri:0, instance:com.HRM.testcases.AdminModulePageTest@d818d1]" name="tearDown" is-config="true" duration-ms="178" started-at="2018-07-29T14:48:42Z" finished-at="2018-07-29T14:48:42Z">
          <reporter-output>
          </reporter-output>
        </test-method> <!-- tearDown -->
        <test-method status="PASS" signature="setUp()[pri:0, instance:com.HRM.testcases.AdminModulePageTest@d818d1]" name="setUp" is-config="true" duration-ms="25329" started-at="2018-07-29T14:53:11Z" finished-at="2018-07-29T14:53:36Z">
          <reporter-output>
          </reporter-output>
        </test-method> <!-- setUp -->
        <test-method status="PASS" signature="verifyClickonUsersMenuTest()[pri:2, instance:com.HRM.testcases.AdminModulePageTest@d818d1]" name="verifyClickonUsersMenuTest" duration-ms="1726" started-at="2018-07-29T14:53:36Z" finished-at="2018-07-29T14:53:38Z">
          <reporter-output>
          </reporter-output>
        </test-method> <!-- verifyClickonUsersMenuTest -->
        <test-method status="PASS" signature="tearDown()[pri:0, instance:com.HRM.testcases.AdminModulePageTest@d818d1]" name="tearDown" is-config="true" duration-ms="2049" started-at="2018-07-29T14:53:38Z" finished-at="2018-07-29T14:53:40Z">
          <reporter-output>
          </reporter-output>
        </test-method> <!-- tearDown -->
        <test-method status="PASS" signature="setUp()[pri:0, instance:com.HRM.testcases.AdminModulePageTest@d818d1]" name="setUp" is-config="true" duration-ms="15025" started-at="2018-07-29T14:59:54Z" finished-at="2018-07-29T15:00:09Z">
          <reporter-output>
          </reporter-output>
        </test-method> <!-- setUp -->
        <test-method status="PASS" signature="verifyJobTitlesMenuTest()[pri:3, instance:com.HRM.testcases.AdminModulePageTest@d818d1]" name="verifyJobTitlesMenuTest" duration-ms="1506" started-at="2018-07-29T15:00:09Z" finished-at="2018-07-29T15:00:11Z">
          <reporter-output>
          </reporter-output>
        </test-method> <!-- verifyJobTitlesMenuTest -->
        <test-method status="PASS" signature="tearDown()[pri:0, instance:com.HRM.testcases.AdminModulePageTest@d818d1]" name="tearDown" is-config="true" duration-ms="258" started-at="2018-07-29T15:00:11Z" finished-at="2018-07-29T15:00:11Z">
          <reporter-output>
          </reporter-output>
        </test-method> <!-- tearDown -->
        <test-method status="PASS" signature="setUp()[pri:0, instance:com.HRM.testcases.AdminModulePageTest@d818d1]" name="setUp" is-config="true" duration-ms="14656" started-at="2018-07-29T15:04:02Z" finished-at="2018-07-29T15:04:17Z">
          <reporter-output>
          </reporter-output>
        </test-method> <!-- setUp -->
        <test-method status="PASS" signature="verifyPayGradesMenuTest()[pri:4, instance:com.HRM.testcases.AdminModulePageTest@d818d1]" name="verifyPayGradesMenuTest" duration-ms="1269" started-at="2018-07-29T15:04:17Z" finished-at="2018-07-29T15:04:18Z">
          <reporter-output>
          </reporter-output>
        </test-method> <!-- verifyPayGradesMenuTest -->
        <test-method status="PASS" signature="tearDown()[pri:0, instance:com.HRM.testcases.AdminModulePageTest@d818d1]" name="tearDown" is-config="true" duration-ms="200" started-at="2018-07-29T15:04:18Z" finished-at="2018-07-29T15:04:18Z">
          <reporter-output>
          </reporter-output>
        </test-method> <!-- tearDown -->
        <test-method status="PASS" signature="setUp()[pri:0, instance:com.HRM.testcases.AdminModulePageTest@d818d1]" name="setUp" is-config="true" duration-ms="16046" started-at="2018-07-29T15:05:43Z" finished-at="2018-07-29T15:05:59Z">
          <reporter-output>
          </reporter-output>
        </test-method> <!-- setUp -->
        <test-method status="PASS" signature="verifyEmploymentStatusMenuTest()[pri:5, instance:com.HRM.testcases.AdminModulePageTest@d818d1]" name="verifyEmploymentStatusMenuTest" duration-ms="1743" started-at="2018-07-29T15:05:59Z" finished-at="2018-07-29T15:06:01Z">
          <reporter-output>
          </reporter-output>
        </test-method> <!-- verifyEmploymentStatusMenuTest -->
        <test-method status="PASS" signature="tearDown()[pri:0, instance:com.HRM.testcases.AdminModulePageTest@d818d1]" name="tearDown" is-config="true" duration-ms="109" started-at="2018-07-29T15:06:01Z" finished-at="2018-07-29T15:06:01Z">
          <reporter-output>
          </reporter-output>
        </test-method> <!-- tearDown -->
        <test-method status="PASS" signature="setUp()[pri:0, instance:com.HRM.testcases.AdminModulePageTest@d818d1]" name="setUp" is-config="true" duration-ms="14307" started-at="2018-07-29T15:06:01Z" finished-at="2018-07-29T15:06:15Z">
          <reporter-output>
          </reporter-output>
        </test-method> <!-- setUp -->
        <test-method status="PASS" signature="verifyJobCategoriesMenuTest()[pri:5, instance:com.HRM.testcases.AdminModulePageTest@d818d1]" name="verifyJobCategoriesMenuTest" duration-ms="1530" started-at="2018-07-29T15:06:15Z" finished-at="2018-07-29T15:06:17Z">
          <reporter-output>
          </reporter-output>
        </test-method> <!-- verifyJobCategoriesMenuTest -->
        <test-method status="PASS" signature="tearDown()[pri:0, instance:com.HRM.testcases.AdminModulePageTest@d818d1]" name="tearDown" is-config="true" duration-ms="125" started-at="2018-07-29T15:06:17Z" finished-at="2018-07-29T15:06:17Z">
          <reporter-output>
          </reporter-output>
        </test-method> <!-- tearDown -->
        <test-method status="PASS" signature="setUp()[pri:0, instance:com.HRM.testcases.AdminModulePageTest@d818d1]" name="setUp" is-config="true" duration-ms="16426" started-at="2018-07-29T15:06:17Z" finished-at="2018-07-29T15:06:33Z">
          <reporter-output>
          </reporter-output>
        </test-method> <!-- setUp -->
        <test-method status="PASS" signature="verifyWorkShiftsMenuTest()[pri:5, instance:com.HRM.testcases.AdminModulePageTest@d818d1]" name="verifyWorkShiftsMenuTest" duration-ms="1778" started-at="2018-07-29T15:06:33Z" finished-at="2018-07-29T15:06:35Z">
          <reporter-output>
          </reporter-output>
        </test-method> <!-- verifyWorkShiftsMenuTest -->
        <test-method status="PASS" signature="tearDown()[pri:0, instance:com.HRM.testcases.AdminModulePageTest@d818d1]" name="tearDown" is-config="true" duration-ms="92" started-at="2018-07-29T15:06:35Z" finished-at="2018-07-29T15:06:35Z">
          <reporter-output>
          </reporter-output>
        </test-method> <!-- tearDown -->
        <test-method status="PASS" signature="setUp()[pri:0, instance:com.HRM.testcases.AdminModulePageTest@d818d1]" name="setUp" is-config="true" duration-ms="17318" started-at="2018-07-29T15:07:42Z" finished-at="2018-07-29T15:08:00Z">
          <reporter-output>
          </reporter-output>
        </test-method> <!-- setUp -->
        <test-method status="PASS" signature="verifyGeneralInfoMenuTest()[pri:6, instance:com.HRM.testcases.AdminModulePageTest@d818d1]" name="verifyGeneralInfoMenuTest" duration-ms="3547" started-at="2018-07-29T15:08:00Z" finished-at="2018-07-29T15:08:03Z">
          <reporter-output>
          </reporter-output>
        </test-method> <!-- verifyGeneralInfoMenuTest -->
        <test-method status="PASS" signature="tearDown()[pri:0, instance:com.HRM.testcases.AdminModulePageTest@d818d1]" name="tearDown" is-config="true" duration-ms="2044" started-at="2018-07-29T15:08:03Z" finished-at="2018-07-29T15:08:05Z">
          <reporter-output>
          </reporter-output>
        </test-method> <!-- tearDown -->
        <test-method status="PASS" signature="setUp()[pri:0, instance:com.HRM.testcases.AdminModulePageTest@d818d1]" name="setUp" is-config="true" duration-ms="18560" started-at="2018-07-29T15:09:21Z" finished-at="2018-07-29T15:09:40Z">
          <reporter-output>
          </reporter-output>
        </test-method> <!-- setUp -->
        <test-method status="PASS" signature="verifyLocationsMenuTest()[pri:7, instance:com.HRM.testcases.AdminModulePageTest@d818d1]" name="verifyLocationsMenuTest" duration-ms="1883" started-at="2018-07-29T15:09:40Z" finished-at="2018-07-29T15:09:41Z">
          <reporter-output>
          </reporter-output>
        </test-method> <!-- verifyLocationsMenuTest -->
        <test-method status="PASS" signature="tearDown()[pri:0, instance:com.HRM.testcases.AdminModulePageTest@d818d1]" name="tearDown" is-config="true" duration-ms="2312" started-at="2018-07-29T15:09:41Z" finished-at="2018-07-29T15:09:44Z">
          <reporter-output>
          </reporter-output>
        </test-method> <!-- tearDown -->
        <test-method status="PASS" signature="setUp()[pri:0, instance:com.HRM.testcases.AdminModulePageTest@d818d1]" name="setUp" is-config="true" duration-ms="18615" started-at="2018-07-29T15:11:10Z" finished-at="2018-07-29T15:11:29Z">
          <reporter-output>
          </reporter-output>
        </test-method> <!-- setUp -->
        <test-method status="PASS" signature="verifyStructureMenuTest()[pri:8, instance:com.HRM.testcases.AdminModulePageTest@d818d1]" name="verifyStructureMenuTest" duration-ms="1715" started-at="2018-07-29T15:11:29Z" finished-at="2018-07-29T15:11:31Z">
          <reporter-output>
          </reporter-output>
        </test-method> <!-- verifyStructureMenuTest -->
        <test-method status="PASS" signature="tearDown()[pri:0, instance:com.HRM.testcases.AdminModulePageTest@d818d1]" name="tearDown" is-config="true" duration-ms="2313" started-at="2018-07-29T15:11:31Z" finished-at="2018-07-29T15:11:33Z">
          <reporter-output>
          </reporter-output>
        </test-method> <!-- tearDown -->
        <test-method status="PASS" signature="setUp()[pri:0, instance:com.HRM.testcases.AdminModulePageTest@d818d1]" name="setUp" is-config="true" duration-ms="22896" started-at="2018-07-29T15:13:27Z" finished-at="2018-07-29T15:13:50Z">
          <reporter-output>
          </reporter-output>
        </test-method> <!-- setUp -->
        <test-method status="PASS" signature="verifySkillsMenuTest()[pri:9, instance:com.HRM.testcases.AdminModulePageTest@d818d1]" name="verifySkillsMenuTest" duration-ms="2544" started-at="2018-07-29T15:13:50Z" finished-at="2018-07-29T15:13:53Z">
          <reporter-output>
          </reporter-output>
        </test-method> <!-- verifySkillsMenuTest -->
        <test-method status="PASS" signature="tearDown()[pri:0, instance:com.HRM.testcases.AdminModulePageTest@d818d1]" name="tearDown" is-config="true" duration-ms="2071" started-at="2018-07-29T15:13:53Z" finished-at="2018-07-29T15:13:55Z">
          <reporter-output>
          </reporter-output>
        </test-method> <!-- tearDown -->
        <test-method status="PASS" signature="setUp()[pri:0, instance:com.HRM.testcases.AdminModulePageTest@d818d1]" name="setUp" is-config="true" duration-ms="18320" started-at="2018-07-29T15:15:54Z" finished-at="2018-07-29T15:16:13Z">
          <reporter-output>
          </reporter-output>
        </test-method> <!-- setUp -->
        <test-method status="PASS" signature="verifyEducationMenuTest()[pri:10, instance:com.HRM.testcases.AdminModulePageTest@d818d1]" name="verifyEducationMenuTest" duration-ms="2983" started-at="2018-07-29T15:16:13Z" finished-at="2018-07-29T15:16:16Z">
          <reporter-output>
[...]
          <reporter-output>
          </reporter-output>
        </test-method> <!-- tearDown -->
        <test-method status="PASS" signature="setUp()[pri:0, instance:com.HRM.testcases.AddPayGradePageTest@166e5bd]" name="setUp" is-config="true" duration-ms="17550" started-at="2018-07-29T15:03:29Z" finished-at="2018-07-29T15:03:47Z">
          <reporter-output>
          </reporter-output>
        </test-method> <!-- setUp -->
        <test-method status="PASS" signature="VerifyClickOnCancelTest()[pri:4, instance:com.HRM.testcases.AddPayGradePageTest@166e5bd]" name="VerifyClickOnCancelTest" duration-ms="1434" started-at="2018-07-29T15:03:47Z" finished-at="2018-07-29T15:03:48Z">
          <reporter-output>
          </reporter-output>
        </test-method> <!-- VerifyClickOnCancelTest -->
        <test-method status="PASS" signature="tearDown()[pri:0, instance:com.HRM.testcases.AddPayGradePageTest@166e5bd]" name="tearDown" is-config="true" duration-ms="181" started-at="2018-07-29T15:03:48Z" finished-at="2018-07-29T15:03:48Z">
          <reporter-output>
          </reporter-output>
        </test-method> <!-- tearDown -->
      </class> <!-- com.HRM.testcases.AddPayGradePageTest -->
      <class name="com.HRM.testcases.AddJobTitlePageTest">
        <test-method status="PASS" signature="setUp()[pri:0, instance:com.HRM.testcases.AddJobTitlePageTest@1805618]" name="setUp" is-config="true" duration-ms="23890" started-at="2018-07-29T14:47:25Z" finished-at="2018-07-29T14:47:49Z">
          <reporter-output>
          </reporter-output>
        </test-method> <!-- setUp -->
        <test-method status="PASS" signature="VerifyAddJobTitlePageHeaderTest()[pri:1, instance:com.HRM.testcases.AddJobTitlePageTest@1805618]" name="VerifyAddJobTitlePageHeaderTest" duration-ms="70" started-at="2018-07-29T14:47:49Z" finished-at="2018-07-29T14:47:49Z">
          <reporter-output>
          </reporter-output>
        </test-method> <!-- VerifyAddJobTitlePageHeaderTest -->
        <test-method status="PASS" signature="tearDown()[pri:0, instance:com.HRM.testcases.AddJobTitlePageTest@1805618]" name="tearDown" is-config="true" duration-ms="2052" started-at="2018-07-29T14:47:49Z" finished-at="2018-07-29T14:47:51Z">
          <reporter-output>
          </reporter-output>
        </test-method> <!-- tearDown -->
        <test-method status="PASS" signature="setUp()[pri:0, instance:com.HRM.testcases.AddJobTitlePageTest@1805618]" name="setUp" is-config="true" duration-ms="26004" started-at="2018-07-29T14:52:05Z" finished-at="2018-07-29T14:52:31Z">
          <reporter-output>
          </reporter-output>
        </test-method> <!-- setUp -->
        <test-method status="PASS" signature="VerifyPageLablesTest()[pri:2, instance:com.HRM.testcases.AddJobTitlePageTest@1805618]" name="VerifyPageLablesTest" duration-ms="273" started-at="2018-07-29T14:52:31Z" finished-at="2018-07-29T14:52:31Z">
          <reporter-output>
          </reporter-output>
        </test-method> <!-- VerifyPageLablesTest -->
        <test-method status="PASS" signature="tearDown()[pri:0, instance:com.HRM.testcases.AddJobTitlePageTest@1805618]" name="tearDown" is-config="true" duration-ms="77" started-at="2018-07-29T14:52:31Z" finished-at="2018-07-29T14:52:32Z">
          <reporter-output>
          </reporter-output>
        </test-method> <!-- tearDown -->
        <test-method status="PASS" signature="setUp()[pri:0, instance:com.HRM.testcases.AddJobTitlePageTest@1805618]" name="setUp" is-config="true" duration-ms="18493" started-at="2018-07-29T14:57:58Z" finished-at="2018-07-29T14:58:17Z">
          <reporter-output>
          </reporter-output>
        </test-method> <!-- setUp -->
        <test-method status="PASS" signature="VerifyInsertTitleDataTest(java.lang.String, java.lang.String, java.lang.String)[pri:3, instance:com.HRM.testcases.AddJobTitlePageTest@1805618]" name="VerifyInsertTitleDataTest" duration-ms="3116" started-at="2018-07-29T14:58:17Z" data-provider="InsertJobTitles" finished-at="2018-07-29T14:58:20Z">
          <params>
            <param index="0">
              <value>
                <![CDATA[TESTER]]>
              </value>
            </param>
            <param index="1">
              <value>
                <![CDATA[TESTERDESC]]>
              </value>
            </param>
            <param index="2">
              <value>
                <![CDATA[OPENING FOR TESTING]]>
              </value>
            </param>
          </params>
          <reporter-output>
          </reporter-output>
        </test-method> <!-- VerifyInsertTitleDataTest -->
        <test-method status="PASS" signature="tearDown()[pri:0, instance:com.HRM.testcases.AddJobTitlePageTest@1805618]" name="tearDown" is-config="true" duration-ms="64" started-at="2018-07-29T14:58:20Z" finished-at="2018-07-29T14:58:20Z">
          <reporter-output>
          </reporter-output>
        </test-method> <!-- tearDown -->
        <test-method status="PASS" signature="setUp()[pri:0, instance:com.HRM.testcases.AddJobTitlePageTest@1805618]" name="setUp" is-config="true" duration-ms="17680" started-at="2018-07-29T14:58:20Z" finished-at="2018-07-29T14:58:38Z">
          <reporter-output>
          </reporter-output>
        </test-method> <!-- setUp -->
        <test-method status="PASS" signature="VerifyInsertTitleDataTest(java.lang.String, java.lang.String, java.lang.String)[pri:3, instance:com.HRM.testcases.AddJobTitlePageTest@1805618]" name="VerifyInsertTitleDataTest" duration-ms="771" started-at="2018-07-29T14:58:38Z" data-provider="InsertJobTitles" finished-at="2018-07-29T14:58:38Z">
          <params>
            <param index="0">
              <value>
                <![CDATA[]]>
              </value>
            </param>
            <param index="1">
              <value>
                <![CDATA[TESTERDESC]]>
              </value>
            </param>
            <param index="2">
              <value>
                <![CDATA[OPENING FOR TESTING]]>
              </value>
            </param>
          </params>
          <reporter-output>
          </reporter-output>
        </test-method> <!-- VerifyInsertTitleDataTest -->
        <test-method status="PASS" signature="tearDown()[pri:0, instance:com.HRM.testcases.AddJobTitlePageTest@1805618]" name="tearDown" is-config="true" duration-ms="2306" started-at="2018-07-29T14:58:38Z" finished-at="2018-07-29T14:58:41Z">
          <reporter-output>
          </reporter-output>
        </test-method> <!-- tearDown -->
        <test-method status="PASS" signature="setUp()[pri:0, instance:com.HRM.testcases.AddJobTitlePageTest@1805618]" name="setUp" is-config="true" duration-ms="17039" started-at="2018-07-29T14:58:41Z" finished-at="2018-07-29T14:58:58Z">
          <reporter-output>
          </reporter-output>
        </test-method> <!-- setUp -->
        <test-method status="PASS" signature="VerifyInsertTitleDataTest(java.lang.String, java.lang.String, java.lang.String)[pri:3, instance:com.HRM.testcases.AddJobTitlePageTest@1805618]" name="VerifyInsertTitleDataTest" duration-ms="3603" started-at="2018-07-29T14:58:58Z" data-provider="InsertJobTitles" finished-at="2018-07-29T14:59:01Z">
          <params>
            <param index="0">
              <value>
                <![CDATA[ALFA]]>
              </value>
            </param>
            <param index="1">
              <value>
                <![CDATA[TESTERDESC]]>
              </value>
            </param>
            <param index="2">
              <value>
                <![CDATA[OPENING FOR TESTING]]>
              </value>
            </param>
          </params>
          <reporter-output>
          </reporter-output>
        </test-method> <!-- VerifyInsertTitleDataTest -->
        <test-method status="PASS" signature="tearDown()[pri:0, instance:com.HRM.testcases.AddJobTitlePageTest@1805618]" name="tearDown" is-config="true" duration-ms="142" started-at="2018-07-29T14:59:01Z" finished-at="2018-07-29T14:59:01Z">
          <reporter-output>
          </reporter-output>
        </test-method> <!-- tearDown -->
        <test-method status="PASS" signature="setUp()[pri:0, instance:com.HRM.testcases.AddJobTitlePageTest@1805618]" name="setUp" is-config="true" duration-ms="17810" started-at="2018-07-29T15:03:10Z" finished-at="2018-07-29T15:03:28Z">
          <reporter-output>
          </reporter-output>
        </test-method> <!-- setUp -->
        <test-method status="PASS" signature="VerifyClickOnCancelTest()[pri:4, instance:com.HRM.testcases.AddJobTitlePageTest@1805618]" name="VerifyClickOnCancelTest" duration-ms="1391" started-at="2018-07-29T15:03:28Z" finished-at="2018-07-29T15:03:29Z">
          <reporter-output>
          </reporter-output>
        </test-method> <!-- VerifyClickOnCancelTest -->
        <test-method status="PASS" signature="tearDown()[pri:0, instance:com.HRM.testcases.AddJobTitlePageTest@1805618]" name="tearDown" is-config="true" duration-ms="116" started-at="2018-07-29T15:03:29Z" finished-at="2018-07-29T15:03:29Z">
          <reporter-output>
          </reporter-output>
        </test-method> <!-- tearDown -->
      </class> <!-- com.HRM.testcases.AddJobTitlePageTest -->
      <class name="com.HRM.testcases.LeavePageTest">
        <test-method status="PASS" signature="setUp()[pri:0, instance:com.HRM.testcases.LeavePageTest@1494225]" name="setUp" is-config="true" duration-ms="14758" started-at="2018-07-29T14:49:06Z" finished-at="2018-07-29T14:49:21Z">
          <reporter-output>
          </reporter-output>
        </test-method> <!-- setUp -->
        <test-method status="PASS" signature="verifyLeavePageHeaderTest()[pri:1, instance:com.HRM.testcases.LeavePageTest@1494225]" name="verifyLeavePageHeaderTest" duration-ms="63" started-at="2018-07-29T14:49:21Z" finished-at="2018-07-29T14:49:21Z">
          <reporter-output>
          </reporter-output>
        </test-method> <!-- verifyLeavePageHeaderTest -->
        <test-method status="PASS" signature="tearDown()[pri:0, instance:com.HRM.testcases.LeavePageTest@1494225]" name="tearDown" is-config="true" duration-ms="2052" started-at="2018-07-29T14:49:21Z" finished-at="2018-07-29T14:49:23Z">
          <reporter-output>
          </reporter-output>
        </test-method> <!-- tearDown -->
        <test-method status="PASS" signature="setUp()[pri:0, instance:com.HRM.testcases.LeavePageTest@1494225]" name="setUp" is-config="true" duration-ms="62696" started-at="2018-07-29T14:54:00Z" finished-at="2018-07-29T14:55:02Z">
          <reporter-output>
          </reporter-output>
        </test-method> <!-- setUp -->
        <test-method status="PASS" signature="verifyAddEntitlementsMenuTest()[pri:2, instance:com.HRM.testcases.LeavePageTest@1494225]" name="verifyAddEntitlementsMenuTest" duration-ms="2899" started-at="2018-07-29T14:55:02Z" finished-at="2018-07-29T14:55:05Z">
          <reporter-output>
          </reporter-output>
        </test-method> <!-- verifyAddEntitlementsMenuTest -->
        <test-method status="PASS" signature="tearDown()[pri:0, instance:com.HRM.testcases.LeavePageTest@1494225]" name="tearDown" is-config="true" duration-ms="2053" started-at="2018-07-29T14:55:05Z" finished-at="2018-07-29T14:55:07Z">
          <reporter-output>
          </reporter-output>
        </test-method> <!-- tearDown -->
        <test-method status="PASS" signature="setUp()[pri:0, instance:com.HRM.testcases.LeavePageTest@1494225]" name="setUp" is-config="true" duration-ms="14976" started-at="2018-07-29T15:00:49Z" finished-at="2018-07-29T15:01:04Z">
          <reporter-output>
          </reporter-output>
        </test-method> <!-- setUp -->
        <test-method status="PASS" signature="verifyEmployeeEntitlementsMenuTest()[pri:3, instance:com.HRM.testcases.LeavePageTest@1494225]" name="verifyEmployeeEntitlementsMenuTest" duration-ms="1335" started-at="2018-07-29T15:01:04Z" finished-at="2018-07-29T15:01:06Z">
          <reporter-output>
          </reporter-output>
        </test-method> <!-- verifyEmployeeEntitlementsMenuTest -->
        <test-method status="PASS" signature="tearDown()[pri:0, instance:com.HRM.testcases.LeavePageTest@1494225]" name="tearDown" is-config="true" duration-ms="119" started-at="2018-07-29T15:01:06Z" finished-at="2018-07-29T15:01:06Z">
          <reporter-output>
          </reporter-output>
        </test-method> <!-- tearDown -->
        <test-method status="PASS" signature="setUp()[pri:0, instance:com.HRM.testcases.LeavePageTest@1494225]" name="setUp" is-config="true" duration-ms="14893" started-at="2018-07-29T15:04:18Z" finished-at="2018-07-29T15:04:33Z">
          <reporter-output>
          </reporter-output>
        </test-method> <!-- setUp -->
        <test-method status="PASS" signature="verifyLeaveUsageReportMenuTest()[pri:4, instance:com.HRM.testcases.LeavePageTest@1494225]" name="verifyLeaveUsageReportMenuTest" duration-ms="1754" started-at="2018-07-29T15:04:33Z" finished-at="2018-07-29T15:04:35Z">
          <reporter-output>
          </reporter-output>
        </test-method> <!-- verifyLeaveUsageReportMenuTest -->
        <test-method status="PASS" signature="tearDown()[pri:0, instance:com.HRM.testcases.LeavePageTest@1494225]" name="tearDown" is-config="true" duration-ms="125" started-at="2018-07-29T15:04:35Z" finished-at="2018-07-29T15:04:35Z">
          <reporter-output>
          </reporter-output>
        </test-method> <!-- tearDown -->
        <test-method status="PASS" signature="setUp()[pri:0, instance:com.HRM.testcases.LeavePageTest@1494225]" name="setUp" is-config="true" duration-ms="14511" started-at="2018-07-29T15:06:35Z" finished-at="2018-07-29T15:06:50Z">
          <reporter-output>
          </reporter-output>
        </test-method> <!-- setUp -->
        <test-method status="PASS" signature="verifyLeavePeriodMenuTest()[pri:5, instance:com.HRM.testcases.LeavePageTest@1494225]" name="verifyLeavePeriodMenuTest" duration-ms="1320" started-at="2018-07-29T15:06:50Z" finished-at="2018-07-29T15:06:51Z">
          <reporter-output>
          </reporter-output>
        </test-method> <!-- verifyLeavePeriodMenuTest -->
        <test-method status="PASS" signature="tearDown()[pri:0, instance:com.HRM.testcases.LeavePageTest@1494225]" name="tearDown" is-config="true" duration-ms="192" started-at="2018-07-29T15:06:51Z" finished-at="2018-07-29T15:06:51Z">
          <reporter-output>
          </reporter-output>
        </test-method> <!-- tearDown -->
        <test-method status="PASS" signature="setUp()[pri:0, instance:com.HRM.testcases.LeavePageTest@1494225]" name="setUp" is-config="true" duration-ms="16380" started-at="2018-07-29T15:08:05Z" finished-at="2018-07-29T15:08:22Z">
          <reporter-output>
          </reporter-output>
        </test-method> <!-- setUp -->
        <test-method status="PASS" signature="verifyLeaveTypesMenuTest()[pri:6, instance:com.HRM.testcases.LeavePageTest@1494225]" name="verifyLeaveTypesMenuTest" duration-ms="2066" started-at="2018-07-29T15:08:22Z" finished-at="2018-07-29T15:08:24Z">
          <reporter-output>
          </reporter-output>
        </test-method> <!-- verifyLeaveTypesMenuTest -->
        <test-method status="PASS" signature="tearDown()[pri:0, instance:com.HRM.testcases.LeavePageTest@1494225]" name="tearDown" is-config="true" duration-ms="183" started-at="2018-07-29T15:08:24Z" finished-at="2018-07-29T15:08:24Z">
          <reporter-output>
          </reporter-output>
        </test-method> <!-- tearDown -->
        <test-method status="PASS" signature="setUp()[pri:0, instance:com.HRM.testcases.LeavePageTest@1494225]" name="setUp" is-config="true" duration-ms="21469" started-at="2018-07-29T15:09:44Z" finished-at="2018-07-29T15:10:05Z">
          <reporter-output>
          </reporter-output>
        </test-method> <!-- setUp -->
        <test-method status="PASS" signature="verifyWorkWeekPageMenuTest()[pri:7, instance:com.HRM.testcases.LeavePageTest@1494225]" name="verifyWorkWeekPageMenuTest" duration-ms="1572" started-at="2018-07-29T15:10:05Z" finished-at="2018-07-29T15:10:07Z">
          <reporter-output>
          </reporter-output>
        </test-method> <!-- verifyWorkWeekPageMenuTest -->
        <test-method status="PASS" signature="tearDown()[pri:0, instance:com.HRM.testcases.LeavePageTest@1494225]" name="tearDown" is-config="true" duration-ms="94" started-at="2018-07-29T15:10:07Z" finished-at="2018-07-29T15:10:07Z">
          <reporter-output>
          </reporter-output>
        </test-method> <!-- tearDown -->
        <test-method status="PASS" signature="setUp()[pri:0, instance:com.HRM.testcases.LeavePageTest@1494225]" name="setUp" is-config="true" duration-ms="22218" started-at="2018-07-29T15:11:33Z" finished-at="2018-07-29T15:11:55Z">
          <reporter-output>
          </reporter-output>
        </test-method> <!-- setUp -->
        <test-method status="PASS" signature="verifyHolidaysMenuTest()[pri:8, instance:com.HRM.testcases.LeavePageTest@1494225]" name="verifyHolidaysMenuTest" duration-ms="2126" started-at="2018-07-29T15:11:55Z" finished-at="2018-07-29T15:11:57Z">
          <reporter-output>
          </reporter-output>
        </test-method> <!-- verifyHolidaysMenuTest -->
        <test-method status="PASS" signature="tearDown()[pri:0, instance:com.HRM.testcases.LeavePageTest@1494225]" name="tearDown" is-config="true" duration-ms="56" started-at="2018-07-29T15:11:57Z" finished-at="2018-07-29T15:11:57Z">
          <reporter-output>
          </reporter-output>
        </test-method> <!-- tearDown -->
        <test-method status="PASS" signature="setUp()[pri:0, instance:com.HRM.testcases.LeavePageTest@1494225]" name="setUp" is-config="true" duration-ms="24373" started-at="2018-07-29T15:13:55Z" finished-at="2018-07-29T15:14:19Z">
          <reporter-output>
          </reporter-output>
        </test-method> <!-- setUp -->
        <test-method status="PASS" signature="verifyLeaveLeaveListMenuTest()[pri:9, instance:com.HRM.testcases.LeavePageTest@1494225]" name="verifyLeaveLeaveListMenuTest" duration-ms="2501" started-at="2018-07-29T15:14:19Z" finished-at="2018-07-29T15:14:22Z">
          <reporter-output>
          </reporter-output>
        </test-method> <!-- verifyLeaveLeaveListMenuTest -->
        <test-method status="PASS" signature="tearDown()[pri:0, instance:com.HRM.testcases.LeavePageTest@1494225]" name="tearDown" is-config="true" duration-ms="2058" started-at="2018-07-29T15:14:22Z" finished-at="2018-07-29T15:14:24Z">
          <reporter-output>
          </reporter-output>
        </test-method> <!-- tearDown -->
        <test-method status="PASS" signature="setUp()[pri:0, instance:com.HRM.testcases.LeavePageTest@1494225]" name="setUp" is-config="true" duration-ms="20667" started-at="2018-07-29T15:16:16Z" finished-at="2018-07-29T15:16:36Z">
          <reporter-output>
          </reporter-output>
        </test-method> <!-- setUp -->
        <test-method status="PASS" signature="verifyAssignLeaveMenuTest()[pri:10, instance:com.HRM.testcases.LeavePageTest@1494225]" name="verifyAssignLeaveMenuTest" duration-ms="2777" started-at="2018-07-29T15:16:36Z" finished-at="2018-07-29T15:16:39Z">
          <reporter-output>
          </reporter-output>
        </test-method> <!-- verifyAssignLeaveMenuTest -->
        <test-method status="PASS" signature="tearDown()[pri:0, instance:com.HRM.testcases.LeavePageTest@1494225]" name="tearDown" is-config="true" duration-ms="2061" started-at="2018-07-29T15:16:39Z" finished-at="2018-07-29T15:16:41Z">
          <reporter-output>
          </reporter-output>
        </test-method> <!-- tearDown -->
      </class> <!-- com.HRM.testcases.LeavePageTest -->
    </test> <!-- Orange HRM Test Cases -->
  </suite> <!-- Orange HRM Test Suite -->
</testng-results>
