<?xml version="1.0" encoding="UTF-8"?>
<!-- Generated by org.testng.reporters.JUnitXMLReporter -->
<testsuite hostname="HICWW7NA512SG3W" ignored="0" name="Orange HRM Test Cases" tests="23" failures="3" timestamp="23 Jul 2018 11:07:35 GMT" time="320.593" errors="0">
  <testcase name="verifyHomePageTitleTest" time="0.014" classname="com.HRM.testcases.AdminHomePageTest"/>
  <testcase name="verifyAdminPageHeaderTest" time="0.039" classname="com.HRM.testcases.AdminModulePageTest"/>
  <testcase name="verifyLoginPageTitleTest" time="0.013" classname="com.HRM.testcases.LoginPageTest"/>
  <testcase name="verifyAddRoleTest" time="0.003" classname="com.HRM.testcases.UsersPageTest">
    <failure type="java.lang.NullPointerException">
      <![CDATA[java.lang.NullPointerException
	at com.HRM.pages.UsersPage.ClickOnAddRole(UsersPage.java:26)
	at com.HRM.testcases.UsersPageTest.verifyAddRoleTest(UsersPageTest.java:42)
... Removed 25 stack frames]]>
    </failure>
  </testcase> <!-- verifyAddRoleTest -->
  <testcase name="verifyHomeLogoTest" time="0.038" classname="com.HRM.testcases.AdminHomePageTest"/>
  <testcase name="verifyClickonUsersMenuTest" time="1.171" classname="com.HRM.testcases.AdminModulePageTest"/>
  <testcase name="verifyLoginPageLogoTest" time="0.066" classname="com.HRM.testcases.LoginPageTest"/>
  <testcase name="verifyDeleteRoleTest" time="0.003" classname="com.HRM.testcases.UsersPageTest">
    <failure type="java.lang.NullPointerException">
      <![CDATA[java.lang.NullPointerException
	at com.HRM.pages.UsersPage.ClickOnDeleteRole(UsersPage.java:31)
	at com.HRM.testcases.UsersPageTest.verifyDeleteRoleTest(UsersPageTest.java:50)
... Removed 25 stack frames]]>
    </failure>
  </testcase> <!-- verifyDeleteRoleTest -->
  <testcase name="verifyAdminHomePageUserTest" time="0.042" classname="com.HRM.testcases.AdminHomePageTest"/>
  <testcase name="verifyAdminCredintialsTest" time="3.173" classname="com.HRM.testcases.LoginPageTest"/>
  <testcase name="verifyUserRoleDataTest" time="0.215" classname="com.HRM.testcases.UsersPageTest"/>
  <testcase name="verifyAdminAboutLinkTest" time="0.244" classname="com.HRM.testcases.AdminHomePageTest"/>
  <testcase name="verifyUserCredintialsTest" time="1.395" classname="com.HRM.testcases.LoginPageTest"/>
  <testcase name="verifyAdminChangePasswordLinkTest" time="0.108" classname="com.HRM.testcases.AdminHomePageTest"/>
  <testcase name="verifyAdminLogoutLinkTest" time="2.102" classname="com.HRM.testcases.AdminHomePageTest">
    <failure type="org.openqa.selenium.ElementNotVisibleException" message="element not visible
  (Session info: chrome=67.0.3396.99)
  (Driver info: chromedriver=2.36.540470 (e522d04694c7ebea4ba8821272dbef4f9b818c91),platform=Windows NT 6.1.7601 SP1 x86_64) (WARNING: The server did not provide any stacktrace information)
Command duration or timeout: 0 milliseconds
Build info: version: &amp;apos;3.5.3&amp;apos;, revision: &amp;apos;a88d25fe6b&amp;apos;, time: &amp;apos;2017-08-29T12:42:44.417Z&amp;apos;
System info: host: &amp;apos;HICWW7NA512SG3W&amp;apos;, ip: &amp;apos;145.17.119.136&amp;apos;, os.name: &amp;apos;Windows 7&amp;apos;, os.arch: &amp;apos;amd64&amp;apos;, os.version: &amp;apos;6.1&amp;apos;, java.version: &amp;apos;1.8.0_171&amp;apos;
Driver info: org.openqa.selenium.chrome.ChromeDriver
Capabilities [{mobileEmulationEnabled=false, hasTouchScreen=false, platform=XP, acceptSslCerts=false, acceptInsecureCerts=false, webStorageEnabled=true, browserName=chrome, takesScreenshot=true, javascriptEnabled=true, platformName=XP, setWindowRect=true, unexpectedAlertBehaviour=, applicationCacheEnabled=false, rotatable=false, networkConnectionEnabled=false, chrome={chromedriverVersion=2.36.540470 (e522d04694c7ebea4ba8821272dbef4f9b818c91), userDataDir=C:\Users\ROHITH~1.SIN\AppData\Local\Temp\scoped_dir14704_11189}, takesHeapSnapshot=true, pageLoadStrategy=normal, unhandledPromptBehavior=, databaseEnabled=false, handlesAlerts=true, version=67.0.3396.99, browserConnectionEnabled=false, nativeEvents=true, locationContextEnabled=true, cssSelectorsEnabled=true}]
Session ID: 22d61c51b9808b4363fbe9007a7943f1">
      <![CDATA[org.openqa.selenium.ElementNotVisibleException: element not visible
  (Session info: chrome=67.0.3396.99)
  (Driver info: chromedriver=2.36.540470 (e522d04694c7ebea4ba8821272dbef4f9b818c91),platform=Windows NT 6.1.7601 SP1 x86_64) (WARNING: The server did not provide any stacktrace information)
Command duration or timeout: 0 milliseconds
Build info: version: '3.5.3', revision: 'a88d25fe6b', time: '2017-08-29T12:42:44.417Z'
System info: host: 'HICWW7NA512SG3W', ip: '145.17.119.136', os.name: 'Windows 7', os.arch: 'amd64', os.version: '6.1', java.version: '1.8.0_171'
Driver info: org.openqa.selenium.chrome.ChromeDriver
Capabilities [{mobileEmulationEnabled=false, hasTouchScreen=false, platform=XP, acceptSslCerts=false, acceptInsecureCerts=false, webStorageEnabled=true, browserName=chrome, takesScreenshot=true, javascriptEnabled=true, platformName=XP, setWindowRect=true, unexpectedAlertBehaviour=, applicationCacheEnabled=false, rotatable=false, networkConnectionEnabled=false, chrome={chromedriverVersion=2.36.540470 (e522d04694c7ebea4ba8821272dbef4f9b818c91), userDataDir=C:\Users\ROHITH~1.SIN\AppData\Local\Temp\scoped_dir14704_11189}, takesHeapSnapshot=true, pageLoadStrategy=normal, unhandledPromptBehavior=, databaseEnabled=false, handlesAlerts=true, version=67.0.3396.99, browserConnectionEnabled=false, nativeEvents=true, locationContextEnabled=true, cssSelectorsEnabled=true}]
Session ID: 22d61c51b9808b4363fbe9007a7943f1
	at org.openqa.selenium.remote.ErrorHandler.createThrowable(ErrorHandler.java:215)
	at org.openqa.selenium.remote.ErrorHandler.throwIfResponseFailed(ErrorHandler.java:167)
	at org.openqa.selenium.remote.http.JsonHttpResponseCodec.reconstructValue(JsonHttpResponseCodec.java:40)
	at org.openqa.selenium.remote.http.AbstractHttpResponseCodec.decode(AbstractHttpResponseCodec.java:82)
	at org.openqa.selenium.remote.http.AbstractHttpResponseCodec.decode(AbstractHttpResponseCodec.java:45)
	at org.openqa.selenium.remote.HttpCommandExecutor.execute(HttpCommandExecutor.java:164)
	at org.openqa.selenium.remote.service.DriverCommandExecutor.execute(DriverCommandExecutor.java:82)
	at org.openqa.selenium.remote.RemoteWebDriver.execute(RemoteWebDriver.java:646)
	at org.openqa.selenium.remote.RemoteWebElement.execute(RemoteWebElement.java:275)
	at org.openqa.selenium.remote.RemoteWebElement.click(RemoteWebElement.java:82)
	at org.openqa.selenium.support.events.EventFiringWebDriver$EventFiringWebElement$1.invoke(EventFiringWebDriver.java:350)
	at com.sun.proxy.$Proxy12.click(Unknown Source)
	at org.openqa.selenium.support.events.EventFiringWebDriver$EventFiringWebElement.click(EventFiringWebDriver.java:363)
	at org.openqa.selenium.support.pagefactory.internal.LocatingElementHandler.invoke(LocatingElementHandler.java:51)
	at com.sun.proxy.$Proxy11.click(Unknown Source)
	at com.HRM.pages.AdminHomePage.clickOnLogoutLink(AdminHomePage.java:97)
	at com.HRM.testcases.AdminHomePageTest.verifyAdminLogoutLinkTest(AdminHomePageTest.java:71)
... Removed 35 stack frames]]>
    </failure>
  </testcase> <!-- verifyAdminLogoutLinkTest -->
  <testcase name="verifyAdminPageLinkTest" time="1.788" classname="com.HRM.testcases.AdminHomePageTest"/>
  <testcase name="verifyPIMPageLinkTest" time="3.324" classname="com.HRM.testcases.AdminHomePageTest"/>
  <testcase name="verifyLeavePageLinkTest" time="8.143" classname="com.HRM.testcases.AdminHomePageTest"/>
  <testcase name="verifyTimePageLinkTest" time="3.698" classname="com.HRM.testcases.AdminHomePageTest"/>
  <testcase name="verifyRecruitmentPageLinkTest" time="4.7" classname="com.HRM.testcases.AdminHomePageTest"/>
  <testcase name="verifyPerformancePageLinkTest" time="0.08" classname="com.HRM.testcases.AdminHomePageTest"/>
  <testcase name="verifyAdminDashboardLinkTest" time="2.064" classname="com.HRM.testcases.AdminHomePageTest"/>
  <testcase name="verifyDirectoryPageLinkTest" time="4.265" classname="com.HRM.testcases.AdminHomePageTest"/>
</testsuite> <!-- Orange HRM Test Cases -->
