<?xml version="1.0" encoding="UTF-8"?>
<!-- Generated by org.testng.reporters.JUnitXMLReporter -->
<testsuite hostname="Veeranti" ignored="0" name="Orange HRM Test Cases" tests="78" failures="1" timestamp="26 Jul 2018 07:37:56 GMT" time="1457.938" errors="0">
  <testcase name="verifyHomePageTitleTest" time="0.026" classname="com.HRM.testcases.AdminHomePageTest"/>
  <testcase name="verifyAdminPageHeaderTest" time="0.084" classname="com.HRM.testcases.AdminModulePageTest"/>
  <testcase name="verifyLeavePageHeaderTest" time="0.152" classname="com.HRM.testcases.LeavePageTest"/>
  <testcase name="verifyLoginPageTitleTest" time="0.021" classname="com.HRM.testcases.LoginPageTest"/>
  <testcase name="verifyPIMPageHeaderTest" time="0.068" classname="com.HRM.testcases.PIMPageTest"/>
  <testcase name="verifyKPIsMenuTest" time="4.112" classname="com.HRM.testcases.PerformancePageTest"/>
  <testcase name="verifyRecruitmentPageHeaderTest" time="0.111" classname="com.HRM.testcases.RecruitmentPageTest"/>
  <testcase name="verifyTimePageHeaderTest" time="0.101" classname="com.HRM.testcases.TimePageTest"/>
  <testcase name="verifyAddRoleTest" time="5.926" classname="com.HRM.testcases.UsersPageTest"/>
  <testcase name="verifyHomeLogoTest" time="0.067" classname="com.HRM.testcases.AdminHomePageTest"/>
  <testcase name="verifyClickonUsersMenuTest" time="1.959" classname="com.HRM.testcases.AdminModulePageTest"/>
  <testcase name="verifyAddEntitlementsMenuTest" time="2.593" classname="com.HRM.testcases.LeavePageTest"/>
  <testcase name="verifyLoginPageLogoTest" time="0.084" classname="com.HRM.testcases.LoginPageTest"/>
  <testcase name="verifyOptionalFieldsMenuTest" time="1.882" classname="com.HRM.testcases.PIMPageTest"/>
  <testcase name="verifyTrackersMenuTest" time="2.843" classname="com.HRM.testcases.PerformancePageTest"/>
  <testcase name="verifyCandidatesMenuTest" time="1.733" classname="com.HRM.testcases.RecruitmentPageTest"/>
  <testcase name="verifyEmployeeTimeSheetsMenuTest" time="1.536" classname="com.HRM.testcases.TimePageTest"/>
  <testcase name="verifyDeleteRoleTest" time="0.213" classname="com.HRM.testcases.UsersPageTest"/>
  <testcase name="verifyAdminHomePageUserTest" time="0.055" classname="com.HRM.testcases.AdminHomePageTest"/>
  <testcase name="verifyJobTitlesMenuTest" time="1.524" classname="com.HRM.testcases.AdminModulePageTest"/>
  <testcase name="verifyEmployeeEntitlementsMenuTest" time="2.394" classname="com.HRM.testcases.LeavePageTest"/>
  <testcase name="verifyAdminCredintialsTest" time="2.926" classname="com.HRM.testcases.LoginPageTest"/>
  <testcase name="verifyCustomFieldsMenuTest" time="2.35" classname="com.HRM.testcases.PIMPageTest"/>
  <testcase name="verifyManageReviewsMenuTest" time="3.161" classname="com.HRM.testcases.PerformancePageTest"/>
  <testcase name="verifyVacanciesMenuTest" time="1.558" classname="com.HRM.testcases.RecruitmentPageTest"/>
  <testcase name="verifyEmployeeRecordsMenuTest" time="2.042" classname="com.HRM.testcases.TimePageTest"/>
  <testcase name="verifyUserRoleDataTest" time="0.5" classname="com.HRM.testcases.UsersPageTest"/>
  <testcase name="verifyAdminAboutLinkTest" time="2.694" classname="com.HRM.testcases.AdminHomePageTest"/>
  <testcase name="verifyPayGradesMenuTest" time="2.404" classname="com.HRM.testcases.AdminModulePageTest"/>
  <testcase name="verifyLeaveUsageReportMenuTest" time="1.73" classname="com.HRM.testcases.LeavePageTest"/>
  <testcase name="verifyUserCredintialsTest" time="1.578" classname="com.HRM.testcases.LoginPageTest"/>
  <testcase name="verifyEmpDataImportMenuTest" time="1.761" classname="com.HRM.testcases.PIMPageTest"/>
  <testcase name="verifyEmployeeTrackersMenuTest" time="3.497" classname="com.HRM.testcases.PerformancePageTest"/>
  <testcase name="verifyAttendenceConfigMenuTest" time="1.314" classname="com.HRM.testcases.TimePageTest"/>
  <testcase name="verifyAdminChangePasswordLinkTest" time="0.148" classname="com.HRM.testcases.AdminHomePageTest"/>
  <testcase name="verifyEmploymentStatusMenuTest" time="1.652" classname="com.HRM.testcases.AdminModulePageTest"/>
  <testcase name="verifyJobCategoriesMenuTest" time="2.023" classname="com.HRM.testcases.AdminModulePageTest"/>
  <testcase name="verifyWorkShiftsMenuTest" time="2.316" classname="com.HRM.testcases.AdminModulePageTest"/>
  <testcase name="verifyLeavePeriodMenuTest" time="1.284" classname="com.HRM.testcases.LeavePageTest"/>
  <testcase name="verifyReportingMethodsMenuTest" time="2.166" classname="com.HRM.testcases.PIMPageTest"/>
  <testcase name="verifyProjectReportsMenuTest" time="1.77" classname="com.HRM.testcases.TimePageTest"/>
  <testcase name="verifyAdminLogoutLinkTest" time="2.873" classname="com.HRM.testcases.AdminHomePageTest">
    <failure type="org.openqa.selenium.ElementNotVisibleException" message="element not visible
  (Session info: chrome=66.0.3359.139)
  (Driver info: chromedriver=2.36.540470 (e522d04694c7ebea4ba8821272dbef4f9b818c91),platform=Windows NT 6.2.9200 x86) (WARNING: The server did not provide any stacktrace information)
Command duration or timeout: 0 milliseconds
Build info: version: &amp;apos;3.5.3&amp;apos;, revision: &amp;apos;a88d25fe6b&amp;apos;, time: &amp;apos;2017-08-29T12:42:44.417Z&amp;apos;
System info: host: &amp;apos;VEERANTI&amp;apos;, ip: &amp;apos;192.168.0.15&amp;apos;, os.name: &amp;apos;Windows 8&amp;apos;, os.arch: &amp;apos;x86&amp;apos;, os.version: &amp;apos;6.2&amp;apos;, java.version: &amp;apos;1.8.0_71&amp;apos;
Driver info: org.openqa.selenium.chrome.ChromeDriver
Capabilities [{mobileEmulationEnabled=false, hasTouchScreen=false, platform=WIN8, acceptSslCerts=false, acceptInsecureCerts=false, webStorageEnabled=true, browserName=chrome, takesScreenshot=true, javascriptEnabled=true, platformName=WIN8, setWindowRect=true, unexpectedAlertBehaviour=, applicationCacheEnabled=false, rotatable=false, networkConnectionEnabled=false, chrome={chromedriverVersion=2.36.540470 (e522d04694c7ebea4ba8821272dbef4f9b818c91), userDataDir=C:\Users\ramya\AppData\Local\Temp\scoped_dir4204_21486}, takesHeapSnapshot=true, pageLoadStrategy=normal, unhandledPromptBehavior=, databaseEnabled=false, handlesAlerts=true, version=66.0.3359.139, browserConnectionEnabled=false, nativeEvents=true, locationContextEnabled=true, cssSelectorsEnabled=true}]
Session ID: 90483a3f35c9d1008069c214ea756a17">
      <![CDATA[org.openqa.selenium.ElementNotVisibleException: element not visible
  (Session info: chrome=66.0.3359.139)
  (Driver info: chromedriver=2.36.540470 (e522d04694c7ebea4ba8821272dbef4f9b818c91),platform=Windows NT 6.2.9200 x86) (WARNING: The server did not provide any stacktrace information)
Command duration or timeout: 0 milliseconds
Build info: version: '3.5.3', revision: 'a88d25fe6b', time: '2017-08-29T12:42:44.417Z'
System info: host: 'VEERANTI', ip: '192.168.0.15', os.name: 'Windows 8', os.arch: 'x86', os.version: '6.2', java.version: '1.8.0_71'
Driver info: org.openqa.selenium.chrome.ChromeDriver
Capabilities [{mobileEmulationEnabled=false, hasTouchScreen=false, platform=WIN8, acceptSslCerts=false, acceptInsecureCerts=false, webStorageEnabled=true, browserName=chrome, takesScreenshot=true, javascriptEnabled=true, platformName=WIN8, setWindowRect=true, unexpectedAlertBehaviour=, applicationCacheEnabled=false, rotatable=false, networkConnectionEnabled=false, chrome={chromedriverVersion=2.36.540470 (e522d04694c7ebea4ba8821272dbef4f9b818c91), userDataDir=C:\Users\ramya\AppData\Local\Temp\scoped_dir4204_21486}, takesHeapSnapshot=true, pageLoadStrategy=normal, unhandledPromptBehavior=, databaseEnabled=false, handlesAlerts=true, version=66.0.3359.139, browserConnectionEnabled=false, nativeEvents=true, locationContextEnabled=true, cssSelectorsEnabled=true}]
Session ID: 90483a3f35c9d1008069c214ea756a17
	at org.openqa.selenium.remote.ErrorHandler.createThrowable(ErrorHandler.java:215)
	at org.openqa.selenium.remote.ErrorHandler.throwIfResponseFailed(ErrorHandler.java:167)
	at org.openqa.selenium.remote.http.JsonHttpResponseCodec.reconstructValue(JsonHttpResponseCodec.java:40)
	at org.openqa.selenium.remote.http.AbstractHttpResponseCodec.decode(AbstractHttpResponseCodec.java:82)
	at org.openqa.selenium.remote.http.AbstractHttpResponseCodec.decode(AbstractHttpResponseCodec.java:45)
	at org.openqa.selenium.remote.HttpCommandExecutor.execute(HttpCommandExecutor.java:164)
	at org.openqa.selenium.remote.service.DriverCommandExecutor.execute(DriverCommandExecutor.java:82)
	at org.openqa.selenium.remote.RemoteWebDriver.execute(RemoteWebDriver.java:646)
	at org.openqa.selenium.remote.RemoteWebElement.execute(RemoteWebElement.java:275)
	at org.openqa.selenium.remote.RemoteWebElement.click(RemoteWebElement.java:82)
	at org.openqa.selenium.support.events.EventFiringWebDriver$EventFiringWebElement$1.invoke(EventFiringWebDriver.java:350)
	at com.sun.proxy.$Proxy12.click(Unknown Source)
	at org.openqa.selenium.support.events.EventFiringWebDriver$EventFiringWebElement.click(EventFiringWebDriver.java:363)
	at org.openqa.selenium.support.pagefactory.internal.LocatingElementHandler.invoke(LocatingElementHandler.java:51)
	at com.sun.proxy.$Proxy11.click(Unknown Source)
	at com.HRM.pages.AdminHomePage.clickOnLogoutLink(AdminHomePage.java:96)
	at com.HRM.testcases.AdminHomePageTest.verifyAdminLogoutLinkTest(AdminHomePageTest.java:73)
... Removed 35 stack frames]]>
    </failure>
  </testcase> <!-- verifyAdminLogoutLinkTest -->
  <testcase name="verifyGeneralInfoMenuTest" time="1.937" classname="com.HRM.testcases.AdminModulePageTest"/>
  <testcase name="verifyLeaveTypesMenuTest" time="1.306" classname="com.HRM.testcases.LeavePageTest"/>
  <testcase name="verifyTerminationsReasonsMenuTest" time="2.285" classname="com.HRM.testcases.PIMPageTest"/>
  <testcase name="verifyEmployeeReportsMenuTest" time="1.582" classname="com.HRM.testcases.TimePageTest"/>
  <testcase name="verifyAdminPageLinkTest" time="2.758" classname="com.HRM.testcases.AdminHomePageTest"/>
  <testcase name="verifyLocationsMenuTest" time="3.574" classname="com.HRM.testcases.AdminModulePageTest"/>
  <testcase name="verifyWorkWeekPageMenuTest" time="1.52" classname="com.HRM.testcases.LeavePageTest"/>
  <testcase name="verifyEmployeeListMenuTest" time="1.382" classname="com.HRM.testcases.PIMPageTest"/>
  <testcase name="verifyAttendanceSummaryMenuTest" time="1.526" classname="com.HRM.testcases.TimePageTest"/>
  <testcase name="verifyPIMPageLinkTest" time="2.471" classname="com.HRM.testcases.AdminHomePageTest"/>
  <testcase name="verifyStructureMenuTest" time="2.094" classname="com.HRM.testcases.AdminModulePageTest"/>
  <testcase name="verifyHolidaysMenuTest" time="12.433" classname="com.HRM.testcases.LeavePageTest"/>
  <testcase name="verifyAddEmployeeMenuTest" time="2.11" classname="com.HRM.testcases.PIMPageTest"/>
  <testcase name="verifyCustomersMenuTest" time="2.242" classname="com.HRM.testcases.TimePageTest"/>
  <testcase name="verifyLeavePageLinkTest" time="2.86" classname="com.HRM.testcases.AdminHomePageTest"/>
  <testcase name="verifySkillsMenuTest" time="2.61" classname="com.HRM.testcases.AdminModulePageTest"/>
  <testcase name="verifyLeaveLeaveListMenuTest" time="1.229" classname="com.HRM.testcases.LeavePageTest"/>
  <testcase name="verifyReportsMenuTest" time="1.619" classname="com.HRM.testcases.PIMPageTest"/>
  <testcase name="verifyProjectsMenuTest" time="1.425" classname="com.HRM.testcases.TimePageTest"/>
  <testcase name="verifyTimePageLinkTest" time="3.538" classname="com.HRM.testcases.AdminHomePageTest"/>
  <testcase name="verifyEducationMenuTest" time="3.394" classname="com.HRM.testcases.AdminModulePageTest"/>
  <testcase name="verifyAssignLeaveMenuTest" time="4.851" classname="com.HRM.testcases.LeavePageTest"/>
  <testcase name="verifyRecruitmentPageLinkTest" time="3.734" classname="com.HRM.testcases.AdminHomePageTest"/>
  <testcase name="verifyLicensesMenuTest" time="2.513" classname="com.HRM.testcases.AdminModulePageTest"/>
  <testcase name="verifyPerformancePageLinkTest" time="0.134" classname="com.HRM.testcases.AdminHomePageTest"/>
  <testcase name="verifyLanguagesMenuTest" time="2.713" classname="com.HRM.testcases.AdminModulePageTest"/>
  <testcase name="verifyAdminDashboardLinkTest" time="3.058" classname="com.HRM.testcases.AdminHomePageTest"/>
  <testcase name="verifyMembershipsMenuTest" time="3.501" classname="com.HRM.testcases.AdminModulePageTest"/>
  <testcase name="verifyDirectoryPageLinkTest" time="4.164" classname="com.HRM.testcases.AdminHomePageTest"/>
  <testcase name="verifyNationalitiesMenuTest" time="2.913" classname="com.HRM.testcases.AdminModulePageTest"/>
  <testcase name="verifyEmailConfigMenuTest" time="1.966" classname="com.HRM.testcases.AdminModulePageTest"/>
  <testcase name="verifyEmailNotifyMenuTest" time="2.687" classname="com.HRM.testcases.AdminModulePageTest"/>
  <testcase name="verifyLocalizationMenuTest" time="1.634" classname="com.HRM.testcases.AdminModulePageTest"/>
  <testcase name="verifyModulesMenuTest" time="1.999" classname="com.HRM.testcases.AdminModulePageTest"/>
  <testcase name="verifySocialMediaMenuTest" time="3.552" classname="com.HRM.testcases.AdminModulePageTest"/>
  <testcase name="verifyOAuthClientMenuTest" time="3.163" classname="com.HRM.testcases.AdminModulePageTest"/>
</testsuite> <!-- Orange HRM Test Cases -->
